Args in experiment:
Namespace(is_training=1, train_only=False, model_id='DLinear_32_48', model='DLinear', data='ActivityBehavioral', root_path='/cs/student/projects1/aibh/2024/gcosta/mpci_data/', data_path='session_5ea6bb9b-6163-4e8a-816b-efe7002666b0_7000_pseudo_passive.h5', features='M', target='OT', freq='h', checkpoints='./checkpoints/', seq_len=32, label_len=16, pred_len=48, individual=False, embed_type=0, enc_in=7000, dec_in=7, c_out=7000, d_model=512, n_heads=8, e_layers=2, d_layers=1, d_ff=2048, moving_avg=25, factor=1, distil=True, dropout=0.05, embed='timeF', activation='gelu', output_attention=False, do_predict=False, num_workers=5, itr=1, train_epochs=10, batch_size=8, patience=3, learning_rate=0.0001, des='Exp', experiment_name='ActivityLongBehavioral7000NPseudo', loss='mae', lradj='type1', use_amp=False, use_gpu=True, gpu=0, use_multi_gpu=False, devices='0,1,2,3', test_flop=False, feature_idx=69)
Use GPU: cuda:0
>>>>>>>start training : DLinear_32_48_DLinear_ActivityBehavioral_ftM_sl32_ll16_pl48_dm512_nh8_el2_dl1_df2048_fc1_ebtimeF_dtTrue_Exp_0>>>>>>>>>>>>>>>>>>>>>>>>>>
Loaded preprocessed data: (22074, 7000)
Original neurons: 11393, current: 7000
Data range: 0.000 to 5658.225
=== BEHAVIORAL SPLIT ANALYSIS ===
Total recording: 22074 timesteps (4513.4 seconds)
Active period: 0 to 18309 (3665.3 seconds)
Passive period: 18309 to 22074 (848.1 seconds)
Active/Passive ratio: 81.2% / 18.8%
Train split within active: 0 to 14647
Val split within active: 14647 to 18309
=== TRAIN SPLIT DATA ===
Split range: timesteps 0 to 14647
Split data shape: (14647, 7000)
Data statistics - Mean: 18.318, Std: 64.707
Available sequences: 14568
train 14568
Loaded preprocessed data: (22074, 7000)
Original neurons: 11393, current: 7000
Data range: 0.000 to 5658.225
=== VALIDATION SPLIT DATA ===
Split range: timesteps 14647 to 18309
Split data shape: (3662, 7000)
Data statistics - Mean: 19.319, Std: 70.568
Available sequences: 3583
val 3583
Loaded preprocessed data: (22074, 7000)
Original neurons: 11393, current: 7000
Data range: 0.000 to 5658.225
=== TEST (PASSIVE) SPLIT DATA ===
Split range: timesteps 18309 to 22074
Split data shape: (3765, 7000)
Data statistics - Mean: 22.738, Std: 79.591
Available sequences: 3686
test 3686
Epoch: 1 cost time: 18.97299599647522
Epoch: 1, Steps: 1821 | Train Loss: 18.9936882 Vali Loss: 18.3748436 Test Loss: 22.0872555
Validation loss decreased (inf --> 18.374844).  Saving model ...
Updating learning rate to 0.0001
Epoch: 2 cost time: 18.89005470275879
Epoch: 2, Steps: 1821 | Train Loss: 17.2429202 Vali Loss: 18.1171494 Test Loss: 21.7273445
Validation loss decreased (18.374844 --> 18.117149).  Saving model ...
Updating learning rate to 5e-05
Epoch: 3 cost time: 18.713905572891235
Epoch: 3, Steps: 1821 | Train Loss: 17.1197372 Vali Loss: 18.0632362 Test Loss: 21.6491261
Validation loss decreased (18.117149 --> 18.063236).  Saving model ...
Updating learning rate to 2.5e-05
Epoch: 4 cost time: 19.194288730621338
Epoch: 4, Steps: 1821 | Train Loss: 17.0842079 Vali Loss: 18.0399551 Test Loss: 21.6271877
Validation loss decreased (18.063236 --> 18.039955).  Saving model ...
Updating learning rate to 1.25e-05
Epoch: 5 cost time: 19.37166118621826
Epoch: 5, Steps: 1821 | Train Loss: 17.0697338 Vali Loss: 18.0327644 Test Loss: 21.6076126
Validation loss decreased (18.039955 --> 18.032764).  Saving model ...
Updating learning rate to 6.25e-06
Epoch: 6 cost time: 19.407455444335938
Epoch: 6, Steps: 1821 | Train Loss: 17.0631132 Vali Loss: 18.0249004 Test Loss: 21.6028652
Validation loss decreased (18.032764 --> 18.024900).  Saving model ...
Updating learning rate to 3.125e-06
Epoch: 7 cost time: 20.032106161117554
Epoch: 7, Steps: 1821 | Train Loss: 17.0599133 Vali Loss: 18.0259190 Test Loss: 21.6028519
EarlyStopping counter: 1 out of 3
Updating learning rate to 1.5625e-06
Epoch: 8 cost time: 19.97771716117859
Epoch: 8, Steps: 1821 | Train Loss: 17.0583341 Vali Loss: 18.0259190 Test Loss: 21.6005592
EarlyStopping counter: 2 out of 3
Updating learning rate to 7.8125e-07
Epoch: 9 cost time: 20.745274305343628
Epoch: 9, Steps: 1821 | Train Loss: 17.0575512 Vali Loss: 18.0254421 Test Loss: 21.6004944
EarlyStopping counter: 3 out of 3
Early stopping
>>>>>>>testing : DLinear_32_48_DLinear_ActivityBehavioral_ftM_sl32_ll16_pl48_dm512_nh8_el2_dl1_df2048_fc1_ebtimeF_dtTrue_Exp_0<<<<<<<<<<<<<<<<<<<<<<<<<<<<<<<<<
Loaded preprocessed data: (22074, 7000)
Original neurons: 11393, current: 7000
Data range: 0.000 to 5658.225
=== TEST (PASSIVE) SPLIT DATA ===
Split range: timesteps 18309 to 22074
Split data shape: (3765, 7000)
Data statistics - Mean: 22.738, Std: 79.591
Available sequences: 3686
test 3686
mse:6047.576171875, mae:21.603830337524414
