Args in experiment:
Namespace(is_training=1, train_only=False, model_id='Linear_32_48', model='Linear', data='ActivityBehavioral', root_path='/cs/student/projects1/aibh/2024/gcosta/mpci_data/', data_path='session_5ea6bb9b-6163-4e8a-816b-efe7002666b0_7000_pseudo_passive.h5', features='M', target='OT', freq='h', checkpoints='./checkpoints/', seq_len=32, label_len=16, pred_len=48, individual=False, embed_type=0, enc_in=7000, dec_in=7, c_out=7000, d_model=512, n_heads=8, e_layers=2, d_layers=1, d_ff=2048, moving_avg=25, factor=1, distil=True, dropout=0.05, embed='timeF', activation='gelu', output_attention=False, do_predict=False, num_workers=5, itr=1, train_epochs=10, batch_size=8, patience=3, learning_rate=0.0001, des='Exp', experiment_name='ActivityLongBehavioral7000NPseudo', loss='mae', lradj='type1', use_amp=False, use_gpu=True, gpu=0, use_multi_gpu=False, devices='0,1,2,3', test_flop=False, feature_idx=69)
Use GPU: cuda:0
>>>>>>>start training : Linear_32_48_Linear_ActivityBehavioral_ftM_sl32_ll16_pl48_dm512_nh8_el2_dl1_df2048_fc1_ebtimeF_dtTrue_Exp_0>>>>>>>>>>>>>>>>>>>>>>>>>>
Loaded preprocessed data: (22074, 7000)
Original neurons: 11393, current: 7000
Data range: 0.000 to 5658.225
=== BEHAVIORAL SPLIT ANALYSIS ===
Total recording: 22074 timesteps (4513.4 seconds)
Active period: 0 to 18309 (3665.3 seconds)
Passive period: 18309 to 22074 (848.1 seconds)
Active/Passive ratio: 81.2% / 18.8%
Train split within active: 0 to 14647
Val split within active: 14647 to 18309
=== TRAIN SPLIT DATA ===
Split range: timesteps 0 to 14647
Split data shape: (14647, 7000)
Data statistics - Mean: 18.318, Std: 64.707
Available sequences: 14568
train 14568
Loaded preprocessed data: (22074, 7000)
Original neurons: 11393, current: 7000
Data range: 0.000 to 5658.225
=== VALIDATION SPLIT DATA ===
Split range: timesteps 14647 to 18309
Split data shape: (3662, 7000)
Data statistics - Mean: 19.319, Std: 70.568
Available sequences: 3583
val 3583
Loaded preprocessed data: (22074, 7000)
Original neurons: 11393, current: 7000
Data range: 0.000 to 5658.225
=== TEST (PASSIVE) SPLIT DATA ===
Split range: timesteps 18309 to 22074
Split data shape: (3765, 7000)
Data statistics - Mean: 22.738, Std: 79.591
Available sequences: 3686
test 3686
Epoch: 1 cost time: 18.365824460983276
Epoch: 1, Steps: 1821 | Train Loss: 19.2121852 Vali Loss: 18.8401852 Test Loss: 22.7167778
Validation loss decreased (inf --> 18.840185).  Saving model ...
Updating learning rate to 0.0001
Epoch: 2 cost time: 18.67946767807007
Epoch: 2, Steps: 1821 | Train Loss: 17.5859860 Vali Loss: 18.3953781 Test Loss: 22.0856915
Validation loss decreased (18.840185 --> 18.395378).  Saving model ...
Updating learning rate to 5e-05
Epoch: 3 cost time: 18.205575466156006
Epoch: 3, Steps: 1821 | Train Loss: 17.3644988 Vali Loss: 18.2993050 Test Loss: 21.9476433
Validation loss decreased (18.395378 --> 18.299305).  Saving model ...
Updating learning rate to 2.5e-05
Epoch: 4 cost time: 18.274644374847412
Epoch: 4, Steps: 1821 | Train Loss: 17.2982189 Vali Loss: 18.2562218 Test Loss: 21.8919773
Validation loss decreased (18.299305 --> 18.256222).  Saving model ...
Updating learning rate to 1.25e-05
Epoch: 5 cost time: 18.470256090164185
Epoch: 5, Steps: 1821 | Train Loss: 17.2691765 Vali Loss: 18.2349644 Test Loss: 21.8675861
Validation loss decreased (18.256222 --> 18.234964).  Saving model ...
Updating learning rate to 6.25e-06
Epoch: 6 cost time: 18.7107150554657
Epoch: 6, Steps: 1821 | Train Loss: 17.2554865 Vali Loss: 18.2272034 Test Loss: 21.8589191
Validation loss decreased (18.234964 --> 18.227203).  Saving model ...
Updating learning rate to 3.125e-06
Epoch: 7 cost time: 18.74923586845398
Epoch: 7, Steps: 1821 | Train Loss: 17.2488388 Vali Loss: 18.2174721 Test Loss: 21.8515453
Validation loss decreased (18.227203 --> 18.217472).  Saving model ...
Updating learning rate to 1.5625e-06
Epoch: 8 cost time: 18.748374700546265
Epoch: 8, Steps: 1821 | Train Loss: 17.2455798 Vali Loss: 18.2194614 Test Loss: 21.8479061
EarlyStopping counter: 1 out of 3
Updating learning rate to 7.8125e-07
Epoch: 9 cost time: 18.88040542602539
Epoch: 9, Steps: 1821 | Train Loss: 17.2439626 Vali Loss: 18.2186813 Test Loss: 21.8468018
EarlyStopping counter: 2 out of 3
Updating learning rate to 3.90625e-07
Epoch: 10 cost time: 17.238609790802002
Epoch: 10, Steps: 1821 | Train Loss: 17.2431570 Vali Loss: 18.2157917 Test Loss: 21.8459568
Validation loss decreased (18.217472 --> 18.215792).  Saving model ...
Updating learning rate to 1.953125e-07
>>>>>>>testing : Linear_32_48_Linear_ActivityBehavioral_ftM_sl32_ll16_pl48_dm512_nh8_el2_dl1_df2048_fc1_ebtimeF_dtTrue_Exp_0<<<<<<<<<<<<<<<<<<<<<<<<<<<<<<<<<
Loaded preprocessed data: (22074, 7000)
Original neurons: 11393, current: 7000
Data range: 0.000 to 5658.225
=== TEST (PASSIVE) SPLIT DATA ===
Split range: timesteps 18309 to 22074
Split data shape: (3765, 7000)
Data statistics - Mean: 22.738, Std: 79.591
Available sequences: 3686
test 3686
