Args in experiment:
Namespace(is_training=1, train_only=False, model_id='TSMixer_32_48', model='TSMixer', data='ActivityBehavioral', root_path='/cs/student/projects1/aibh/2024/gcosta/mpci_data/', data_path='session_5ea6bb9b-6163-4e8a-816b-efe7002666b0_7000_pseudo_passive.h5', features='M', target='OT', freq='h', checkpoints='./checkpoints/', seq_len=32, label_len=16, pred_len=48, individual=False, embed_type=0, enc_in=7000, dec_in=7, c_out=7000, d_model=512, n_heads=8, e_layers=2, d_layers=1, d_ff=2048, moving_avg=25, factor=1, distil=True, dropout=0.05, embed='timeF', activation='gelu', output_attention=False, do_predict=False, num_workers=5, itr=1, train_epochs=10, batch_size=8, patience=3, learning_rate=0.0001, des='Exp', experiment_name='ActivityLongBehavioral7000NPseudo', loss='mae', lradj='type1', use_amp=False, use_gpu=True, gpu=0, use_multi_gpu=False, devices='0,1,2,3', test_flop=False, feature_idx=69)
Use GPU: cuda:0
>>>>>>>start training : TSMixer_32_48_TSMixer_ActivityBehavioral_ftM_sl32_ll16_pl48_dm512_nh8_el2_dl1_df2048_fc1_ebtimeF_dtTrue_Exp_0>>>>>>>>>>>>>>>>>>>>>>>>>>
Loaded preprocessed data: (22074, 7000)
Original neurons: 11393, current: 7000
Data range: 0.000 to 5658.225
=== BEHAVIORAL SPLIT ANALYSIS ===
Total recording: 22074 timesteps (4513.4 seconds)
Active period: 0 to 18309 (3665.3 seconds)
Passive period: 18309 to 22074 (848.1 seconds)
Active/Passive ratio: 81.2% / 18.8%
Train split within active: 0 to 14647
Val split within active: 14647 to 18309
=== TRAIN SPLIT DATA ===
Split range: timesteps 0 to 14647
Split data shape: (14647, 7000)
Data statistics - Mean: 18.318, Std: 64.707
Available sequences: 14568
train 14568
Loaded preprocessed data: (22074, 7000)
Original neurons: 11393, current: 7000
Data range: 0.000 to 5658.225
=== VALIDATION SPLIT DATA ===
Split range: timesteps 14647 to 18309
Split data shape: (3662, 7000)
Data statistics - Mean: 19.319, Std: 70.568
Available sequences: 3583
val 3583
Loaded preprocessed data: (22074, 7000)
Original neurons: 11393, current: 7000
Data range: 0.000 to 5658.225
=== TEST (PASSIVE) SPLIT DATA ===
Split range: timesteps 18309 to 22074
Split data shape: (3765, 7000)
Data statistics - Mean: 22.738, Std: 79.591
Available sequences: 3686
test 3686
Epoch: 1 cost time: 56.87980079650879
Epoch: 1, Steps: 1821 | Train Loss: 18.7875606 Vali Loss: 18.4156303 Test Loss: 22.2400703
Validation loss decreased (inf --> 18.415630).  Saving model ...
Updating learning rate to 0.0001
Epoch: 2 cost time: 58.31297445297241
Epoch: 2, Steps: 1821 | Train Loss: 17.0387935 Vali Loss: 18.2584019 Test Loss: 22.0863152
Validation loss decreased (18.415630 --> 18.258402).  Saving model ...
Updating learning rate to 5e-05
Epoch: 3 cost time: 50.660897970199585
Epoch: 3, Steps: 1821 | Train Loss: 16.6837624 Vali Loss: 18.2588596 Test Loss: 22.1056938
EarlyStopping counter: 1 out of 3
Updating learning rate to 2.5e-05
Epoch: 4 cost time: 58.95465087890625
Epoch: 4, Steps: 1821 | Train Loss: 16.5357118 Vali Loss: 18.2875938 Test Loss: 22.1557026
EarlyStopping counter: 2 out of 3
Updating learning rate to 1.25e-05
Epoch: 5 cost time: 61.39223670959473
Epoch: 5, Steps: 1821 | Train Loss: 16.4651182 Vali Loss: 18.2989273 Test Loss: 22.1769085
EarlyStopping counter: 3 out of 3
Early stopping
>>>>>>>testing : TSMixer_32_48_TSMixer_ActivityBehavioral_ftM_sl32_ll16_pl48_dm512_nh8_el2_dl1_df2048_fc1_ebtimeF_dtTrue_Exp_0<<<<<<<<<<<<<<<<<<<<<<<<<<<<<<<<<
Loaded preprocessed data: (22074, 7000)
Original neurons: 11393, current: 7000
Data range: 0.000 to 5658.225
=== TEST (PASSIVE) SPLIT DATA ===
Split range: timesteps 18309 to 22074
Split data shape: (3765, 7000)
Data statistics - Mean: 22.738, Std: 79.591
Available sequences: 3686
test 3686
mse:5887.64013671875, mae:22.087377548217773
