Args in experiment:
Namespace(is_training=1, model_id='DLinear_336_8', model='DLinear', data='Activity', root_path='./dataset/', data_path='activity_raw.csv', features='M', target='OT', freq='h', checkpoints='./checkpoints/', seq_len=336, label_len=48, pred_len=8, individual=False, embed_type=0, enc_in=5000, dec_in=7, c_out=7, d_model=512, n_heads=8, e_layers=2, d_layers=1, d_ff=2048, moving_avg=25, factor=1, distil=True, dropout=0.1, embed='timeF', activation='gelu', output_attention=False, do_predict=False, num_workers=10, itr=1, train_epochs=10, batch_size=32, patience=3, learning_rate=0.0005, des='Exp', loss='mse', lradj='type1', use_amp=False, use_gpu=True, gpu=0, use_multi_gpu=False, devices='0,1,2,3', test_flop=False)
Use GPU: cuda:0
>>>>>>>start training : DLinear_336_8_DLinear_Activity_ftM_sl336_ll48_pl8_dm512_nh8_el2_dl1_df2048_fc1_ebtimeF_dtTrue_Exp_0>>>>>>>>>>>>>>>>>>>>>>>>>>
Raw fluorescence range: -501.0 to 28183.4
ﾎ認/F range: -1.343 to 7191.000
Active neuron filtering: 6901 active neurons out of 7673 total
Selected top 5000 neurons out of 6901 active neurons
Final data range after clipping: -1.000 to 10.000
Final dataset shape: (13357, 5000)
Final data statistics - Mean: 0.317, Std: 0.333
train 13014
Raw fluorescence range: -501.0 to 28183.4
ﾎ認/F range: -1.343 to 7191.000
Active neuron filtering: 6901 active neurons out of 7673 total
Selected top 5000 neurons out of 6901 active neurons
Final data range after clipping: -1.000 to 10.000
Final dataset shape: (2244, 5000)
Final data statistics - Mean: 0.444, Std: 0.354
val 1901
Raw fluorescence range: -501.0 to 28183.4
ﾎ認/F range: -1.343 to 7191.000
Active neuron filtering: 6901 active neurons out of 7673 total
Selected top 5000 neurons out of 6901 active neurons
Final data range after clipping: -1.000 to 10.000
Final dataset shape: (4153, 5000)
Final data statistics - Mean: 0.266, Std: 0.332
test 3810
	iters: 100, epoch: 1 | loss: 0.0803271
	speed: 0.1267s/iter; left time: 501.9841s
	iters: 200, epoch: 1 | loss: 0.0738303
	speed: 0.1075s/iter; left time: 414.8822s
	iters: 300, epoch: 1 | loss: 0.0769440
	speed: 0.1078s/iter; left time: 405.6065s
	iters: 400, epoch: 1 | loss: 0.0821924
	speed: 0.1061s/iter; left time: 388.4988s
Epoch: 1 cost time: 44.15643072128296
Epoch: 1, Steps: 406 | Train Loss: 0.0787616 Vali Loss: 0.0926794 Test Loss: 0.0795293
Validation loss decreased (inf --> 0.092679).  Saving model ...
Updating learning rate to 0.0005
	iters: 100, epoch: 2 | loss: 0.0797097
	speed: 0.3279s/iter; left time: 1165.6431s
	iters: 200, epoch: 2 | loss: 0.0757209
	speed: 0.1082s/iter; left time: 373.8432s
	iters: 300, epoch: 2 | loss: 0.0734901
	speed: 0.1094s/iter; left time: 367.0261s
	iters: 400, epoch: 2 | loss: 0.0806256
	speed: 0.1067s/iter; left time: 347.2361s
Epoch: 2 cost time: 44.53936457633972
Epoch: 2, Steps: 406 | Train Loss: 0.0766678 Vali Loss: 0.0923239 Test Loss: 0.0795271
Validation loss decreased (0.092679 --> 0.092324).  Saving model ...
Updating learning rate to 0.00025
	iters: 100, epoch: 3 | loss: 0.0842859
	speed: 0.3281s/iter; left time: 1033.2165s
	iters: 200, epoch: 3 | loss: 0.0818193
	speed: 0.1082s/iter; left time: 329.7640s
	iters: 300, epoch: 3 | loss: 0.0749899
	speed: 0.1094s/iter; left time: 322.5845s
	iters: 400, epoch: 3 | loss: 0.0720524
	speed: 0.1066s/iter; left time: 303.6140s
Epoch: 3 cost time: 44.534977197647095
Epoch: 3, Steps: 406 | Train Loss: 0.0766027 Vali Loss: 0.0922222 Test Loss: 0.0794510
Validation loss decreased (0.092324 --> 0.092222).  Saving model ...
Updating learning rate to 0.000125
	iters: 100, epoch: 4 | loss: 0.0722598
	speed: 0.3287s/iter; left time: 901.6273s
	iters: 200, epoch: 4 | loss: 0.0856707
	speed: 0.1087s/iter; left time: 287.1949s
	iters: 300, epoch: 4 | loss: 0.0791132
	speed: 0.1098s/iter; left time: 279.2421s
	iters: 400, epoch: 4 | loss: 0.0778924
	speed: 0.1072s/iter; left time: 261.8957s
Epoch: 4 cost time: 44.73823595046997
Epoch: 4, Steps: 406 | Train Loss: 0.0765631 Vali Loss: 0.0920676 Test Loss: 0.0793459
Validation loss decreased (0.092222 --> 0.092068).  Saving model ...
Updating learning rate to 6.25e-05
	iters: 100, epoch: 5 | loss: 0.0763945
	speed: 0.3301s/iter; left time: 771.4814s
	iters: 200, epoch: 5 | loss: 0.0782120
	speed: 0.1098s/iter; left time: 245.6232s
	iters: 300, epoch: 5 | loss: 0.0745969
	speed: 0.1099s/iter; left time: 234.7718s
	iters: 400, epoch: 5 | loss: 0.0776449
	speed: 0.1081s/iter; left time: 220.0983s
Epoch: 5 cost time: 44.99302673339844
Epoch: 5, Steps: 406 | Train Loss: 0.0765348 Vali Loss: 0.0921474 Test Loss: 0.0793566
EarlyStopping counter: 1 out of 3
Updating learning rate to 3.125e-05
	iters: 100, epoch: 6 | loss: 0.0783733
	speed: 0.3307s/iter; left time: 638.5528s
	iters: 200, epoch: 6 | loss: 0.0798396
	speed: 0.1084s/iter; left time: 198.4063s
	iters: 300, epoch: 6 | loss: 0.0779597
	speed: 0.1102s/iter; left time: 190.7676s
	iters: 400, epoch: 6 | loss: 0.0796787
	speed: 0.1067s/iter; left time: 173.9744s
Epoch: 6 cost time: 44.708112478256226
Epoch: 6, Steps: 406 | Train Loss: 0.0765188 Vali Loss: 0.0921427 Test Loss: 0.0793336
EarlyStopping counter: 2 out of 3
Updating learning rate to 1.5625e-05
	iters: 100, epoch: 7 | loss: 0.0704884
	speed: 0.3294s/iter; left time: 502.3833s
	iters: 200, epoch: 7 | loss: 0.0774595
	speed: 0.1088s/iter; left time: 155.0246s
	iters: 300, epoch: 7 | loss: 0.0776848
	speed: 0.1097s/iter; left time: 145.3704s
	iters: 400, epoch: 7 | loss: 0.0705759
	speed: 0.1067s/iter; left time: 130.6863s
Epoch: 7 cost time: 44.66569447517395
Epoch: 7, Steps: 406 | Train Loss: 0.0765060 Vali Loss: 0.0920201 Test Loss: 0.0793535
Validation loss decreased (0.092068 --> 0.092020).  Saving model ...
Updating learning rate to 7.8125e-06
	iters: 100, epoch: 8 | loss: 0.0741297
	speed: 0.3254s/iter; left time: 364.1400s
	iters: 200, epoch: 8 | loss: 0.0750459
	speed: 0.1087s/iter; left time: 110.7861s
	iters: 300, epoch: 8 | loss: 0.0768162
	speed: 0.1088s/iter; left time: 100.0307s
	iters: 400, epoch: 8 | loss: 0.0752104
	speed: 0.1064s/iter; left time: 87.1669s
Epoch: 8 cost time: 44.590792417526245
Epoch: 8, Steps: 406 | Train Loss: 0.0765025 Vali Loss: 0.0920557 Test Loss: 0.0793527
EarlyStopping counter: 1 out of 3
Updating learning rate to 3.90625e-06
	iters: 100, epoch: 9 | loss: 0.0705297
	speed: 0.3305s/iter; left time: 235.6265s
	iters: 200, epoch: 9 | loss: 0.0766572
	speed: 0.1084s/iter; left time: 66.4632s
	iters: 300, epoch: 9 | loss: 0.0769415
	speed: 0.1098s/iter; left time: 56.3294s
	iters: 400, epoch: 9 | loss: 0.0780810
	speed: 0.1073s/iter; left time: 44.3116s
Epoch: 9 cost time: 44.788042306900024
Epoch: 9, Steps: 406 | Train Loss: 0.0764909 Vali Loss: 0.0920795 Test Loss: 0.0793402
EarlyStopping counter: 2 out of 3
Updating learning rate to 1.953125e-06
	iters: 100, epoch: 10 | loss: 0.0817585
	speed: 0.3310s/iter; left time: 101.6216s
	iters: 200, epoch: 10 | loss: 0.0829819
	speed: 0.1086s/iter; left time: 22.4869s
	iters: 300, epoch: 10 | loss: 0.0738582
	speed: 0.1100s/iter; left time: 11.7648s
	iters: 400, epoch: 10 | loss: 0.0757129
	speed: 0.1067s/iter; left time: 0.7471s
Epoch: 10 cost time: 44.70219111442566
Epoch: 10, Steps: 406 | Train Loss: 0.0765023 Vali Loss: 0.0920016 Test Loss: 0.0793454
Validation loss decreased (0.092020 --> 0.092002).  Saving model ...
Updating learning rate to 9.765625e-07
>>>>>>>testing : DLinear_336_8_DLinear_Activity_ftM_sl336_ll48_pl8_dm512_nh8_el2_dl1_df2048_fc1_ebtimeF_dtTrue_Exp_0<<<<<<<<<<<<<<<<<<<<<<<<<<<<<<<<<
Raw fluorescence range: -501.0 to 28183.4
ﾎ認/F range: -1.343 to 7191.000
Active neuron filtering: 6901 active neurons out of 7673 total
Selected top 5000 neurons out of 6901 active neurons
Final data range after clipping: -1.000 to 10.000
Final dataset shape: (4153, 5000)
Final data statistics - Mean: 0.266, Std: 0.332
test 3810
mse:0.07934560626745224, mae:0.18112687766551971, rse:0.8488680720329285, corr:[0.13392523 0.13423632 0.1358486  0.13818836 0.14076681 0.14331813
 0.14535674 0.14692199]
