Args in experiment:
Namespace(is_training=1, model_id='DLinear_336_8', model='DLinear', data='Activity', root_path='./dataset/', data_path='activity_raw.csv', features='M', target='OT', freq='h', checkpoints='./checkpoints/', seq_len=336, label_len=48, pred_len=8, individual=False, embed_type=0, enc_in=7673, dec_in=7, c_out=7, d_model=512, n_heads=8, e_layers=2, d_layers=1, d_ff=2048, moving_avg=25, factor=1, distil=True, dropout=0.3, embed='timeF', activation='gelu', output_attention=False, do_predict=False, num_workers=10, itr=1, train_epochs=10, batch_size=64, patience=3, learning_rate=0.0005, des='Exp', loss='mse', lradj='type1', use_amp=False, use_gpu=True, gpu=0, use_multi_gpu=False, devices='0,1,2,3', test_flop=False)
Use GPU: cuda:0
>>>>>>>start training : DLinear_336_8_DLinear_Activity_ftM_sl336_ll48_pl8_dm512_nh8_el2_dl1_df2048_fc1_ebtimeF_dtTrue_Exp_0>>>>>>>>>>>>>>>>>>>>>>>>>>
Selected top 2301 neurons (30%) out of 7673 total
train 13014
Selected top 2301 neurons (30%) out of 7673 total
val 1901
Selected top 2301 neurons (30%) out of 7673 total
test 3810
	iters: 100, epoch: 1 | loss: 0.6140345
	speed: 0.1121s/iter; left time: 216.3990s
	iters: 200, epoch: 1 | loss: 0.6060575
	speed: 0.0886s/iter; left time: 162.2780s
Epoch: 1 cost time: 18.996166706085205
Epoch: 1, Steps: 203 | Train Loss: 0.6510607 Vali Loss: 0.6804590 Test Loss: 0.6214317
Validation loss decreased (inf --> 0.680459).  Saving model ...
Updating learning rate to 0.0005
	iters: 100, epoch: 2 | loss: 0.6388586
	speed: 0.1961s/iter; left time: 338.9467s
	iters: 200, epoch: 2 | loss: 0.6336541
	speed: 0.0909s/iter; left time: 148.0188s
Epoch: 2 cost time: 19.402380228042603
Epoch: 2, Steps: 203 | Train Loss: 0.6129790 Vali Loss: 0.6784993 Test Loss: 0.6197653
Validation loss decreased (0.680459 --> 0.678499).  Saving model ...
Updating learning rate to 0.00025
	iters: 100, epoch: 3 | loss: 0.6215683
	speed: 0.1949s/iter; left time: 297.1902s
	iters: 200, epoch: 3 | loss: 0.6087171
	speed: 0.0897s/iter; left time: 127.8936s
Epoch: 3 cost time: 19.258094310760498
Epoch: 3, Steps: 203 | Train Loss: 0.6122970 Vali Loss: 0.6773236 Test Loss: 0.6194982
Validation loss decreased (0.678499 --> 0.677324).  Saving model ...
Updating learning rate to 0.000125
	iters: 100, epoch: 4 | loss: 0.6540994
	speed: 0.1960s/iter; left time: 259.1585s
	iters: 200, epoch: 4 | loss: 0.6092266
	speed: 0.0901s/iter; left time: 110.0915s
Epoch: 4 cost time: 19.380012035369873
Epoch: 4, Steps: 203 | Train Loss: 0.6122107 Vali Loss: 0.6775763 Test Loss: 0.6193952
EarlyStopping counter: 1 out of 3
Updating learning rate to 6.25e-05
	iters: 100, epoch: 5 | loss: 0.6193659
	speed: 0.1970s/iter; left time: 220.4550s
	iters: 200, epoch: 5 | loss: 0.6192469
	speed: 0.0910s/iter; left time: 92.7227s
Epoch: 5 cost time: 19.330090284347534
Epoch: 5, Steps: 203 | Train Loss: 0.6120016 Vali Loss: 0.6775768 Test Loss: 0.6192788
EarlyStopping counter: 2 out of 3
Updating learning rate to 3.125e-05
	iters: 100, epoch: 6 | loss: 0.5979924
	speed: 0.1970s/iter; left time: 180.4488s
	iters: 200, epoch: 6 | loss: 0.6200873
	speed: 0.0895s/iter; left time: 73.0653s
Epoch: 6 cost time: 19.324256896972656
Epoch: 6, Steps: 203 | Train Loss: 0.6119114 Vali Loss: 0.6767513 Test Loss: 0.6193014
Validation loss decreased (0.677324 --> 0.676751).  Saving model ...
Updating learning rate to 1.5625e-05
	iters: 100, epoch: 7 | loss: 0.6251380
	speed: 0.1932s/iter; left time: 137.7831s
	iters: 200, epoch: 7 | loss: 0.5813937
	speed: 0.0910s/iter; left time: 55.8032s
Epoch: 7 cost time: 19.30895495414734
Epoch: 7, Steps: 203 | Train Loss: 0.6118884 Vali Loss: 0.6774999 Test Loss: 0.6192885
EarlyStopping counter: 1 out of 3
Updating learning rate to 7.8125e-06
	iters: 100, epoch: 8 | loss: 0.5943270
	speed: 0.1969s/iter; left time: 100.4236s
	iters: 200, epoch: 8 | loss: 0.5937262
	speed: 0.0895s/iter; left time: 36.7112s
Epoch: 8 cost time: 19.40673851966858
Epoch: 8, Steps: 203 | Train Loss: 0.6118657 Vali Loss: 0.6771396 Test Loss: 0.6192551
EarlyStopping counter: 2 out of 3
Updating learning rate to 3.90625e-06
	iters: 100, epoch: 9 | loss: 0.6325714
	speed: 0.1976s/iter; left time: 60.6725s
	iters: 200, epoch: 9 | loss: 0.6161642
	speed: 0.0893s/iter; left time: 18.4814s
Epoch: 9 cost time: 19.303008794784546
Epoch: 9, Steps: 203 | Train Loss: 0.6117882 Vali Loss: 0.6768210 Test Loss: 0.6193228
EarlyStopping counter: 3 out of 3
Early stopping
>>>>>>>testing : DLinear_336_8_DLinear_Activity_ftM_sl336_ll48_pl8_dm512_nh8_el2_dl1_df2048_fc1_ebtimeF_dtTrue_Exp_0<<<<<<<<<<<<<<<<<<<<<<<<<<<<<<<<<
Selected top 2301 neurons (30%) out of 7673 total
test 3810
mse:0.6193013787269592, mae:0.544670820236206, rse:0.8169671297073364, corr:[0.16133682 0.15817198 0.15619646 0.15509926 0.15442944 0.15383835
 0.15318882 0.15252522]
