Args in experiment:
Namespace(is_training=1, model_id='DLinear_336_5', model='DLinear', data='Activity', root_path='./dataset/', data_path='session_0.h5', features='M', target='OT', freq='h', checkpoints='./checkpoints/', seq_len=336, label_len=48, pred_len=5, individual=False, embed_type=0, enc_in=5000, dec_in=7, c_out=7, d_model=512, n_heads=8, e_layers=2, d_layers=1, d_ff=2048, moving_avg=25, factor=1, distil=True, dropout=0.05, embed='timeF', activation='gelu', output_attention=False, do_predict=False, num_workers=10, itr=1, train_epochs=10, batch_size=32, patience=3, learning_rate=0.01, des='Exp', loss='mae', lradj='type1', use_amp=False, use_gpu=True, gpu=0, use_multi_gpu=False, devices='0,1,2,3', test_flop=False)
Use GPU: cuda:0
>>>>>>>start training : DLinear_336_5_DLinear_Activity_ftM_sl336_ll48_pl5_dm512_nh8_el2_dl1_df2048_fc1_ebtimeF_dtTrue_Exp_0>>>>>>>>>>>>>>>>>>>>>>>>>>
Loaded preprocessed data: (19081, 6903)
Original neurons: 7673, Processed neurons: 6903
Data range: 0.000 to 1.000
Selected top 5000 neurons out of 6903 preprocessed neurons
Final dataset shape: (13356, 5000)
Final data statistics - Mean: 0.347, Std: 0.149
train 13016
Loaded preprocessed data: (19081, 6903)
Original neurons: 7673, Processed neurons: 6903
Data range: 0.000 to 1.000
Selected top 5000 neurons out of 6903 preprocessed neurons
Final dataset shape: (2244, 5000)
Final data statistics - Mean: 0.380, Std: 0.158
val 1904
Loaded preprocessed data: (19081, 6903)
Original neurons: 7673, Processed neurons: 6903
Data range: 0.000 to 1.000
Selected top 5000 neurons out of 6903 preprocessed neurons
Final dataset shape: (4153, 5000)
Final data statistics - Mean: 0.326, Std: 0.144
test 3813
	iters: 100, epoch: 1 | loss: 64.2300720
	speed: 0.0862s/iter; left time: 341.3662s
	iters: 200, epoch: 1 | loss: 66.3486328
	speed: 0.0661s/iter; left time: 255.3506s
	iters: 300, epoch: 1 | loss: 62.9442177
	speed: 0.0668s/iter; left time: 251.3892s
	iters: 400, epoch: 1 | loss: 87.6552048
	speed: 0.0661s/iter; left time: 242.0047s
Epoch: 1 cost time: 27.669506549835205
Epoch: 1, Steps: 406 | Train Loss: 84.0167553 Vali Loss: 0.1057402 Test Loss: 0.0933217
Validation loss decreased (inf --> 0.105740).  Saving model ...
Updating learning rate to 0.01
	iters: 100, epoch: 2 | loss: 94.7276154
	speed: 0.2449s/iter; left time: 870.7883s
	iters: 200, epoch: 2 | loss: 80.0266495
	speed: 0.0663s/iter; left time: 228.9928s
	iters: 300, epoch: 2 | loss: 87.4360352
	speed: 0.0675s/iter; left time: 226.4090s
	iters: 400, epoch: 2 | loss: 68.8510513
	speed: 0.0658s/iter; left time: 214.3389s
Epoch: 2 cost time: 27.54460310935974
Epoch: 2, Steps: 406 | Train Loss: 83.4120958 Vali Loss: 0.0775770 Test Loss: 0.0688441
Validation loss decreased (0.105740 --> 0.077577).  Saving model ...
Updating learning rate to 0.005
	iters: 100, epoch: 3 | loss: 59.9430847
	speed: 0.2497s/iter; left time: 786.2913s
	iters: 200, epoch: 3 | loss: 60.1129684
	speed: 0.0664s/iter; left time: 202.4499s
	iters: 300, epoch: 3 | loss: 58.5057716
	speed: 0.0667s/iter; left time: 196.6328s
	iters: 400, epoch: 3 | loss: 61.4176559
	speed: 0.0666s/iter; left time: 189.7172s
Epoch: 3 cost time: 27.5290048122406
Epoch: 3, Steps: 406 | Train Loss: 59.4351461 Vali Loss: 0.0621071 Test Loss: 0.0562520
Validation loss decreased (0.077577 --> 0.062107).  Saving model ...
Updating learning rate to 0.0025
	iters: 100, epoch: 4 | loss: 60.4508362
	speed: 0.2488s/iter; left time: 682.4121s
	iters: 200, epoch: 4 | loss: 58.6667023
	speed: 0.0661s/iter; left time: 174.6442s
	iters: 300, epoch: 4 | loss: 59.3580742
	speed: 0.0665s/iter; left time: 169.1875s
	iters: 400, epoch: 4 | loss: 58.4595680
	speed: 0.0649s/iter; left time: 158.6531s
Epoch: 4 cost time: 27.39168930053711
Epoch: 4, Steps: 406 | Train Loss: 58.9112287 Vali Loss: 0.0616724 Test Loss: 0.0561734
Validation loss decreased (0.062107 --> 0.061672).  Saving model ...
Updating learning rate to 0.00125
	iters: 100, epoch: 5 | loss: 58.9257812
	speed: 0.2483s/iter; left time: 580.3835s
	iters: 200, epoch: 5 | loss: 59.0161629
	speed: 0.0668s/iter; left time: 149.4030s
	iters: 300, epoch: 5 | loss: 58.3751297
	speed: 0.0672s/iter; left time: 143.5493s
	iters: 400, epoch: 5 | loss: 59.1707420
	speed: 0.0661s/iter; left time: 134.6307s
Epoch: 5 cost time: 27.69508934020996
Epoch: 5, Steps: 406 | Train Loss: 58.8212552 Vali Loss: 0.0616221 Test Loss: 0.0559268
Validation loss decreased (0.061672 --> 0.061622).  Saving model ...
Updating learning rate to 0.000625
	iters: 100, epoch: 6 | loss: 59.8442955
	speed: 0.2492s/iter; left time: 481.1395s
	iters: 200, epoch: 6 | loss: 58.4703636
	speed: 0.0672s/iter; left time: 123.0114s
	iters: 300, epoch: 6 | loss: 58.3104744
	speed: 0.0669s/iter; left time: 115.8786s
	iters: 400, epoch: 6 | loss: 59.8171082
	speed: 0.0664s/iter; left time: 108.3789s
Epoch: 6 cost time: 27.828287839889526
Epoch: 6, Steps: 406 | Train Loss: 58.7695625 Vali Loss: 0.0616230 Test Loss: 0.0558987
EarlyStopping counter: 1 out of 3
Updating learning rate to 0.0003125
	iters: 100, epoch: 7 | loss: 56.5451508
	speed: 0.2485s/iter; left time: 378.9160s
	iters: 200, epoch: 7 | loss: 58.0678978
	speed: 0.0680s/iter; left time: 96.9188s
	iters: 300, epoch: 7 | loss: 58.9464455
	speed: 0.0680s/iter; left time: 90.0619s
	iters: 400, epoch: 7 | loss: 57.4440994
	speed: 0.0657s/iter; left time: 80.5400s
Epoch: 7 cost time: 27.82314896583557
Epoch: 7, Steps: 406 | Train Loss: 58.7450649 Vali Loss: 0.0615221 Test Loss: 0.0559021
Validation loss decreased (0.061622 --> 0.061522).  Saving model ...
Updating learning rate to 0.00015625
	iters: 100, epoch: 8 | loss: 59.3199081
	speed: 0.2533s/iter; left time: 283.4971s
	iters: 200, epoch: 8 | loss: 58.5105934
	speed: 0.0675s/iter; left time: 68.8056s
	iters: 300, epoch: 8 | loss: 57.6263847
	speed: 0.0676s/iter; left time: 62.1651s
	iters: 400, epoch: 8 | loss: 59.0680771
	speed: 0.0655s/iter; left time: 53.6573s
Epoch: 8 cost time: 27.881373167037964
Epoch: 8, Steps: 406 | Train Loss: 58.7326640 Vali Loss: 0.0615368 Test Loss: 0.0558871
EarlyStopping counter: 1 out of 3
Updating learning rate to 7.8125e-05
	iters: 100, epoch: 9 | loss: 57.4031601
	speed: 0.2480s/iter; left time: 176.8289s
	iters: 200, epoch: 9 | loss: 57.4290771
	speed: 0.0673s/iter; left time: 41.2424s
	iters: 300, epoch: 9 | loss: 56.4616241
	speed: 0.0669s/iter; left time: 34.3219s
	iters: 400, epoch: 9 | loss: 59.4570885
	speed: 0.0655s/iter; left time: 27.0624s
Epoch: 9 cost time: 27.56915807723999
Epoch: 9, Steps: 406 | Train Loss: 58.7214847 Vali Loss: 0.0615246 Test Loss: 0.0558836
EarlyStopping counter: 2 out of 3
Updating learning rate to 3.90625e-05
	iters: 100, epoch: 10 | loss: 59.4465370
	speed: 0.2499s/iter; left time: 76.7185s
	iters: 200, epoch: 10 | loss: 58.5411148
	speed: 0.0680s/iter; left time: 14.0735s
	iters: 300, epoch: 10 | loss: 59.3072586
	speed: 0.0669s/iter; left time: 7.1533s
	iters: 400, epoch: 10 | loss: 57.9707222
	speed: 0.0650s/iter; left time: 0.4553s
Epoch: 10 cost time: 27.67449951171875
Epoch: 10, Steps: 406 | Train Loss: 58.7181785 Vali Loss: 0.0615005 Test Loss: 0.0558876
Validation loss decreased (0.061522 --> 0.061501).  Saving model ...
Updating learning rate to 1.953125e-05
>>>>>>>testing : DLinear_336_5_DLinear_Activity_ftM_sl336_ll48_pl5_dm512_nh8_el2_dl1_df2048_fc1_ebtimeF_dtTrue_Exp_0<<<<<<<<<<<<<<<<<<<<<<<<<<<<<<<<<
Loaded preprocessed data: (19081, 6903)
Original neurons: 7673, Processed neurons: 6903
Data range: 0.000 to 1.000
Selected top 5000 neurons out of 6903 preprocessed neurons
Final dataset shape: (4153, 5000)
Final data statistics - Mean: 0.326, Std: 0.144
test 3813
mse:0.006523172836750746, mae:0.05588750168681145, rse:0.5637485980987549, corr:[0.2466992  0.2169967  0.17217997 0.15171626 0.14580324]
