Args in experiment:
Namespace(is_training=1, model_id='DLinear_32_5', model='DLinear', data='Activity', root_path='./dataset/', data_path='session_0.h5', features='M', target='OT', freq='h', checkpoints='./checkpoints/', seq_len=32, label_len=48, pred_len=5, individual=False, embed_type=0, enc_in=2000, dec_in=7, c_out=7, d_model=512, n_heads=8, e_layers=2, d_layers=1, d_ff=2048, moving_avg=25, factor=1, distil=True, dropout=0.05, embed='timeF', activation='gelu', output_attention=False, do_predict=False, num_workers=0, itr=1, train_epochs=10, batch_size=8, patience=3, learning_rate=0.01, des='Exp', loss='mse', lradj='type1', use_amp=False, use_gpu=True, gpu=0, use_multi_gpu=False, devices='0,1,2,3', test_flop=False)
Use GPU: cuda:0
>>>>>>>start training : DLinear_32_5_DLinear_Activity_ftM_sl32_ll48_pl5_dm512_nh8_el2_dl1_df2048_fc1_ebtimeF_dtTrue_Exp_0>>>>>>>>>>>>>>>>>>>>>>>>>>
Warning: label_len (48) > seq_len (32). Setting label_len = seq_len // 2 = 16
Loaded preprocessed data: (19081, 6903)
Original neurons: 7673, Processed neurons: 6903
Data range: 0.000 to 1.000
Selected top 2000 neurons out of 6903 preprocessed neurons
Final dataset shape: (13356, 2000)
Final data statistics - Mean: 0.336, Std: 0.166
train 13320
Warning: label_len (48) > seq_len (32). Setting label_len = seq_len // 2 = 16
Loaded preprocessed data: (19081, 6903)
Original neurons: 7673, Processed neurons: 6903
Data range: 0.000 to 1.000
Selected top 2000 neurons out of 6903 preprocessed neurons
Final dataset shape: (1908, 2000)
Final data statistics - Mean: 0.363, Std: 0.175
val 1872
Warning: label_len (48) > seq_len (32). Setting label_len = seq_len // 2 = 16
Loaded preprocessed data: (19081, 6903)
Original neurons: 7673, Processed neurons: 6903
Data range: 0.000 to 1.000
Selected top 2000 neurons out of 6903 preprocessed neurons
Final dataset shape: (3849, 2000)
Final data statistics - Mean: 0.299, Std: 0.151
test 3813
	iters: 100, epoch: 1 | loss: 8.8572807
	speed: 0.0126s/iter; left time: 208.1196s
	iters: 200, epoch: 1 | loss: 7.2515726
	speed: 0.0022s/iter; left time: 35.5097s
	iters: 300, epoch: 1 | loss: 8.2022781
	speed: 0.0029s/iter; left time: 47.1135s
	iters: 400, epoch: 1 | loss: 8.7297297
	speed: 0.0027s/iter; left time: 43.8600s
	iters: 500, epoch: 1 | loss: 7.3437452
	speed: 0.0022s/iter; left time: 35.4552s
	iters: 600, epoch: 1 | loss: 8.4106998
	speed: 0.0022s/iter; left time: 34.7353s
	iters: 700, epoch: 1 | loss: 8.1020193
	speed: 0.0032s/iter; left time: 50.6740s
	iters: 800, epoch: 1 | loss: 8.0561228
	speed: 0.0031s/iter; left time: 49.6170s
	iters: 900, epoch: 1 | loss: 6.7999463
	speed: 0.0035s/iter; left time: 55.4526s
	iters: 1000, epoch: 1 | loss: 7.3677015
	speed: 0.0035s/iter; left time: 55.4317s
	iters: 1100, epoch: 1 | loss: 7.8351665
	speed: 0.0035s/iter; left time: 55.0372s
	iters: 1200, epoch: 1 | loss: 7.4424686
	speed: 0.0035s/iter; left time: 54.2579s
	iters: 1300, epoch: 1 | loss: 8.1473646
	speed: 0.0035s/iter; left time: 53.9393s
	iters: 1400, epoch: 1 | loss: 7.1225133
	speed: 0.0035s/iter; left time: 53.6180s
	iters: 1500, epoch: 1 | loss: 7.5005002
	speed: 0.0035s/iter; left time: 53.3517s
	iters: 1600, epoch: 1 | loss: 7.8640914
	speed: 0.0035s/iter; left time: 52.8820s
Epoch: 1 cost time: 5.229549407958984
Epoch: 1, Steps: 1665 | Train Loss: 8.0905238 Vali Loss: 0.0081470 Test Loss: 0.0066405
Validation loss decreased (inf --> 0.008147).  Saving model ...
Updating learning rate to 0.01
	iters: 100, epoch: 2 | loss: 8.1778727
	speed: 0.0244s/iter; left time: 363.4321s
	iters: 200, epoch: 2 | loss: 7.2724829
	speed: 0.0035s/iter; left time: 52.3992s
	iters: 300, epoch: 2 | loss: 8.2774734
	speed: 0.0035s/iter; left time: 52.0154s
	iters: 400, epoch: 2 | loss: 7.0787139
	speed: 0.0035s/iter; left time: 51.6189s
	iters: 500, epoch: 2 | loss: 7.8601670
	speed: 0.0036s/iter; left time: 51.4257s
	iters: 600, epoch: 2 | loss: 8.4898710
	speed: 0.0036s/iter; left time: 51.2016s
	iters: 700, epoch: 2 | loss: 9.5687647
	speed: 0.0035s/iter; left time: 50.5917s
	iters: 800, epoch: 2 | loss: 9.7959156
	speed: 0.0035s/iter; left time: 50.2084s
	iters: 900, epoch: 2 | loss: 6.9299908
	speed: 0.0035s/iter; left time: 49.8175s
	iters: 1000, epoch: 2 | loss: 9.6408424
	speed: 0.0035s/iter; left time: 49.5225s
	iters: 1100, epoch: 2 | loss: 8.0377798
	speed: 0.0035s/iter; left time: 49.0955s
	iters: 1200, epoch: 2 | loss: 8.3004036
	speed: 0.0036s/iter; left time: 49.0776s
	iters: 1300, epoch: 2 | loss: 7.4583778
	speed: 0.0035s/iter; left time: 48.3714s
	iters: 1400, epoch: 2 | loss: 7.2704206
	speed: 0.0035s/iter; left time: 48.0711s
	iters: 1500, epoch: 2 | loss: 8.1103230
	speed: 0.0035s/iter; left time: 47.7705s
	iters: 1600, epoch: 2 | loss: 8.0217447
	speed: 0.0035s/iter; left time: 47.4323s
Epoch: 2 cost time: 5.901566505432129
Epoch: 2, Steps: 1665 | Train Loss: 7.8103611 Vali Loss: 0.0079984 Test Loss: 0.0064347
Validation loss decreased (0.008147 --> 0.007998).  Saving model ...
Updating learning rate to 0.005
	iters: 100, epoch: 3 | loss: 7.1680174
	speed: 0.0240s/iter; left time: 317.6376s
	iters: 200, epoch: 3 | loss: 6.8131819
	speed: 0.0035s/iter; left time: 46.5039s
	iters: 300, epoch: 3 | loss: 7.8120208
	speed: 0.0035s/iter; left time: 45.9865s
	iters: 400, epoch: 3 | loss: 7.8478799
	speed: 0.0035s/iter; left time: 45.6313s
	iters: 500, epoch: 3 | loss: 7.0836325
	speed: 0.0035s/iter; left time: 45.3356s
	iters: 600, epoch: 3 | loss: 8.5847807
	speed: 0.0035s/iter; left time: 44.9737s
	iters: 700, epoch: 3 | loss: 7.3500671
	speed: 0.0035s/iter; left time: 44.5626s
	iters: 800, epoch: 3 | loss: 6.9412718
	speed: 0.0035s/iter; left time: 44.3285s
	iters: 900, epoch: 3 | loss: 8.2733135
	speed: 0.0035s/iter; left time: 43.9749s
	iters: 1000, epoch: 3 | loss: 8.2119770
	speed: 0.0035s/iter; left time: 43.5243s
	iters: 1100, epoch: 3 | loss: 7.3653426
	speed: 0.0035s/iter; left time: 43.1701s
	iters: 1200, epoch: 3 | loss: 7.9130754
	speed: 0.0035s/iter; left time: 42.8666s
	iters: 1300, epoch: 3 | loss: 7.1411171
	speed: 0.0035s/iter; left time: 42.6615s
	iters: 1400, epoch: 3 | loss: 9.1319027
	speed: 0.0036s/iter; left time: 42.4511s
	iters: 1500, epoch: 3 | loss: 7.0951653
	speed: 0.0035s/iter; left time: 41.8046s
	iters: 1600, epoch: 3 | loss: 7.8071594
	speed: 0.0035s/iter; left time: 41.4794s
Epoch: 3 cost time: 5.896375894546509
Epoch: 3, Steps: 1665 | Train Loss: 7.7146983 Vali Loss: 0.0080085 Test Loss: 0.0064836
EarlyStopping counter: 1 out of 3
Updating learning rate to 0.0025
	iters: 100, epoch: 4 | loss: 6.4563727
	speed: 0.0243s/iter; left time: 280.3701s
	iters: 200, epoch: 4 | loss: 7.0969315
	speed: 0.0035s/iter; left time: 40.4948s
	iters: 300, epoch: 4 | loss: 8.2895327
	speed: 0.0036s/iter; left time: 40.3303s
	iters: 400, epoch: 4 | loss: 7.8493257
	speed: 0.0035s/iter; left time: 39.6330s
	iters: 500, epoch: 4 | loss: 7.4157166
	speed: 0.0035s/iter; left time: 39.3009s
	iters: 600, epoch: 4 | loss: 7.7992687
	speed: 0.0035s/iter; left time: 38.9157s
	iters: 700, epoch: 4 | loss: 8.4463577
	speed: 0.0035s/iter; left time: 38.5732s
	iters: 800, epoch: 4 | loss: 6.9387412
	speed: 0.0035s/iter; left time: 38.2910s
	iters: 900, epoch: 4 | loss: 7.4354296
	speed: 0.0035s/iter; left time: 38.0653s
	iters: 1000, epoch: 4 | loss: 6.3802919
	speed: 0.0035s/iter; left time: 37.6221s
	iters: 1100, epoch: 4 | loss: 9.6550341
	speed: 0.0035s/iter; left time: 37.3039s
	iters: 1200, epoch: 4 | loss: 7.3910856
	speed: 0.0035s/iter; left time: 36.8487s
	iters: 1300, epoch: 4 | loss: 8.7522745
	speed: 0.0035s/iter; left time: 36.5182s
	iters: 1400, epoch: 4 | loss: 7.8719287
	speed: 0.0035s/iter; left time: 36.2363s
	iters: 1500, epoch: 4 | loss: 6.6902924
	speed: 0.0035s/iter; left time: 35.9886s
	iters: 1600, epoch: 4 | loss: 7.7859955
	speed: 0.0035s/iter; left time: 35.4244s
Epoch: 4 cost time: 5.884178876876831
Epoch: 4, Steps: 1665 | Train Loss: 7.6895042 Vali Loss: 0.0079897 Test Loss: 0.0064434
Validation loss decreased (0.007998 --> 0.007990).  Saving model ...
Updating learning rate to 0.00125
	iters: 100, epoch: 5 | loss: 7.4364600
	speed: 0.0227s/iter; left time: 224.9718s
	iters: 200, epoch: 5 | loss: 7.7449684
	speed: 0.0022s/iter; left time: 21.1626s
	iters: 300, epoch: 5 | loss: 6.8757458
	speed: 0.0022s/iter; left time: 21.0728s
	iters: 400, epoch: 5 | loss: 7.0363312
	speed: 0.0022s/iter; left time: 21.0392s
	iters: 500, epoch: 5 | loss: 7.5304127
	speed: 0.0025s/iter; left time: 23.3955s
	iters: 600, epoch: 5 | loss: 7.5250564
	speed: 0.0025s/iter; left time: 23.7826s
	iters: 700, epoch: 5 | loss: 7.1745129
	speed: 0.0026s/iter; left time: 23.7403s
	iters: 800, epoch: 5 | loss: 7.1303110
	speed: 0.0025s/iter; left time: 23.1914s
	iters: 900, epoch: 5 | loss: 10.5307636
	speed: 0.0025s/iter; left time: 22.9220s
	iters: 1000, epoch: 5 | loss: 6.8914385
	speed: 0.0025s/iter; left time: 22.5577s
	iters: 1100, epoch: 5 | loss: 7.9664168
	speed: 0.0025s/iter; left time: 22.4100s
	iters: 1200, epoch: 5 | loss: 7.2199402
	speed: 0.0025s/iter; left time: 22.0708s
	iters: 1300, epoch: 5 | loss: 6.8667779
	speed: 0.0025s/iter; left time: 21.8099s
	iters: 1400, epoch: 5 | loss: 6.6001172
	speed: 0.0025s/iter; left time: 21.5428s
	iters: 1500, epoch: 5 | loss: 6.6251235
	speed: 0.0025s/iter; left time: 21.5046s
	iters: 1600, epoch: 5 | loss: 8.7384005
	speed: 0.0025s/iter; left time: 21.0200s
Epoch: 5 cost time: 4.054707288742065
Epoch: 5, Steps: 1665 | Train Loss: 7.6671185 Vali Loss: 0.0080189 Test Loss: 0.0064347
EarlyStopping counter: 1 out of 3
Updating learning rate to 0.000625
	iters: 100, epoch: 6 | loss: 8.9443750
	speed: 0.0171s/iter; left time: 140.5134s
	iters: 200, epoch: 6 | loss: 7.3126540
	speed: 0.0025s/iter; left time: 20.3436s
	iters: 300, epoch: 6 | loss: 8.6609449
	speed: 0.0025s/iter; left time: 20.1999s
	iters: 400, epoch: 6 | loss: 8.1189404
	speed: 0.0025s/iter; left time: 19.8951s
	iters: 500, epoch: 6 | loss: 6.7645578
	speed: 0.0025s/iter; left time: 19.5647s
	iters: 600, epoch: 6 | loss: 7.0909438
	speed: 0.0025s/iter; left time: 19.3348s
	iters: 700, epoch: 6 | loss: 7.2379560
	speed: 0.0025s/iter; left time: 19.1634s
	iters: 800, epoch: 6 | loss: 7.8815718
	speed: 0.0025s/iter; left time: 18.9370s
	iters: 900, epoch: 6 | loss: 7.8868756
	speed: 0.0025s/iter; left time: 18.7737s
	iters: 1000, epoch: 6 | loss: 8.0996227
	speed: 0.0025s/iter; left time: 18.4123s
	iters: 1100, epoch: 6 | loss: 7.8029003
	speed: 0.0025s/iter; left time: 18.0990s
	iters: 1200, epoch: 6 | loss: 7.3966961
	speed: 0.0025s/iter; left time: 17.9092s
	iters: 1300, epoch: 6 | loss: 7.5272131
	speed: 0.0025s/iter; left time: 17.6273s
	iters: 1400, epoch: 6 | loss: 7.4435563
	speed: 0.0025s/iter; left time: 17.3678s
	iters: 1500, epoch: 6 | loss: 8.0784149
	speed: 0.0025s/iter; left time: 17.0674s
	iters: 1600, epoch: 6 | loss: 7.6905851
	speed: 0.0025s/iter; left time: 16.8993s
Epoch: 6 cost time: 4.186246395111084
Epoch: 6, Steps: 1665 | Train Loss: 7.6538132 Vali Loss: 0.0079947 Test Loss: 0.0064347
EarlyStopping counter: 2 out of 3
Updating learning rate to 0.0003125
	iters: 100, epoch: 7 | loss: 8.2942171
	speed: 0.0171s/iter; left time: 112.0455s
	iters: 200, epoch: 7 | loss: 7.4857020
	speed: 0.0025s/iter; left time: 16.1631s
	iters: 300, epoch: 7 | loss: 9.3605404
	speed: 0.0025s/iter; left time: 15.9081s
	iters: 400, epoch: 7 | loss: 7.1772156
	speed: 0.0025s/iter; left time: 15.8233s
	iters: 500, epoch: 7 | loss: 7.1411457
	speed: 0.0025s/iter; left time: 15.4585s
	iters: 600, epoch: 7 | loss: 7.5639615
	speed: 0.0025s/iter; left time: 15.1878s
	iters: 700, epoch: 7 | loss: 8.5490236
	speed: 0.0025s/iter; left time: 14.9789s
	iters: 800, epoch: 7 | loss: 7.0969481
	speed: 0.0025s/iter; left time: 14.6868s
	iters: 900, epoch: 7 | loss: 8.1830664
	speed: 0.0025s/iter; left time: 14.3963s
	iters: 1000, epoch: 7 | loss: 8.2233572
	speed: 0.0025s/iter; left time: 14.1832s
	iters: 1100, epoch: 7 | loss: 8.4420471
	speed: 0.0025s/iter; left time: 13.9358s
	iters: 1200, epoch: 7 | loss: 7.9479580
	speed: 0.0025s/iter; left time: 13.8390s
	iters: 1300, epoch: 7 | loss: 6.9013000
	speed: 0.0025s/iter; left time: 13.4465s
	iters: 1400, epoch: 7 | loss: 7.3149300
	speed: 0.0025s/iter; left time: 13.1985s
	iters: 1500, epoch: 7 | loss: 7.6487861
	speed: 0.0025s/iter; left time: 12.9692s
	iters: 1600, epoch: 7 | loss: 7.2903423
	speed: 0.0025s/iter; left time: 12.7202s
Epoch: 7 cost time: 4.191874027252197
Epoch: 7, Steps: 1665 | Train Loss: 7.6483348 Vali Loss: 0.0079821 Test Loss: 0.0064354
Validation loss decreased (0.007990 --> 0.007982).  Saving model ...
Updating learning rate to 0.00015625
	iters: 100, epoch: 8 | loss: 7.3499303
	speed: 0.0171s/iter; left time: 83.6587s
	iters: 200, epoch: 8 | loss: 6.8727155
	speed: 0.0025s/iter; left time: 12.1261s
	iters: 300, epoch: 8 | loss: 6.5273690
	speed: 0.0025s/iter; left time: 11.8683s
	iters: 400, epoch: 8 | loss: 8.2932749
	speed: 0.0026s/iter; left time: 11.8821s
	iters: 500, epoch: 8 | loss: 7.6934595
	speed: 0.0025s/iter; left time: 11.3903s
	iters: 600, epoch: 8 | loss: 7.4762726
	speed: 0.0025s/iter; left time: 11.1650s
	iters: 700, epoch: 8 | loss: 6.9821305
	speed: 0.0025s/iter; left time: 10.8049s
	iters: 800, epoch: 8 | loss: 7.1926208
	speed: 0.0025s/iter; left time: 10.5140s
	iters: 900, epoch: 8 | loss: 7.6391950
	speed: 0.0025s/iter; left time: 10.2432s
	iters: 1000, epoch: 8 | loss: 7.3384228
	speed: 0.0025s/iter; left time: 9.9783s
	iters: 1100, epoch: 8 | loss: 6.9474564
	speed: 0.0025s/iter; left time: 9.7330s
	iters: 1200, epoch: 8 | loss: 7.6598406
	speed: 0.0025s/iter; left time: 9.4766s
	iters: 1300, epoch: 8 | loss: 6.5750203
	speed: 0.0025s/iter; left time: 9.2591s
	iters: 1400, epoch: 8 | loss: 7.8101530
	speed: 0.0025s/iter; left time: 9.0437s
	iters: 1500, epoch: 8 | loss: 7.2755933
	speed: 0.0025s/iter; left time: 8.7916s
	iters: 1600, epoch: 8 | loss: 7.3368320
	speed: 0.0025s/iter; left time: 8.4990s
Epoch: 8 cost time: 4.190194368362427
Epoch: 8, Steps: 1665 | Train Loss: 7.6460028 Vali Loss: 0.0079873 Test Loss: 0.0064264
EarlyStopping counter: 1 out of 3
Updating learning rate to 7.8125e-05
	iters: 100, epoch: 9 | loss: 7.4901075
	speed: 0.0170s/iter; left time: 54.9810s
	iters: 200, epoch: 9 | loss: 8.1037321
	speed: 0.0025s/iter; left time: 7.8465s
	iters: 300, epoch: 9 | loss: 7.7622242
	speed: 0.0025s/iter; left time: 7.6282s
	iters: 400, epoch: 9 | loss: 9.4393063
	speed: 0.0025s/iter; left time: 7.3553s
	iters: 500, epoch: 9 | loss: 7.3062081
	speed: 0.0025s/iter; left time: 7.1166s
	iters: 600, epoch: 9 | loss: 7.4598222
	speed: 0.0025s/iter; left time: 6.8414s
	iters: 700, epoch: 9 | loss: 8.0349379
	speed: 0.0025s/iter; left time: 6.5969s
	iters: 800, epoch: 9 | loss: 7.4541411
	speed: 0.0025s/iter; left time: 6.3438s
	iters: 900, epoch: 9 | loss: 8.1486540
	speed: 0.0025s/iter; left time: 6.1556s
	iters: 1000, epoch: 9 | loss: 7.1009431
	speed: 0.0025s/iter; left time: 5.8346s
	iters: 1100, epoch: 9 | loss: 7.8568468
	speed: 0.0025s/iter; left time: 5.6097s
	iters: 1200, epoch: 9 | loss: 6.5427151
	speed: 0.0025s/iter; left time: 5.3549s
	iters: 1300, epoch: 9 | loss: 7.6909680
	speed: 0.0025s/iter; left time: 5.0929s
	iters: 1400, epoch: 9 | loss: 8.6931257
	speed: 0.0026s/iter; left time: 4.9542s
	iters: 1500, epoch: 9 | loss: 7.4434986
	speed: 0.0025s/iter; left time: 4.5972s
	iters: 1600, epoch: 9 | loss: 7.9592047
	speed: 0.0025s/iter; left time: 4.3385s
Epoch: 9 cost time: 4.191190242767334
Epoch: 9, Steps: 1665 | Train Loss: 7.6434852 Vali Loss: 0.0079787 Test Loss: 0.0064291
Validation loss decreased (0.007982 --> 0.007979).  Saving model ...
Updating learning rate to 3.90625e-05
	iters: 100, epoch: 10 | loss: 6.9170084
	speed: 0.0170s/iter; left time: 26.5863s
	iters: 200, epoch: 10 | loss: 6.1440492
	speed: 0.0025s/iter; left time: 3.6773s
	iters: 300, epoch: 10 | loss: 7.7130499
	speed: 0.0025s/iter; left time: 3.4291s
	iters: 400, epoch: 10 | loss: 8.0316229
	speed: 0.0025s/iter; left time: 3.1856s
	iters: 500, epoch: 10 | loss: 7.3329954
	speed: 0.0025s/iter; left time: 2.9224s
	iters: 600, epoch: 10 | loss: 6.8549600
	speed: 0.0025s/iter; left time: 2.6765s
	iters: 700, epoch: 10 | loss: 7.8295918
	speed: 0.0025s/iter; left time: 2.4287s
	iters: 800, epoch: 10 | loss: 7.6914611
	speed: 0.0025s/iter; left time: 2.1656s
	iters: 900, epoch: 10 | loss: 9.0924101
	speed: 0.0025s/iter; left time: 1.9220s
	iters: 1000, epoch: 10 | loss: 7.5403819
	speed: 0.0025s/iter; left time: 1.6681s
	iters: 1100, epoch: 10 | loss: 8.9889765
	speed: 0.0025s/iter; left time: 1.4151s
	iters: 1200, epoch: 10 | loss: 7.6523480
	speed: 0.0025s/iter; left time: 1.1794s
	iters: 1300, epoch: 10 | loss: 7.4905157
	speed: 0.0025s/iter; left time: 0.9183s
	iters: 1400, epoch: 10 | loss: 8.4912806
	speed: 0.0025s/iter; left time: 0.6691s
	iters: 1500, epoch: 10 | loss: 7.1816077
	speed: 0.0025s/iter; left time: 0.4184s
	iters: 1600, epoch: 10 | loss: 7.8767390
	speed: 0.0025s/iter; left time: 0.1655s
Epoch: 10 cost time: 4.181674480438232
Epoch: 10, Steps: 1665 | Train Loss: 7.6425265 Vali Loss: 0.0079792 Test Loss: 0.0064304
EarlyStopping counter: 1 out of 3
Updating learning rate to 1.953125e-05
>>>>>>>testing : DLinear_32_5_DLinear_Activity_ftM_sl32_ll48_pl5_dm512_nh8_el2_dl1_df2048_fc1_ebtimeF_dtTrue_Exp_0<<<<<<<<<<<<<<<<<<<<<<<<<<<<<<<<<
Warning: label_len (48) > seq_len (32). Setting label_len = seq_len // 2 = 16
Loaded preprocessed data: (19081, 6903)
Original neurons: 7673, Processed neurons: 6903
Data range: 0.000 to 1.000
Selected top 2000 neurons out of 6903 preprocessed neurons
Final dataset shape: (3849, 2000)
Final data statistics - Mean: 0.299, Std: 0.151
test 3813
mse:0.006429060362279415, mae:0.05627880617976189, rse:0.530601441860199, corr:[0.25296503 0.2268096  0.18552847 0.16340728 0.15514722]
