Args in experiment:
Namespace(is_training=1, model_id='Activity_336_96', model='DummyLinear', data='Activity', root_path='./dataset/', data_path='session_0.h5', features='M', target='OT', freq='h', checkpoints='./checkpoints/', seq_len=336, label_len=48, pred_len=96, individual=False, embed_type=0, enc_in=5000, dec_in=7, c_out=7, d_model=512, n_heads=8, e_layers=2, d_layers=1, d_ff=2048, moving_avg=25, factor=1, distil=True, dropout=0.05, embed='timeF', activation='gelu', output_attention=False, do_predict=False, num_workers=10, itr=1, train_epochs=1, batch_size=128, patience=3, learning_rate=0.0005, des='Exp', loss='mse', lradj='type1', use_amp=False, use_gpu=True, gpu=0, use_multi_gpu=False, devices='0,1,2,3', test_flop=False)
Use GPU: cuda:0
>>>>>>>start training : Activity_336_96_DummyLinear_Activity_ftM_sl336_ll48_pl96_dm512_nh8_el2_dl1_df2048_fc1_ebtimeF_dtTrue_Exp_0>>>>>>>>>>>>>>>>>>>>>>>>>>
Loaded preprocessed data: (19081, 6903)
Original neurons: 7673, Processed neurons: 6903
Data range: 0.000 to 1.000
Selected top 5000 neurons out of 6903 preprocessed neurons
Final dataset shape: (13356, 5000)
Final data statistics - Mean: 0.347, Std: 0.149
train 12925
Loaded preprocessed data: (19081, 6903)
Original neurons: 7673, Processed neurons: 6903
Data range: 0.000 to 1.000
Selected top 5000 neurons out of 6903 preprocessed neurons
Final dataset shape: (2244, 5000)
Final data statistics - Mean: 0.380, Std: 0.158
val 1813
Loaded preprocessed data: (19081, 6903)
Original neurons: 7673, Processed neurons: 6903
Data range: 0.000 to 1.000
Selected top 5000 neurons out of 6903 preprocessed neurons
Final dataset shape: (4153, 5000)
Final data statistics - Mean: 0.326, Std: 0.144
test 3722
	iters: 100, epoch: 1 | loss: 0.0158599
	speed: 0.2647s/iter; left time: 0.2647s
Epoch: 1 cost time: 25.353734016418457
Epoch: 1, Steps: 100 | Train Loss: 0.0340409 Vali Loss: 0.0191296 Test Loss: 0.0155344
Validation loss decreased (inf --> 0.019130).  Saving model ...
Updating learning rate to 0.0005
>>>>>>>testing : Activity_336_96_DummyLinear_Activity_ftM_sl336_ll48_pl96_dm512_nh8_el2_dl1_df2048_fc1_ebtimeF_dtTrue_Exp_0<<<<<<<<<<<<<<<<<<<<<<<<<<<<<<<<<
Loaded preprocessed data: (19081, 6903)
Original neurons: 7673, Processed neurons: 6903
Data range: 0.000 to 1.000
Selected top 5000 neurons out of 6903 preprocessed neurons
Final dataset shape: (4153, 5000)
Final data statistics - Mean: 0.326, Std: 0.144
test 3722
mse:0.015534402802586555, mae:0.0937650054693222, rse:0.8712513446807861, corr:[0.05564227 0.0541939  0.05265499 0.05148813 0.05072145 0.0502311
 0.04988455 0.04958393 0.0492697  0.0489325  0.04861013 0.04833029
 0.04808075 0.04784585 0.04763709 0.04746821 0.04733697 0.04723044
 0.04712975 0.04697655 0.04674824 0.04652591 0.04639034 0.04632245
 0.04627438 0.04624238 0.04620286 0.04612349 0.04601373 0.04589608
 0.04577242 0.04564242 0.04552694 0.04543899 0.04536288 0.0452855
 0.04519968 0.04508669 0.04495611 0.04485834 0.04483664 0.04486626
 0.04489172 0.044889   0.04487287 0.04484043 0.04477845 0.04471955
 0.04470113 0.04474996 0.04488144 0.04502509 0.0450574  0.04495911
 0.04484496 0.04479586 0.04475366 0.04464324 0.04451666 0.04449317
 0.04457857 0.04464591 0.04463553 0.04460688 0.04460213 0.04462896
 0.04470788 0.0447998  0.04482295 0.04480654 0.04483139 0.04489058
 0.0449531  0.04501909 0.04504868 0.04500647 0.04494665 0.04491913
 0.04490182 0.04489319 0.04491632 0.04493586 0.04490805 0.04485573
 0.04483104 0.04484011 0.04484859 0.04482891 0.04478237 0.04474409
 0.04474115 0.04475068 0.04474378 0.0447248  0.04471011 0.0447216 ]
