Args in experiment:
Namespace(is_training=1, model_id='Activity_336_8', model='Informer', data='Activity', root_path='./dataset/', data_path='activity_raw.csv', features='M', target='OT', freq='m', checkpoints='./checkpoints/', seq_len=336, label_len=48, pred_len=8, individual=False, embed_type=0, enc_in=5000, dec_in=5000, c_out=5000, d_model=512, n_heads=8, e_layers=2, d_layers=1, d_ff=2048, moving_avg=25, factor=1, distil=True, dropout=0.1, embed='timeF', activation='gelu', output_attention=False, do_predict=False, num_workers=10, itr=1, train_epochs=10, batch_size=64, patience=3, learning_rate=0.0005, des='Exp', loss='mse', lradj='type1', use_amp=False, use_gpu=True, gpu=0, use_multi_gpu=False, devices='0,1,2,3', test_flop=False)
Use GPU: cuda:0
>>>>>>>start training : Activity_336_8_Informer_Activity_ftM_sl336_ll48_pl8_dm512_nh8_el2_dl1_df2048_fc1_ebtimeF_dtTrue_Exp_0>>>>>>>>>>>>>>>>>>>>>>>>>>
Raw fluorescence range: -501.0 to 28183.4
ΔF/F range: -1.343 to 7191.000
Active neuron filtering: 6901 active neurons out of 7673 total
Selected top 5000 neurons out of 6901 active neurons
Final data range after clipping: -1.000 to 10.000
Final dataset shape: (13357, 5000)
Final data statistics - Mean: 0.317, Std: 0.333
train 13014
Raw fluorescence range: -501.0 to 28183.4
ΔF/F range: -1.343 to 7191.000
Active neuron filtering: 6901 active neurons out of 7673 total
Selected top 5000 neurons out of 6901 active neurons
Final data range after clipping: -1.000 to 10.000
Final dataset shape: (2244, 5000)
Final data statistics - Mean: 0.444, Std: 0.354
val 1901
Raw fluorescence range: -501.0 to 28183.4
ΔF/F range: -1.343 to 7191.000
Active neuron filtering: 6901 active neurons out of 7673 total
Selected top 5000 neurons out of 6901 active neurons
Final data range after clipping: -1.000 to 10.000
Final dataset shape: (4153, 5000)
Final data statistics - Mean: 0.266, Std: 0.332
test 3810
	iters: 100, epoch: 1 | loss: 0.1043271
	speed: 0.3707s/iter; left time: 715.7742s
	iters: 200, epoch: 1 | loss: 0.1001937
	speed: 0.3575s/iter; left time: 654.5537s
Epoch: 1 cost time: 72.11339473724365
Epoch: 1, Steps: 203 | Train Loss: 0.1137267 Vali Loss: 0.1278474 Test Loss: 0.1045440
Validation loss decreased (inf --> 0.127847).  Saving model ...
Updating learning rate to 0.0005
	iters: 100, epoch: 2 | loss: 0.0897085
	speed: 0.6680s/iter; left time: 1154.2579s
	iters: 200, epoch: 2 | loss: 0.0963677
	speed: 0.3632s/iter; left time: 591.3521s
Epoch: 2 cost time: 74.12218594551086
Epoch: 2, Steps: 203 | Train Loss: 0.0951737 Vali Loss: 0.1237381 Test Loss: 0.1082324
Validation loss decreased (0.127847 --> 0.123738).  Saving model ...
Updating learning rate to 0.00025
	iters: 100, epoch: 3 | loss: 0.0886530
	speed: 0.6589s/iter; left time: 1004.7967s
	iters: 200, epoch: 3 | loss: 0.0930042
	speed: 0.3651s/iter; left time: 520.2824s
Epoch: 3 cost time: 74.66865038871765
Epoch: 3, Steps: 203 | Train Loss: 0.0914949 Vali Loss: 0.1248389 Test Loss: 0.1192126
EarlyStopping counter: 1 out of 3
Updating learning rate to 0.000125
	iters: 100, epoch: 4 | loss: 0.0897727
	speed: 0.6437s/iter; left time: 850.9724s
	iters: 200, epoch: 4 | loss: 0.0936310
	speed: 0.3609s/iter; left time: 441.0640s
Epoch: 4 cost time: 74.82325196266174
Epoch: 4, Steps: 203 | Train Loss: 0.0897452 Vali Loss: 0.1221685 Test Loss: 0.1159714
Validation loss decreased (0.123738 --> 0.122169).  Saving model ...
Updating learning rate to 6.25e-05
	iters: 100, epoch: 5 | loss: 0.0970521
	speed: 0.6687s/iter; left time: 748.2202s
	iters: 200, epoch: 5 | loss: 0.0888315
	speed: 0.3515s/iter; left time: 358.1346s
Epoch: 5 cost time: 74.43934369087219
Epoch: 5, Steps: 203 | Train Loss: 0.0889839 Vali Loss: 0.1215212 Test Loss: 0.1101464
Validation loss decreased (0.122169 --> 0.121521).  Saving model ...
Updating learning rate to 3.125e-05
	iters: 100, epoch: 6 | loss: 0.0862980
	speed: 0.6792s/iter; left time: 622.1028s
	iters: 200, epoch: 6 | loss: 0.0890118
	speed: 0.3589s/iter; left time: 292.8518s
Epoch: 6 cost time: 74.82528758049011
