Args in experiment:
Namespace(is_training=1, model_id='Informer_20_5', model='Informer', data='Activity', root_path='./dataset/', data_path='session_0.h5', features='M', target='OT', freq='m', checkpoints='./checkpoints/', seq_len=20, label_len=48, pred_len=5, individual=False, embed_type=0, enc_in=5000, dec_in=5000, c_out=5000, d_model=512, n_heads=8, e_layers=2, d_layers=1, d_ff=2048, moving_avg=25, factor=1, distil=True, dropout=0.05, embed='timeF', activation='gelu', output_attention=False, do_predict=False, num_workers=10, itr=1, train_epochs=10, batch_size=64, patience=3, learning_rate=0.01, des='Exp', loss='mse', lradj='type1', use_amp=False, use_gpu=True, gpu=0, use_multi_gpu=False, devices='0,1,2,3', test_flop=False)
Use GPU: cuda:0
>>>>>>>start training : Informer_20_5_Informer_Activity_ftM_sl20_ll48_pl5_dm512_nh8_el2_dl1_df2048_fc1_ebtimeF_dtTrue_Exp_0>>>>>>>>>>>>>>>>>>>>>>>>>>
Loaded preprocessed data: (19081, 6903)
Original neurons: 7673, Processed neurons: 6903
Data range: 0.000 to 1.000
Selected top 5000 neurons out of 6903 preprocessed neurons
Final dataset shape: (13356, 5000)
Final data statistics - Mean: 0.347, Std: 0.149
train 13332
Loaded preprocessed data: (19081, 6903)
Original neurons: 7673, Processed neurons: 6903
Data range: 0.000 to 1.000
Selected top 5000 neurons out of 6903 preprocessed neurons
Final dataset shape: (1928, 5000)
Final data statistics - Mean: 0.378, Std: 0.158
val 1904
Loaded preprocessed data: (19081, 6903)
Original neurons: 7673, Processed neurons: 6903
Data range: 0.000 to 1.000
Selected top 5000 neurons out of 6903 preprocessed neurons
Final dataset shape: (3837, 5000)
Final data statistics - Mean: 0.325, Std: 0.143
test 3813
