Args in experiment:
Namespace(is_training=1, train_only=False, model_id='DLinear_48_16', model='DLinear', data='Activity', root_path='/cs/student/projects1/aibh/2024/gcosta/mpci_data/', data_path='session_5ea6bb9b-6163-4e8a-816b-efe7002666b0_7000_zscore.h5', features='M', target='OT', freq='h', checkpoints='./checkpoints/', seq_len=48, label_len=16, pred_len=16, individual=False, embed_type=0, enc_in=7000, dec_in=7, c_out=7000, d_model=512, n_heads=8, e_layers=2, d_layers=1, d_ff=2048, moving_avg=25, factor=1, distil=True, dropout=0.05, embed='timeF', activation='gelu', output_attention=False, do_predict=False, num_workers=5, itr=1, train_epochs=10, batch_size=8, patience=3, learning_rate=0.0001, des='Exp', experiment_name='ActivityLong7000NZscore', loss='mae', lradj='type1', use_amp=False, use_gpu=True, gpu=0, use_multi_gpu=False, devices='0,1,2,3', test_flop=False, feature_idx=69)
Use GPU: cuda:0
>>>>>>>start training : DLinear_48_16_DLinear_Activity_ftM_sl48_ll16_pl16_dm512_nh8_el2_dl1_df2048_fc1_ebtimeF_dtTrue_Exp_0>>>>>>>>>>>>>>>>>>>>>>>>>>
Loaded preprocessed data: (18309, 7000)
Original neurons: 11393, current: 7000
Data range: -4.026 to 5.000
Temporal split - Total time: 18309
Train: 0 to 12816 (70.0%)
Val: 12816 to 16478 (20.0%)
Test: 16478 to 18309 (10.0%)
Current split (train): 0 to 12816
Using pre-selected top 7000 neurons from HDF5 file.
Full dataset shape: (12816, 7000)
Data statistics - Mean: 0.006, Std: 0.961
train 12753
Loaded preprocessed data: (18309, 7000)
Original neurons: 11393, current: 7000
Data range: -4.026 to 5.000
Temporal split - Total time: 18309
Train: 0 to 12816 (70.0%)
Val: 12816 to 16478 (20.0%)
Test: 16478 to 18309 (10.0%)
Current split (val): 12768 to 16478
Using pre-selected top 7000 neurons from HDF5 file.
Full dataset shape: (3710, 7000)
Data statistics - Mean: 0.129, Std: 0.937
val 3647
Loaded preprocessed data: (18309, 7000)
Original neurons: 11393, current: 7000
Data range: -4.026 to 5.000
Temporal split - Total time: 18309
Train: 0 to 12816 (70.0%)
Val: 12816 to 16478 (20.0%)
Test: 16478 to 18309 (10.0%)
Current split (test): 16430 to 18309
Using pre-selected top 7000 neurons from HDF5 file.
Full dataset shape: (1879, 7000)
Data statistics - Mean: -0.367, Std: 0.885
test 1816
Epoch: 1 cost time: 13.514365434646606
Epoch: 1, Steps: 1594 | Train Loss: 0.6657571 Vali Loss: 0.6349350 Test Loss: 0.6067680
Validation loss decreased (inf --> 0.634935).  Saving model ...
Updating learning rate to 0.0001
Epoch: 2 cost time: 13.265298128128052
Epoch: 2, Steps: 1594 | Train Loss: 0.6251647 Vali Loss: 0.6329888 Test Loss: 0.6027851
Validation loss decreased (0.634935 --> 0.632989).  Saving model ...
Updating learning rate to 5e-05
Epoch: 3 cost time: 13.200948238372803
Epoch: 3, Steps: 1594 | Train Loss: 0.6246574 Vali Loss: 0.6326048 Test Loss: 0.6029956
Validation loss decreased (0.632989 --> 0.632605).  Saving model ...
Updating learning rate to 2.5e-05
Epoch: 4 cost time: 13.31330418586731
Epoch: 4, Steps: 1594 | Train Loss: 0.6246412 Vali Loss: 0.6327648 Test Loss: 0.6029614
EarlyStopping counter: 1 out of 3
Updating learning rate to 1.25e-05
Epoch: 5 cost time: 13.482409477233887
Epoch: 5, Steps: 1594 | Train Loss: 0.6246355 Vali Loss: 0.6327808 Test Loss: 0.6029288
EarlyStopping counter: 2 out of 3
Updating learning rate to 6.25e-06
Epoch: 6 cost time: 13.558806419372559
Epoch: 6, Steps: 1594 | Train Loss: 0.6246126 Vali Loss: 0.6328526 Test Loss: 0.6028909
EarlyStopping counter: 3 out of 3
Early stopping
>>>>>>>testing : DLinear_48_16_DLinear_Activity_ftM_sl48_ll16_pl16_dm512_nh8_el2_dl1_df2048_fc1_ebtimeF_dtTrue_Exp_0<<<<<<<<<<<<<<<<<<<<<<<<<<<<<<<<<
Loaded preprocessed data: (18309, 7000)
Original neurons: 11393, current: 7000
Data range: -4.026 to 5.000
Temporal split - Total time: 18309
Train: 0 to 12816 (70.0%)
Val: 12816 to 16478 (20.0%)
Test: 16478 to 18309 (10.0%)
Current split (test): 16430 to 18309
Using pre-selected top 7000 neurons from HDF5 file.
Full dataset shape: (1879, 7000)
Data statistics - Mean: -0.367, Std: 0.885
test 1816
mse:0.6643152236938477, mae:0.602994978427887
