Args in experiment:
Namespace(is_training=1, train_only=False, model_id='Linear_48_16', model='Linear', data='Activity', root_path='/cs/student/projects1/aibh/2024/gcosta/mpci_data/', data_path='session_5ea6bb9b-6163-4e8a-816b-efe7002666b0_7000_zscore.h5', features='M', target='OT', freq='h', checkpoints='./checkpoints/', seq_len=48, label_len=16, pred_len=16, individual=False, embed_type=0, enc_in=7000, dec_in=7, c_out=7000, d_model=512, n_heads=8, e_layers=2, d_layers=1, d_ff=2048, moving_avg=25, factor=1, distil=True, dropout=0.05, embed='timeF', activation='gelu', output_attention=False, do_predict=False, num_workers=5, itr=1, train_epochs=10, batch_size=8, patience=3, learning_rate=0.0001, des='Exp', experiment_name='ActivityLong7000NZscore', loss='mae', lradj='type1', use_amp=False, use_gpu=True, gpu=0, use_multi_gpu=False, devices='0,1,2,3', test_flop=False, feature_idx=69)
Use GPU: cuda:0
>>>>>>>start training : Linear_48_16_Linear_Activity_ftM_sl48_ll16_pl16_dm512_nh8_el2_dl1_df2048_fc1_ebtimeF_dtTrue_Exp_0>>>>>>>>>>>>>>>>>>>>>>>>>>
Loaded preprocessed data: (18309, 7000)
Original neurons: 11393, current: 7000
Data range: -4.026 to 5.000
Temporal split - Total time: 18309
Train: 0 to 12816 (70.0%)
Val: 12816 to 16478 (20.0%)
Test: 16478 to 18309 (10.0%)
Current split (train): 0 to 12816
Using pre-selected top 7000 neurons from HDF5 file.
Full dataset shape: (12816, 7000)
Data statistics - Mean: 0.006, Std: 0.961
train 12753
Loaded preprocessed data: (18309, 7000)
Original neurons: 11393, current: 7000
Data range: -4.026 to 5.000
Temporal split - Total time: 18309
Train: 0 to 12816 (70.0%)
Val: 12816 to 16478 (20.0%)
Test: 16478 to 18309 (10.0%)
Current split (val): 12768 to 16478
Using pre-selected top 7000 neurons from HDF5 file.
Full dataset shape: (3710, 7000)
Data statistics - Mean: 0.129, Std: 0.937
val 3647
Loaded preprocessed data: (18309, 7000)
Original neurons: 11393, current: 7000
Data range: -4.026 to 5.000
Temporal split - Total time: 18309
Train: 0 to 12816 (70.0%)
Val: 12816 to 16478 (20.0%)
Test: 16478 to 18309 (10.0%)
Current split (test): 16430 to 18309
Using pre-selected top 7000 neurons from HDF5 file.
Full dataset shape: (1879, 7000)
Data statistics - Mean: -0.367, Std: 0.885
test 1816
Epoch: 1 cost time: 13.023823738098145
Epoch: 1, Steps: 1594 | Train Loss: 0.6886666 Vali Loss: 0.6504924 Test Loss: 0.6238444
Validation loss decreased (inf --> 0.650492).  Saving model ...
Updating learning rate to 0.0001
Epoch: 2 cost time: 13.07249116897583
Epoch: 2, Steps: 1594 | Train Loss: 0.6318178 Vali Loss: 0.6344072 Test Loss: 0.6051030
Validation loss decreased (0.650492 --> 0.634407).  Saving model ...
Updating learning rate to 5e-05
Epoch: 3 cost time: 12.975580930709839
Epoch: 3, Steps: 1594 | Train Loss: 0.6255123 Vali Loss: 0.6329767 Test Loss: 0.6037118
Validation loss decreased (0.634407 --> 0.632977).  Saving model ...
Updating learning rate to 2.5e-05
Epoch: 4 cost time: 13.185505390167236
Epoch: 4, Steps: 1594 | Train Loss: 0.6248950 Vali Loss: 0.6330206 Test Loss: 0.6031882
EarlyStopping counter: 1 out of 3
Updating learning rate to 1.25e-05
Epoch: 5 cost time: 13.235395193099976
Epoch: 5, Steps: 1594 | Train Loss: 0.6247634 Vali Loss: 0.6328366 Test Loss: 0.6031633
Validation loss decreased (0.632977 --> 0.632837).  Saving model ...
Updating learning rate to 6.25e-06
Epoch: 6 cost time: 13.179763793945312
Epoch: 6, Steps: 1594 | Train Loss: 0.6247236 Vali Loss: 0.6328171 Test Loss: 0.6030933
Validation loss decreased (0.632837 --> 0.632817).  Saving model ...
Updating learning rate to 3.125e-06
Epoch: 7 cost time: 9.616129159927368
Epoch: 7, Steps: 1594 | Train Loss: 0.6247035 Vali Loss: 0.6328382 Test Loss: 0.6030840
EarlyStopping counter: 1 out of 3
Updating learning rate to 1.5625e-06
Epoch: 8 cost time: 8.551685333251953
Epoch: 8, Steps: 1594 | Train Loss: 0.6246905 Vali Loss: 0.6328108 Test Loss: 0.6030633
Validation loss decreased (0.632817 --> 0.632811).  Saving model ...
Updating learning rate to 7.8125e-07
Epoch: 9 cost time: 8.395557403564453
Epoch: 9, Steps: 1594 | Train Loss: 0.6246934 Vali Loss: 0.6328835 Test Loss: 0.6030598
EarlyStopping counter: 1 out of 3
Updating learning rate to 3.90625e-07
Epoch: 10 cost time: 8.289998054504395
Epoch: 10, Steps: 1594 | Train Loss: 0.6246948 Vali Loss: 0.6328744 Test Loss: 0.6030580
EarlyStopping counter: 2 out of 3
Updating learning rate to 1.953125e-07
>>>>>>>testing : Linear_48_16_Linear_Activity_ftM_sl48_ll16_pl16_dm512_nh8_el2_dl1_df2048_fc1_ebtimeF_dtTrue_Exp_0<<<<<<<<<<<<<<<<<<<<<<<<<<<<<<<<<
Loaded preprocessed data: (18309, 7000)
Original neurons: 11393, current: 7000
Data range: -4.026 to 5.000
Temporal split - Total time: 18309
Train: 0 to 12816 (70.0%)
Val: 12816 to 16478 (20.0%)
Test: 16478 to 18309 (10.0%)
Current split (test): 16430 to 18309
Using pre-selected top 7000 neurons from HDF5 file.
Full dataset shape: (1879, 7000)
Data statistics - Mean: -0.367, Std: 0.885
test 1816
mse:0.6649472117424011, mae:0.6030600666999817
