Args in experiment:
Namespace(is_training=1, model_id='DLinear_32_8', model='DLinear', data='Activity', root_path='./dataset/', data_path='session_0.h5', features='M', target='OT', freq='h', checkpoints='./checkpoints/', seq_len=32, label_len=48, pred_len=8, individual=False, embed_type=0, enc_in=5000, dec_in=7, c_out=7, d_model=512, n_heads=8, e_layers=2, d_layers=1, d_ff=2048, moving_avg=25, factor=1, distil=True, dropout=0.05, embed='timeF', activation='gelu', output_attention=False, do_predict=False, num_workers=5, itr=1, train_epochs=10, batch_size=8, patience=3, learning_rate=0.01, des='Exp', loss='mae', lradj='type1', use_amp=False, use_gpu=True, gpu=0, use_multi_gpu=False, devices='0,1,2,3', test_flop=False)
Use GPU: cuda:0
>>>>>>>start training : DLinear_32_8_DLinear_Activity_ftM_sl32_ll48_pl8_dm512_nh8_el2_dl1_df2048_fc1_ebtimeF_dtTrue_Exp_0>>>>>>>>>>>>>>>>>>>>>>>>>>
Warning: label_len (48) > seq_len (32). Setting label_len = seq_len // 2 = 16
Loaded preprocessed data: (19081, 6903)
Original neurons: 7673, Processed neurons: 6903
Data range: 0.000 to 1.000
Selected top 5000 neurons out of 6903 preprocessed neurons
Final dataset shape: (13356, 5000)
Final data statistics - Mean: 0.347, Std: 0.149
train 13317
Warning: label_len (48) > seq_len (32). Setting label_len = seq_len // 2 = 16
Loaded preprocessed data: (19081, 6903)
Original neurons: 7673, Processed neurons: 6903
Data range: 0.000 to 1.000
Selected top 5000 neurons out of 6903 preprocessed neurons
Final dataset shape: (1908, 5000)
Final data statistics - Mean: 0.378, Std: 0.158
val 1869
Warning: label_len (48) > seq_len (32). Setting label_len = seq_len // 2 = 16
Loaded preprocessed data: (19081, 6903)
Original neurons: 7673, Processed neurons: 6903
Data range: 0.000 to 1.000
Selected top 5000 neurons out of 6903 preprocessed neurons
Final dataset shape: (3849, 5000)
Final data statistics - Mean: 0.325, Std: 0.143
test 3810
	iters: 100, epoch: 1 | loss: 0.0701176
	speed: 0.0328s/iter; left time: 542.0029s
	iters: 200, epoch: 1 | loss: 0.0692227
	speed: 0.0072s/iter; left time: 119.0904s
	iters: 300, epoch: 1 | loss: 0.0701905
	speed: 0.0068s/iter; left time: 111.4662s
	iters: 400, epoch: 1 | loss: 0.0724304
	speed: 0.0076s/iter; left time: 122.6929s
	iters: 500, epoch: 1 | loss: 0.0658621
	speed: 0.0072s/iter; left time: 116.3279s
	iters: 600, epoch: 1 | loss: 0.0694040
	speed: 0.0074s/iter; left time: 118.5019s
	iters: 700, epoch: 1 | loss: 0.0667710
	speed: 0.0070s/iter; left time: 111.7992s
	iters: 800, epoch: 1 | loss: 0.0684955
	speed: 0.0077s/iter; left time: 121.6557s
	iters: 900, epoch: 1 | loss: 0.0689796
	speed: 0.0068s/iter; left time: 106.6309s
	iters: 1000, epoch: 1 | loss: 0.0689280
	speed: 0.0068s/iter; left time: 105.6904s
	iters: 1100, epoch: 1 | loss: 0.0668443
	speed: 0.0068s/iter; left time: 105.5199s
	iters: 1200, epoch: 1 | loss: 0.0676239
	speed: 0.0068s/iter; left time: 104.5328s
	iters: 1300, epoch: 1 | loss: 0.0684196
	speed: 0.0070s/iter; left time: 106.7162s
	iters: 1400, epoch: 1 | loss: 0.0644152
	speed: 0.0065s/iter; left time: 98.6978s
	iters: 1500, epoch: 1 | loss: 0.0691112
	speed: 0.0074s/iter; left time: 112.2732s
	iters: 1600, epoch: 1 | loss: 0.0651777
	speed: 0.0083s/iter; left time: 125.1875s
Epoch: 1 cost time: 12.416581630706787
Epoch: 1, Steps: 1664 | Train Loss: 0.0688956 Vali Loss: 0.0712565 Test Loss: 0.0646966
Validation loss decreased (inf --> 0.071257).  Saving model ...
Updating learning rate to 0.01
	iters: 100, epoch: 2 | loss: 0.0704390
	speed: 0.0692s/iter; left time: 1028.9704s
	iters: 200, epoch: 2 | loss: 0.0662478
	speed: 0.0076s/iter; left time: 112.3945s
	iters: 300, epoch: 2 | loss: 0.0661385
	speed: 0.0072s/iter; left time: 105.0666s
	iters: 400, epoch: 2 | loss: 0.0663909
	speed: 0.0066s/iter; left time: 96.8575s
	iters: 500, epoch: 2 | loss: 0.0706440
	speed: 0.0077s/iter; left time: 111.9968s
	iters: 600, epoch: 2 | loss: 0.0696758
	speed: 0.0071s/iter; left time: 101.5456s
	iters: 700, epoch: 2 | loss: 0.0702978
	speed: 0.0075s/iter; left time: 107.6596s
	iters: 800, epoch: 2 | loss: 0.0684373
	speed: 0.0082s/iter; left time: 115.9314s
	iters: 900, epoch: 2 | loss: 0.0682947
	speed: 0.0076s/iter; left time: 106.7460s
	iters: 1000, epoch: 2 | loss: 0.0683412
	speed: 0.0084s/iter; left time: 118.0334s
	iters: 1100, epoch: 2 | loss: 0.0696468
	speed: 0.0083s/iter; left time: 115.0362s
	iters: 1200, epoch: 2 | loss: 0.0650996
	speed: 0.0068s/iter; left time: 94.2158s
	iters: 1300, epoch: 2 | loss: 0.0703306
	speed: 0.0080s/iter; left time: 109.4376s
	iters: 1400, epoch: 2 | loss: 0.0692097
	speed: 0.0077s/iter; left time: 104.1222s
	iters: 1500, epoch: 2 | loss: 0.0681823
	speed: 0.0077s/iter; left time: 103.2647s
	iters: 1600, epoch: 2 | loss: 0.0708713
	speed: 0.0066s/iter; left time: 88.8257s
Epoch: 2 cost time: 12.792978048324585
Epoch: 2, Steps: 1664 | Train Loss: 0.0681397 Vali Loss: 0.0712278 Test Loss: 0.0649817
Validation loss decreased (0.071257 --> 0.071228).  Saving model ...
Updating learning rate to 0.005
	iters: 100, epoch: 3 | loss: 0.0661945
	speed: 0.0672s/iter; left time: 887.2579s
	iters: 200, epoch: 3 | loss: 0.0680575
	speed: 0.0070s/iter; left time: 91.5480s
	iters: 300, epoch: 3 | loss: 0.0673424
	speed: 0.0077s/iter; left time: 100.0049s
	iters: 400, epoch: 3 | loss: 0.0660002
	speed: 0.0082s/iter; left time: 106.2708s
	iters: 500, epoch: 3 | loss: 0.0713826
	speed: 0.0081s/iter; left time: 103.8571s
	iters: 600, epoch: 3 | loss: 0.0663184
	speed: 0.0076s/iter; left time: 96.0703s
	iters: 700, epoch: 3 | loss: 0.0673433
	speed: 0.0069s/iter; left time: 87.4965s
	iters: 800, epoch: 3 | loss: 0.0692192
	speed: 0.0069s/iter; left time: 86.0465s
	iters: 900, epoch: 3 | loss: 0.0651013
	speed: 0.0066s/iter; left time: 81.3727s
	iters: 1000, epoch: 3 | loss: 0.0697510
	speed: 0.0066s/iter; left time: 81.4028s
	iters: 1100, epoch: 3 | loss: 0.0654454
	speed: 0.0076s/iter; left time: 92.5420s
	iters: 1200, epoch: 3 | loss: 0.0711625
	speed: 0.0071s/iter; left time: 86.0089s
	iters: 1300, epoch: 3 | loss: 0.0645186
	speed: 0.0069s/iter; left time: 82.4904s
	iters: 1400, epoch: 3 | loss: 0.0709425
	speed: 0.0073s/iter; left time: 86.7197s
	iters: 1500, epoch: 3 | loss: 0.0653113
	speed: 0.0073s/iter; left time: 86.4845s
	iters: 1600, epoch: 3 | loss: 0.0682174
	speed: 0.0066s/iter; left time: 77.3166s
Epoch: 3 cost time: 12.202502727508545
Epoch: 3, Steps: 1664 | Train Loss: 0.0679138 Vali Loss: 0.0708896 Test Loss: 0.0644593
Validation loss decreased (0.071228 --> 0.070890).  Saving model ...
Updating learning rate to 0.0025
	iters: 100, epoch: 4 | loss: 0.0647543
	speed: 0.0664s/iter; left time: 766.2814s
	iters: 200, epoch: 4 | loss: 0.0647643
	speed: 0.0074s/iter; left time: 84.8538s
	iters: 300, epoch: 4 | loss: 0.0699559
	speed: 0.0074s/iter; left time: 83.5692s
	iters: 400, epoch: 4 | loss: 0.0670230
	speed: 0.0072s/iter; left time: 80.4810s
	iters: 500, epoch: 4 | loss: 0.0670303
	speed: 0.0073s/iter; left time: 81.3481s
	iters: 600, epoch: 4 | loss: 0.0659849
	speed: 0.0068s/iter; left time: 75.2158s
	iters: 700, epoch: 4 | loss: 0.0677416
	speed: 0.0069s/iter; left time: 75.7065s
	iters: 800, epoch: 4 | loss: 0.0694172
	speed: 0.0080s/iter; left time: 86.3166s
	iters: 900, epoch: 4 | loss: 0.0672918
	speed: 0.0068s/iter; left time: 73.5631s
	iters: 1000, epoch: 4 | loss: 0.0666467
	speed: 0.0077s/iter; left time: 81.8117s
	iters: 1100, epoch: 4 | loss: 0.0671938
	speed: 0.0080s/iter; left time: 84.5998s
	iters: 1200, epoch: 4 | loss: 0.0717938
	speed: 0.0069s/iter; left time: 71.9605s
	iters: 1300, epoch: 4 | loss: 0.0660208
	speed: 0.0075s/iter; left time: 77.7386s
	iters: 1400, epoch: 4 | loss: 0.0689822
	speed: 0.0070s/iter; left time: 71.7336s
	iters: 1500, epoch: 4 | loss: 0.0620234
	speed: 0.0066s/iter; left time: 66.7101s
	iters: 1600, epoch: 4 | loss: 0.0677992
	speed: 0.0073s/iter; left time: 73.3922s
Epoch: 4 cost time: 12.304165840148926
Epoch: 4, Steps: 1664 | Train Loss: 0.0677958 Vali Loss: 0.0707047 Test Loss: 0.0644003
Validation loss decreased (0.070890 --> 0.070705).  Saving model ...
Updating learning rate to 0.00125
	iters: 100, epoch: 5 | loss: 0.0654225
	speed: 0.0659s/iter; left time: 651.1329s
	iters: 200, epoch: 5 | loss: 0.0688131
	speed: 0.0077s/iter; left time: 75.3712s
	iters: 300, epoch: 5 | loss: 0.0689153
	speed: 0.0067s/iter; left time: 64.7686s
	iters: 400, epoch: 5 | loss: 0.0631510
	speed: 0.0068s/iter; left time: 64.8202s
	iters: 500, epoch: 5 | loss: 0.0672326
	speed: 0.0070s/iter; left time: 66.2338s
	iters: 600, epoch: 5 | loss: 0.0656192
	speed: 0.0063s/iter; left time: 58.9738s
	iters: 700, epoch: 5 | loss: 0.0705427
	speed: 0.0071s/iter; left time: 65.7789s
	iters: 800, epoch: 5 | loss: 0.0717784
	speed: 0.0079s/iter; left time: 72.4010s
	iters: 900, epoch: 5 | loss: 0.0674758
	speed: 0.0073s/iter; left time: 66.1997s
	iters: 1000, epoch: 5 | loss: 0.0663249
	speed: 0.0078s/iter; left time: 70.0343s
	iters: 1100, epoch: 5 | loss: 0.0654446
	speed: 0.0074s/iter; left time: 65.9030s
	iters: 1200, epoch: 5 | loss: 0.0698821
	speed: 0.0075s/iter; left time: 66.0255s
	iters: 1300, epoch: 5 | loss: 0.0658748
	speed: 0.0080s/iter; left time: 69.4806s
	iters: 1400, epoch: 5 | loss: 0.0701064
	speed: 0.0071s/iter; left time: 61.0770s
	iters: 1500, epoch: 5 | loss: 0.0673651
	speed: 0.0078s/iter; left time: 65.9288s
	iters: 1600, epoch: 5 | loss: 0.0704824
	speed: 0.0077s/iter; left time: 64.1869s
Epoch: 5 cost time: 12.330145835876465
Epoch: 5, Steps: 1664 | Train Loss: 0.0677414 Vali Loss: 0.0706777 Test Loss: 0.0643463
Validation loss decreased (0.070705 --> 0.070678).  Saving model ...
Updating learning rate to 0.000625
	iters: 100, epoch: 6 | loss: 0.0674222
	speed: 0.0662s/iter; left time: 544.1534s
	iters: 200, epoch: 6 | loss: 0.0673909
	speed: 0.0074s/iter; left time: 60.0019s
	iters: 300, epoch: 6 | loss: 0.0677868
	speed: 0.0075s/iter; left time: 60.0706s
	iters: 400, epoch: 6 | loss: 0.0666087
	speed: 0.0072s/iter; left time: 57.3620s
	iters: 500, epoch: 6 | loss: 0.0692208
	speed: 0.0070s/iter; left time: 54.4239s
	iters: 600, epoch: 6 | loss: 0.0638823
	speed: 0.0073s/iter; left time: 56.7139s
	iters: 700, epoch: 6 | loss: 0.0709275
	speed: 0.0074s/iter; left time: 56.2836s
	iters: 800, epoch: 6 | loss: 0.0672489
	speed: 0.0064s/iter; left time: 48.2649s
	iters: 900, epoch: 6 | loss: 0.0690126
	speed: 0.0077s/iter; left time: 57.1931s
	iters: 1000, epoch: 6 | loss: 0.0669392
	speed: 0.0073s/iter; left time: 53.3884s
	iters: 1100, epoch: 6 | loss: 0.0661547
	speed: 0.0075s/iter; left time: 54.2026s
	iters: 1200, epoch: 6 | loss: 0.0650555
	speed: 0.0067s/iter; left time: 48.0391s
	iters: 1300, epoch: 6 | loss: 0.0688161
	speed: 0.0066s/iter; left time: 46.4653s
	iters: 1400, epoch: 6 | loss: 0.0700354
	speed: 0.0077s/iter; left time: 52.9843s
	iters: 1500, epoch: 6 | loss: 0.0663278
	speed: 0.0066s/iter; left time: 45.0621s
	iters: 1600, epoch: 6 | loss: 0.0677795
	speed: 0.0075s/iter; left time: 50.3240s
Epoch: 6 cost time: 12.111494541168213
Epoch: 6, Steps: 1664 | Train Loss: 0.0677114 Vali Loss: 0.0707187 Test Loss: 0.0644597
EarlyStopping counter: 1 out of 3
Updating learning rate to 0.0003125
	iters: 100, epoch: 7 | loss: 0.0645514
	speed: 0.0648s/iter; left time: 424.6532s
	iters: 200, epoch: 7 | loss: 0.0741798
	speed: 0.0070s/iter; left time: 45.0170s
	iters: 300, epoch: 7 | loss: 0.0671672
	speed: 0.0070s/iter; left time: 44.4981s
	iters: 400, epoch: 7 | loss: 0.0652759
	speed: 0.0075s/iter; left time: 46.9965s
	iters: 500, epoch: 7 | loss: 0.0668300
	speed: 0.0079s/iter; left time: 48.9372s
	iters: 600, epoch: 7 | loss: 0.0672039
	speed: 0.0079s/iter; left time: 47.6398s
	iters: 700, epoch: 7 | loss: 0.0682875
	speed: 0.0074s/iter; left time: 44.1416s
	iters: 800, epoch: 7 | loss: 0.0653588
	speed: 0.0073s/iter; left time: 42.5045s
	iters: 900, epoch: 7 | loss: 0.0714094
	speed: 0.0072s/iter; left time: 41.3136s
	iters: 1000, epoch: 7 | loss: 0.0736293
	speed: 0.0067s/iter; left time: 38.1431s
	iters: 1100, epoch: 7 | loss: 0.0674322
	speed: 0.0068s/iter; left time: 37.5289s
	iters: 1200, epoch: 7 | loss: 0.0670110
	speed: 0.0066s/iter; left time: 36.0726s
	iters: 1300, epoch: 7 | loss: 0.0680079
	speed: 0.0073s/iter; left time: 38.9732s
	iters: 1400, epoch: 7 | loss: 0.0692869
	speed: 0.0072s/iter; left time: 37.6285s
	iters: 1500, epoch: 7 | loss: 0.0648612
	speed: 0.0074s/iter; left time: 38.0096s
	iters: 1600, epoch: 7 | loss: 0.0693122
	speed: 0.0068s/iter; left time: 34.4394s
Epoch: 7 cost time: 12.076308012008667
Epoch: 7, Steps: 1664 | Train Loss: 0.0676955 Vali Loss: 0.0706666 Test Loss: 0.0643219
Validation loss decreased (0.070678 --> 0.070667).  Saving model ...
Updating learning rate to 0.00015625
	iters: 100, epoch: 8 | loss: 0.0699630
	speed: 0.0644s/iter; left time: 314.9507s
	iters: 200, epoch: 8 | loss: 0.0682145
	speed: 0.0070s/iter; left time: 33.3404s
	iters: 300, epoch: 8 | loss: 0.0649033
	speed: 0.0078s/iter; left time: 36.5373s
	iters: 400, epoch: 8 | loss: 0.0678244
	speed: 0.0073s/iter; left time: 33.7571s
	iters: 500, epoch: 8 | loss: 0.0684496
	speed: 0.0080s/iter; left time: 35.7728s
	iters: 600, epoch: 8 | loss: 0.0686433
	speed: 0.0075s/iter; left time: 33.0203s
	iters: 700, epoch: 8 | loss: 0.0660658
	speed: 0.0079s/iter; left time: 33.7042s
	iters: 800, epoch: 8 | loss: 0.0704252
	speed: 0.0079s/iter; left time: 33.0702s
	iters: 900, epoch: 8 | loss: 0.0625379
	speed: 0.0079s/iter; left time: 32.1960s
	iters: 1000, epoch: 8 | loss: 0.0698778
	speed: 0.0071s/iter; left time: 28.1870s
	iters: 1100, epoch: 8 | loss: 0.0669754
	speed: 0.0077s/iter; left time: 30.0720s
	iters: 1200, epoch: 8 | loss: 0.0663029
	speed: 0.0072s/iter; left time: 27.3948s
	iters: 1300, epoch: 8 | loss: 0.0661663
	speed: 0.0066s/iter; left time: 24.5132s
	iters: 1400, epoch: 8 | loss: 0.0650216
	speed: 0.0072s/iter; left time: 25.7681s
	iters: 1500, epoch: 8 | loss: 0.0667087
	speed: 0.0073s/iter; left time: 25.4030s
	iters: 1600, epoch: 8 | loss: 0.0702494
	speed: 0.0069s/iter; left time: 23.3740s
Epoch: 8 cost time: 12.46513319015503
Epoch: 8, Steps: 1664 | Train Loss: 0.0676863 Vali Loss: 0.0706395 Test Loss: 0.0643480
Validation loss decreased (0.070667 --> 0.070639).  Saving model ...
Updating learning rate to 7.8125e-05
	iters: 100, epoch: 9 | loss: 0.0664276
	speed: 0.0677s/iter; left time: 218.4934s
	iters: 200, epoch: 9 | loss: 0.0645442
	speed: 0.0079s/iter; left time: 24.6421s
	iters: 300, epoch: 9 | loss: 0.0680456
	speed: 0.0071s/iter; left time: 21.6198s
	iters: 400, epoch: 9 | loss: 0.0652844
	speed: 0.0069s/iter; left time: 20.0930s
	iters: 500, epoch: 9 | loss: 0.0647723
	speed: 0.0073s/iter; left time: 20.7196s
	iters: 600, epoch: 9 | loss: 0.0663900
	speed: 0.0071s/iter; left time: 19.4610s
	iters: 700, epoch: 9 | loss: 0.0662059
	speed: 0.0069s/iter; left time: 18.0335s
	iters: 800, epoch: 9 | loss: 0.0689049
	speed: 0.0071s/iter; left time: 17.9408s
	iters: 900, epoch: 9 | loss: 0.0646646
	speed: 0.0084s/iter; left time: 20.4433s
	iters: 1000, epoch: 9 | loss: 0.0689978
	speed: 0.0078s/iter; left time: 18.2721s
	iters: 1100, epoch: 9 | loss: 0.0690827
	speed: 0.0075s/iter; left time: 16.7123s
	iters: 1200, epoch: 9 | loss: 0.0743111
	speed: 0.0072s/iter; left time: 15.2631s
	iters: 1300, epoch: 9 | loss: 0.0645654
	speed: 0.0070s/iter; left time: 14.1587s
	iters: 1400, epoch: 9 | loss: 0.0673129
	speed: 0.0070s/iter; left time: 13.5473s
	iters: 1500, epoch: 9 | loss: 0.0698797
	speed: 0.0081s/iter; left time: 14.7817s
	iters: 1600, epoch: 9 | loss: 0.0673734
	speed: 0.0074s/iter; left time: 12.7552s
Epoch: 9 cost time: 12.385638236999512
Epoch: 9, Steps: 1664 | Train Loss: 0.0676795 Vali Loss: 0.0706526 Test Loss: 0.0643131
EarlyStopping counter: 1 out of 3
Updating learning rate to 3.90625e-05
	iters: 100, epoch: 10 | loss: 0.0722303
	speed: 0.0664s/iter; left time: 103.8576s
	iters: 200, epoch: 10 | loss: 0.0671206
	speed: 0.0076s/iter; left time: 11.2025s
	iters: 300, epoch: 10 | loss: 0.0672851
	speed: 0.0069s/iter; left time: 9.3858s
	iters: 400, epoch: 10 | loss: 0.0652380
	speed: 0.0070s/iter; left time: 8.8778s
	iters: 500, epoch: 10 | loss: 0.0687661
	speed: 0.0071s/iter; left time: 8.2705s
	iters: 600, epoch: 10 | loss: 0.0741669
	speed: 0.0069s/iter; left time: 7.3709s
	iters: 700, epoch: 10 | loss: 0.0646339
	speed: 0.0070s/iter; left time: 6.7094s
	iters: 800, epoch: 10 | loss: 0.0677665
	speed: 0.0074s/iter; left time: 6.3775s
	iters: 900, epoch: 10 | loss: 0.0678161
	speed: 0.0075s/iter; left time: 5.7581s
	iters: 1000, epoch: 10 | loss: 0.0675203
	speed: 0.0072s/iter; left time: 4.8204s
	iters: 1100, epoch: 10 | loss: 0.0683563
	speed: 0.0077s/iter; left time: 4.3415s
	iters: 1200, epoch: 10 | loss: 0.0668420
	speed: 0.0082s/iter; left time: 3.8321s
	iters: 1300, epoch: 10 | loss: 0.0706494
	speed: 0.0079s/iter; left time: 2.8935s
	iters: 1400, epoch: 10 | loss: 0.0714157
	speed: 0.0069s/iter; left time: 1.8228s
	iters: 1500, epoch: 10 | loss: 0.0648777
	speed: 0.0077s/iter; left time: 1.2660s
	iters: 1600, epoch: 10 | loss: 0.0673543
	speed: 0.0075s/iter; left time: 0.4857s
Epoch: 10 cost time: 12.407027959823608
Epoch: 10, Steps: 1664 | Train Loss: 0.0676758 Vali Loss: 0.0706846 Test Loss: 0.0643165
EarlyStopping counter: 2 out of 3
Updating learning rate to 1.953125e-05
>>>>>>>testing : DLinear_32_8_DLinear_Activity_ftM_sl32_ll48_pl8_dm512_nh8_el2_dl1_df2048_fc1_ebtimeF_dtTrue_Exp_0<<<<<<<<<<<<<<<<<<<<<<<<<<<<<<<<<
Warning: label_len (48) > seq_len (32). Setting label_len = seq_len // 2 = 16
Loaded preprocessed data: (19081, 6903)
Original neurons: 7673, Processed neurons: 6903
Data range: 0.000 to 1.000
Selected top 5000 neurons out of 6903 preprocessed neurons
Final dataset shape: (3849, 5000)
Final data statistics - Mean: 0.325, Std: 0.143
test 3810
mse:0.008372124284505844, mae:0.06434810906648636, rse:0.6385948657989502, corr:[0.24666193 0.21629688 0.16915968 0.14554684 0.13684869 0.1310716
 0.12556967 0.12016678]
