Args in experiment:
Namespace(is_training=1, train_only=False, model_id='Informer_32_8', model='Informer', data='ActivityOrdered', root_path='./dataset/', data_path='session_0.h5', features='M', target='OT', freq='m', checkpoints='./checkpoints/', seq_len=32, label_len=4, pred_len=8, individual=False, embed_type=0, enc_in=5000, dec_in=5000, c_out=5000, d_model=512, n_heads=8, e_layers=2, d_layers=1, d_ff=2048, moving_avg=25, factor=1, distil=True, dropout=0.05, embed='timeF', activation='gelu', output_attention=False, do_predict=False, num_workers=10, itr=1, train_epochs=10, batch_size=32, patience=3, learning_rate=0.01, des='Exp', loss='mae', lradj='type1', use_amp=False, use_gpu=True, gpu=0, use_multi_gpu=False, devices='0,1,2,3', test_flop=False)
Use GPU: cuda:0
>>>>>>>start training : Informer_32_8_Informer_ActivityOrdered_ftM_sl32_ll4_pl8_dm512_nh8_el2_dl1_df2048_fc1_ebtimeF_dtTrue_Exp_0>>>>>>>>>>>>>>>>>>>>>>>>>>
Brain data loaded: (19081, 6903)
Original neurons: 7673, Processed neurons: 6903
Data range: 0.000 to 1.000
Temporal split - Total time: 19081
Train: 0 to 16218 (85.0%)
Val: 16218 to 18126 (10.0%)
Test: 18126 to 19081 (5.0%)
Current split (train): 0 to 16218
Selected top 5000 neurons out of 6903 total
Selected neuron std range: 0.105 to 0.267
Final dataset shape: (16218, 5000)
Final data stats - Mean: 0.350, Std: 0.150
Sequences available: 16179
train 16179
Brain data loaded: (19081, 6903)
Original neurons: 7673, Processed neurons: 6903
Data range: 0.000 to 1.000
Temporal split - Total time: 19081
Train: 0 to 16218 (85.0%)
Val: 16218 to 18126 (10.0%)
Test: 18126 to 19081 (5.0%)
Current split (val): 16186 to 18126
Selected top 5000 neurons out of 6903 total
Selected neuron std range: 0.105 to 0.267
Final dataset shape: (1940, 5000)
Final data stats - Mean: 0.323, Std: 0.141
Sequences available: 1901
val 1901
Brain data loaded: (19081, 6903)
Original neurons: 7673, Processed neurons: 6903
Data range: 0.000 to 1.000
Temporal split - Total time: 19081
Train: 0 to 16218 (85.0%)
Val: 16218 to 18126 (10.0%)
Test: 18126 to 19081 (5.0%)
Current split (test): 18094 to 19081
Selected top 5000 neurons out of 6903 total
Selected neuron std range: 0.105 to 0.267
Final dataset shape: (987, 5000)
Final data stats - Mean: 0.356, Std: 0.150
Sequences available: 948
test 948
	iters: 100, epoch: 1 | loss: 0.1018100
	speed: 0.1175s/iter; left time: 581.7484s
	iters: 200, epoch: 1 | loss: 0.0884215
	speed: 0.0482s/iter; left time: 233.7438s
	iters: 300, epoch: 1 | loss: 0.0901399
	speed: 0.0668s/iter; left time: 317.5176s
	iters: 400, epoch: 1 | loss: 0.0850689
	speed: 0.0680s/iter; left time: 316.4516s
	iters: 500, epoch: 1 | loss: 0.0881015
	speed: 0.0552s/iter; left time: 251.1359s
Epoch: 1 cost time: 33.67404556274414
Epoch: 1, Steps: 505 | Train Loss: 0.1374218 Vali Loss: 0.0858029 Test Loss: 0.0843535
Validation loss decreased (inf --> 0.085803).  Saving model ...
Updating learning rate to 0.01
	iters: 100, epoch: 2 | loss: 0.0849380
	speed: 0.1169s/iter; left time: 519.7884s
	iters: 200, epoch: 2 | loss: 0.0880717
	speed: 0.0618s/iter; left time: 268.5149s
	iters: 300, epoch: 2 | loss: 0.0859335
	speed: 0.0539s/iter; left time: 228.6508s
	iters: 400, epoch: 2 | loss: 0.0837943
	speed: 0.0638s/iter; left time: 264.4709s
	iters: 500, epoch: 2 | loss: 0.0895770
	speed: 0.0597s/iter; left time: 241.4628s
Epoch: 2 cost time: 30.481874227523804
Epoch: 2, Steps: 505 | Train Loss: 0.0869818 Vali Loss: 0.0862468 Test Loss: 0.0842245
EarlyStopping counter: 1 out of 3
Updating learning rate to 0.005
	iters: 100, epoch: 3 | loss: 0.0908191
	speed: 0.1125s/iter; left time: 443.2328s
	iters: 200, epoch: 3 | loss: 0.0858853
	speed: 0.0502s/iter; left time: 192.9429s
	iters: 300, epoch: 3 | loss: 0.0889584
	speed: 0.0564s/iter; left time: 211.0084s
	iters: 400, epoch: 3 | loss: 0.0857685
	speed: 0.0571s/iter; left time: 207.9593s
	iters: 500, epoch: 3 | loss: 0.0885424
	speed: 0.0618s/iter; left time: 218.7464s
Epoch: 3 cost time: 29.43089723587036
Epoch: 3, Steps: 505 | Train Loss: 0.0862012 Vali Loss: 0.0837142 Test Loss: 0.0840926
Validation loss decreased (0.085803 --> 0.083714).  Saving model ...
Updating learning rate to 0.0025
	iters: 100, epoch: 4 | loss: 0.0883920
	speed: 0.1238s/iter; left time: 425.3690s
	iters: 200, epoch: 4 | loss: 0.0860442
	speed: 0.0508s/iter; left time: 169.4104s
	iters: 300, epoch: 4 | loss: 0.0850803
	speed: 0.0565s/iter; left time: 182.8168s
	iters: 400, epoch: 4 | loss: 0.0851450
	speed: 0.0633s/iter; left time: 198.5912s
	iters: 500, epoch: 4 | loss: 0.0879476
	speed: 0.0680s/iter; left time: 206.3783s
Epoch: 4 cost time: 30.66236424446106
Epoch: 4, Steps: 505 | Train Loss: 0.0858913 Vali Loss: 0.0852958 Test Loss: 0.0864793
EarlyStopping counter: 1 out of 3
Updating learning rate to 0.00125
	iters: 100, epoch: 5 | loss: 0.0828070
	speed: 0.1392s/iter; left time: 407.9019s
	iters: 200, epoch: 5 | loss: 0.0855193
	speed: 0.0855s/iter; left time: 242.1504s
	iters: 300, epoch: 5 | loss: 0.0829597
	speed: 0.0730s/iter; left time: 199.2988s
	iters: 400, epoch: 5 | loss: 0.0882162
	speed: 0.0543s/iter; left time: 142.7825s
	iters: 500, epoch: 5 | loss: 0.0850974
	speed: 0.0643s/iter; left time: 162.7397s
Epoch: 5 cost time: 35.492520570755005
Epoch: 5, Steps: 505 | Train Loss: 0.0847402 Vali Loss: 0.0885523 Test Loss: 0.0900977
EarlyStopping counter: 2 out of 3
Updating learning rate to 0.000625
	iters: 100, epoch: 6 | loss: 0.0821602
	speed: 0.1035s/iter; left time: 251.0541s
	iters: 200, epoch: 6 | loss: 0.0823843
	speed: 0.0555s/iter; left time: 129.1533s
	iters: 300, epoch: 6 | loss: 0.0806781
	speed: 0.0794s/iter; left time: 176.7200s
	iters: 400, epoch: 6 | loss: 0.0851496
	speed: 0.0649s/iter; left time: 138.0375s
	iters: 500, epoch: 6 | loss: 0.0832755
	speed: 0.0593s/iter; left time: 120.1704s
Epoch: 6 cost time: 31.968767642974854
Epoch: 6, Steps: 505 | Train Loss: 0.0839238 Vali Loss: 0.0885468 Test Loss: 0.0940517
EarlyStopping counter: 3 out of 3
Early stopping
>>>>>>>testing : Informer_32_8_Informer_ActivityOrdered_ftM_sl32_ll4_pl8_dm512_nh8_el2_dl1_df2048_fc1_ebtimeF_dtTrue_Exp_0<<<<<<<<<<<<<<<<<<<<<<<<<<<<<<<<<
Brain data loaded: (19081, 6903)
Original neurons: 7673, Processed neurons: 6903
Data range: 0.000 to 1.000
Temporal split - Total time: 19081
Train: 0 to 16218 (85.0%)
Val: 16218 to 18126 (10.0%)
Test: 18126 to 19081 (5.0%)
Current split (test): 18094 to 19081
Selected top 5000 neurons out of 6903 total
Selected neuron std range: 0.105 to 0.267
Final dataset shape: (987, 5000)
Final data stats - Mean: 0.356, Std: 0.150
Sequences available: 948
test 948
mse:0.014417484402656555, mae:0.08392371982336044
