Args in experiment:
Namespace(is_training=1, train_only=False, model_id='TSMixer_32_8', model='TSMixer', data='Activity', root_path='./dataset/', data_path='session_0.h5', features='M', target='OT', freq='h', checkpoints='./checkpoints/', seq_len=32, label_len=4, pred_len=8, individual=False, embed_type=0, enc_in=5000, dec_in=7, c_out=7, d_model=512, n_heads=8, e_layers=2, d_layers=1, d_ff=2048, moving_avg=25, factor=1, distil=True, dropout=0.05, embed='timeF', activation='gelu', output_attention=False, do_predict=False, num_workers=5, itr=1, train_epochs=10, batch_size=8, patience=3, learning_rate=0.01, des='Exp', loss='mae', lradj='type1', use_amp=False, use_gpu=True, gpu=0, use_multi_gpu=False, devices='0,1,2,3', test_flop=False)
Use GPU: cuda:0
>>>>>>>start training : TSMixer_32_8_TSMixer_Activity_ftM_sl32_ll4_pl8_dm512_nh8_el2_dl1_df2048_fc1_ebtimeF_dtTrue_Exp_0>>>>>>>>>>>>>>>>>>>>>>>>>>
Loaded preprocessed data: (19081, 6903)
Original neurons: 7673, Processed neurons: 6903
Data range: 0.000 to 1.000
Selected top 5000 neurons out of 6903 preprocessed neurons
Final dataset shape: (13356, 5000)
Final data statistics - Mean: 0.347, Std: 0.149
train 13317
Loaded preprocessed data: (19081, 6903)
Original neurons: 7673, Processed neurons: 6903
Data range: 0.000 to 1.000
Selected top 5000 neurons out of 6903 preprocessed neurons
Final dataset shape: (1908, 5000)
Final data statistics - Mean: 0.378, Std: 0.158
val 1869
Loaded preprocessed data: (19081, 6903)
Original neurons: 7673, Processed neurons: 6903
Data range: 0.000 to 1.000
Selected top 5000 neurons out of 6903 preprocessed neurons
Final dataset shape: (3849, 5000)
Final data statistics - Mean: 0.325, Std: 0.143
test 3810
	iters: 100, epoch: 1 | loss: 0.0711535
	speed: 0.0768s/iter; left time: 1271.0035s
	iters: 200, epoch: 1 | loss: 0.0729020
	speed: 0.0192s/iter; left time: 315.5991s
	iters: 300, epoch: 1 | loss: 0.0694487
	speed: 0.0208s/iter; left time: 339.1648s
	iters: 400, epoch: 1 | loss: 0.0795949
	speed: 0.0192s/iter; left time: 312.4768s
	iters: 500, epoch: 1 | loss: 0.0701996
	speed: 0.0215s/iter; left time: 346.8782s
	iters: 600, epoch: 1 | loss: 0.0802016
	speed: 0.0225s/iter; left time: 361.5452s
	iters: 700, epoch: 1 | loss: 0.0705365
	speed: 0.0209s/iter; left time: 332.7295s
	iters: 800, epoch: 1 | loss: 0.0652682
	speed: 0.0211s/iter; left time: 334.6045s
	iters: 900, epoch: 1 | loss: 0.0685271
	speed: 0.0198s/iter; left time: 312.0906s
	iters: 1000, epoch: 1 | loss: 0.0690738
	speed: 0.0238s/iter; left time: 371.6199s
	iters: 1100, epoch: 1 | loss: 0.0717505
	speed: 0.0176s/iter; left time: 272.8482s
	iters: 1200, epoch: 1 | loss: 0.0698932
	speed: 0.0207s/iter; left time: 320.1976s
	iters: 1300, epoch: 1 | loss: 0.0711552
	speed: 0.0205s/iter; left time: 314.2565s
	iters: 1400, epoch: 1 | loss: 0.0648828
	speed: 0.0206s/iter; left time: 314.0449s
	iters: 1500, epoch: 1 | loss: 0.0705898
	speed: 0.0201s/iter; left time: 304.3436s
	iters: 1600, epoch: 1 | loss: 0.0686240
	speed: 0.0190s/iter; left time: 285.7907s
Epoch: 1 cost time: 36.05151700973511
Epoch: 1, Steps: 1664 | Train Loss: 0.0702950 Vali Loss: 0.0697788 Test Loss: 0.0635772
Validation loss decreased (inf --> 0.069779).  Saving model ...
Updating learning rate to 0.01
	iters: 100, epoch: 2 | loss: 0.0659925
	speed: 0.1322s/iter; left time: 1967.0968s
	iters: 200, epoch: 2 | loss: 0.0714800
	speed: 0.0243s/iter; left time: 359.2028s
	iters: 300, epoch: 2 | loss: 0.0669382
	speed: 0.0237s/iter; left time: 348.5593s
	iters: 400, epoch: 2 | loss: 0.0696271
	speed: 0.0202s/iter; left time: 293.9294s
	iters: 500, epoch: 2 | loss: 0.0675955
	speed: 0.0203s/iter; left time: 294.5383s
	iters: 600, epoch: 2 | loss: 0.0668858
	speed: 0.0243s/iter; left time: 349.3271s
	iters: 700, epoch: 2 | loss: 0.0652676
	speed: 0.0232s/iter; left time: 331.2450s
	iters: 800, epoch: 2 | loss: 0.0649092
	speed: 0.0223s/iter; left time: 316.1696s
	iters: 900, epoch: 2 | loss: 0.0687130
	speed: 0.0199s/iter; left time: 279.6393s
	iters: 1000, epoch: 2 | loss: 0.0660916
	speed: 0.0250s/iter; left time: 349.8671s
	iters: 1100, epoch: 2 | loss: 0.0653773
	speed: 0.0212s/iter; left time: 293.9347s
	iters: 1200, epoch: 2 | loss: 0.0690555
	speed: 0.0166s/iter; left time: 228.7882s
	iters: 1300, epoch: 2 | loss: 0.0654139
	speed: 0.0222s/iter; left time: 303.6062s
	iters: 1400, epoch: 2 | loss: 0.0694758
	speed: 0.0211s/iter; left time: 286.2554s
	iters: 1500, epoch: 2 | loss: 0.0634790
	speed: 0.0202s/iter; left time: 271.9389s
	iters: 1600, epoch: 2 | loss: 0.0672420
	speed: 0.0251s/iter; left time: 335.2991s
Epoch: 2 cost time: 36.91271924972534
Epoch: 2, Steps: 1664 | Train Loss: 0.0666576 Vali Loss: 0.0690404 Test Loss: 0.0629608
Validation loss decreased (0.069779 --> 0.069040).  Saving model ...
Updating learning rate to 0.005
	iters: 100, epoch: 3 | loss: 0.0682526
	speed: 0.1253s/iter; left time: 1655.5521s
	iters: 200, epoch: 3 | loss: 0.0644934
	speed: 0.0201s/iter; left time: 263.9960s
	iters: 300, epoch: 3 | loss: 0.0656076
	speed: 0.0179s/iter; left time: 232.6418s
	iters: 400, epoch: 3 | loss: 0.0649715
	speed: 0.0201s/iter; left time: 259.1218s
	iters: 500, epoch: 3 | loss: 0.0688506
	speed: 0.0229s/iter; left time: 293.3066s
	iters: 600, epoch: 3 | loss: 0.0629144
	speed: 0.0212s/iter; left time: 269.9560s
	iters: 700, epoch: 3 | loss: 0.0650120
	speed: 0.0211s/iter; left time: 266.5841s
	iters: 800, epoch: 3 | loss: 0.0673760
	speed: 0.0222s/iter; left time: 278.0463s
	iters: 900, epoch: 3 | loss: 0.0688472
	speed: 0.0211s/iter; left time: 262.5297s
	iters: 1000, epoch: 3 | loss: 0.0638544
	speed: 0.0247s/iter; left time: 304.6445s
	iters: 1100, epoch: 3 | loss: 0.0625883
	speed: 0.0191s/iter; left time: 233.6470s
	iters: 1200, epoch: 3 | loss: 0.0662901
	speed: 0.0256s/iter; left time: 310.4088s
	iters: 1300, epoch: 3 | loss: 0.0608314
	speed: 0.0209s/iter; left time: 250.7786s
	iters: 1400, epoch: 3 | loss: 0.0682472
	speed: 0.0230s/iter; left time: 274.4212s
	iters: 1500, epoch: 3 | loss: 0.0654902
	speed: 0.0244s/iter; left time: 287.6516s
	iters: 1600, epoch: 3 | loss: 0.0640911
	speed: 0.0214s/iter; left time: 250.2215s
Epoch: 3 cost time: 35.91922879219055
Epoch: 3, Steps: 1664 | Train Loss: 0.0661104 Vali Loss: 0.0688682 Test Loss: 0.0628192
Validation loss decreased (0.069040 --> 0.068868).  Saving model ...
Updating learning rate to 0.0025
	iters: 100, epoch: 4 | loss: 0.0648977
	speed: 0.1246s/iter; left time: 1439.1525s
	iters: 200, epoch: 4 | loss: 0.0652106
	speed: 0.0206s/iter; left time: 235.7811s
	iters: 300, epoch: 4 | loss: 0.0635936
	speed: 0.0210s/iter; left time: 238.3086s
	iters: 400, epoch: 4 | loss: 0.0698209
	speed: 0.0221s/iter; left time: 248.2959s
	iters: 500, epoch: 4 | loss: 0.0672991
	speed: 0.0216s/iter; left time: 240.7441s
	iters: 600, epoch: 4 | loss: 0.0656942
	speed: 0.0182s/iter; left time: 201.2481s
	iters: 700, epoch: 4 | loss: 0.0655698
	speed: 0.0202s/iter; left time: 220.6640s
	iters: 800, epoch: 4 | loss: 0.0634479
	speed: 0.0229s/iter; left time: 248.4321s
	iters: 900, epoch: 4 | loss: 0.0660953
	speed: 0.0212s/iter; left time: 227.5006s
	iters: 1000, epoch: 4 | loss: 0.0674756
	speed: 0.0214s/iter; left time: 228.0141s
	iters: 1100, epoch: 4 | loss: 0.0660553
	speed: 0.0194s/iter; left time: 204.6445s
	iters: 1200, epoch: 4 | loss: 0.0661425
	speed: 0.0234s/iter; left time: 244.8253s
	iters: 1300, epoch: 4 | loss: 0.0637847
	speed: 0.0255s/iter; left time: 264.0052s
	iters: 1400, epoch: 4 | loss: 0.0680599
	speed: 0.0226s/iter; left time: 232.0143s
	iters: 1500, epoch: 4 | loss: 0.0651176
	speed: 0.0206s/iter; left time: 209.0918s
	iters: 1600, epoch: 4 | loss: 0.0668809
	speed: 0.0211s/iter; left time: 211.8781s
Epoch: 4 cost time: 36.17764353752136
Epoch: 4, Steps: 1664 | Train Loss: 0.0658859 Vali Loss: 0.0688415 Test Loss: 0.0627714
Validation loss decreased (0.068868 --> 0.068842).  Saving model ...
Updating learning rate to 0.00125
	iters: 100, epoch: 5 | loss: 0.0692710
	speed: 0.1239s/iter; left time: 1224.9774s
	iters: 200, epoch: 5 | loss: 0.0645669
	speed: 0.0186s/iter; left time: 181.8631s
	iters: 300, epoch: 5 | loss: 0.0662795
	speed: 0.0224s/iter; left time: 217.2436s
	iters: 400, epoch: 5 | loss: 0.0616736
	speed: 0.0225s/iter; left time: 215.6761s
	iters: 500, epoch: 5 | loss: 0.0656920
	speed: 0.0206s/iter; left time: 195.5679s
	iters: 600, epoch: 5 | loss: 0.0673132
	speed: 0.0246s/iter; left time: 230.9915s
	iters: 700, epoch: 5 | loss: 0.0646021
	speed: 0.0228s/iter; left time: 211.5252s
	iters: 800, epoch: 5 | loss: 0.0628305
	speed: 0.0271s/iter; left time: 249.2009s
	iters: 900, epoch: 5 | loss: 0.0643157
	speed: 0.0253s/iter; left time: 230.0678s
	iters: 1000, epoch: 5 | loss: 0.0663442
	speed: 0.0229s/iter; left time: 206.0259s
	iters: 1100, epoch: 5 | loss: 0.0681220
	speed: 0.0208s/iter; left time: 185.1843s
	iters: 1200, epoch: 5 | loss: 0.0664262
	speed: 0.0191s/iter; left time: 167.4824s
	iters: 1300, epoch: 5 | loss: 0.0644849
	speed: 0.0198s/iter; left time: 171.8403s
	iters: 1400, epoch: 5 | loss: 0.0676074
	speed: 0.0247s/iter; left time: 212.4082s
	iters: 1500, epoch: 5 | loss: 0.0647890
	speed: 0.0241s/iter; left time: 204.8801s
	iters: 1600, epoch: 5 | loss: 0.0646405
	speed: 0.0236s/iter; left time: 197.9637s
Epoch: 5 cost time: 37.496636390686035
Epoch: 5, Steps: 1664 | Train Loss: 0.0657571 Vali Loss: 0.0686890 Test Loss: 0.0626386
Validation loss decreased (0.068842 --> 0.068689).  Saving model ...
Updating learning rate to 0.000625
	iters: 100, epoch: 6 | loss: 0.0668500
	speed: 0.1232s/iter; left time: 1012.9408s
	iters: 200, epoch: 6 | loss: 0.0677636
	speed: 0.0228s/iter; left time: 184.8954s
	iters: 300, epoch: 6 | loss: 0.0644260
	speed: 0.0249s/iter; left time: 199.5860s
	iters: 400, epoch: 6 | loss: 0.0653917
	speed: 0.0222s/iter; left time: 176.0826s
	iters: 500, epoch: 6 | loss: 0.0620421
	speed: 0.0202s/iter; left time: 157.7746s
	iters: 600, epoch: 6 | loss: 0.0662201
	speed: 0.0210s/iter; left time: 162.2232s
	iters: 700, epoch: 6 | loss: 0.0665758
	speed: 0.0221s/iter; left time: 168.5884s
	iters: 800, epoch: 6 | loss: 0.0651400
	speed: 0.0246s/iter; left time: 185.0131s
	iters: 900, epoch: 6 | loss: 0.0648403
	speed: 0.0211s/iter; left time: 156.6512s
	iters: 1000, epoch: 6 | loss: 0.0686667
	speed: 0.0235s/iter; left time: 172.1683s
	iters: 1100, epoch: 6 | loss: 0.0715228
	speed: 0.0233s/iter; left time: 167.9368s
	iters: 1200, epoch: 6 | loss: 0.0608444
	speed: 0.0193s/iter; left time: 137.2323s
	iters: 1300, epoch: 6 | loss: 0.0621720
	speed: 0.0227s/iter; left time: 159.6704s
	iters: 1400, epoch: 6 | loss: 0.0683025
	speed: 0.0185s/iter; left time: 127.9080s
	iters: 1500, epoch: 6 | loss: 0.0673672
	speed: 0.0199s/iter; left time: 135.5242s
	iters: 1600, epoch: 6 | loss: 0.0668066
	speed: 0.0217s/iter; left time: 145.9299s
Epoch: 6 cost time: 36.44707226753235
Epoch: 6, Steps: 1664 | Train Loss: 0.0656717 Vali Loss: 0.0687611 Test Loss: 0.0626816
EarlyStopping counter: 1 out of 3
Updating learning rate to 0.0003125
	iters: 100, epoch: 7 | loss: 0.0634742
	speed: 0.1139s/iter; left time: 746.9067s
	iters: 200, epoch: 7 | loss: 0.0636280
	speed: 0.0198s/iter; left time: 127.9247s
	iters: 300, epoch: 7 | loss: 0.0684060
	speed: 0.0158s/iter; left time: 100.1324s
	iters: 400, epoch: 7 | loss: 0.0678866
	speed: 0.0212s/iter; left time: 132.8769s
	iters: 500, epoch: 7 | loss: 0.0658705
	speed: 0.0196s/iter; left time: 120.8299s
	iters: 600, epoch: 7 | loss: 0.0649859
	speed: 0.0240s/iter; left time: 145.3662s
	iters: 700, epoch: 7 | loss: 0.0653200
	speed: 0.0233s/iter; left time: 138.9286s
	iters: 800, epoch: 7 | loss: 0.0610711
	speed: 0.0225s/iter; left time: 131.8602s
	iters: 900, epoch: 7 | loss: 0.0657719
	speed: 0.0212s/iter; left time: 121.8377s
	iters: 1000, epoch: 7 | loss: 0.0660161
	speed: 0.0210s/iter; left time: 119.0023s
	iters: 1100, epoch: 7 | loss: 0.0657040
	speed: 0.0214s/iter; left time: 118.9543s
	iters: 1200, epoch: 7 | loss: 0.0654087
	speed: 0.0170s/iter; left time: 92.6179s
	iters: 1300, epoch: 7 | loss: 0.0692711
	speed: 0.0173s/iter; left time: 92.5625s
	iters: 1400, epoch: 7 | loss: 0.0652652
	speed: 0.0224s/iter; left time: 117.5164s
	iters: 1500, epoch: 7 | loss: 0.0662580
	speed: 0.0230s/iter; left time: 118.7728s
	iters: 1600, epoch: 7 | loss: 0.0658119
	speed: 0.0187s/iter; left time: 94.7566s
Epoch: 7 cost time: 34.264572858810425
Epoch: 7, Steps: 1664 | Train Loss: 0.0656416 Vali Loss: 0.0686483 Test Loss: 0.0626400
Validation loss decreased (0.068689 --> 0.068648).  Saving model ...
Updating learning rate to 0.00015625
	iters: 100, epoch: 8 | loss: 0.0660219
	speed: 0.1333s/iter; left time: 652.0539s
	iters: 200, epoch: 8 | loss: 0.0630733
	speed: 0.0168s/iter; left time: 80.2862s
	iters: 300, epoch: 8 | loss: 0.0640605
	speed: 0.0206s/iter; left time: 96.7914s
	iters: 400, epoch: 8 | loss: 0.0636174
	speed: 0.0160s/iter; left time: 73.4695s
	iters: 500, epoch: 8 | loss: 0.0647114
	speed: 0.0192s/iter; left time: 86.4781s
	iters: 600, epoch: 8 | loss: 0.0678449
	speed: 0.0184s/iter; left time: 80.9833s
	iters: 700, epoch: 8 | loss: 0.0656922
	speed: 0.0187s/iter; left time: 80.0979s
	iters: 800, epoch: 8 | loss: 0.0671340
	speed: 0.0194s/iter; left time: 81.2995s
	iters: 900, epoch: 8 | loss: 0.0660893
	speed: 0.0192s/iter; left time: 78.7476s
	iters: 1000, epoch: 8 | loss: 0.0619925
	speed: 0.0180s/iter; left time: 71.7299s
	iters: 1100, epoch: 8 | loss: 0.0623506
	speed: 0.0254s/iter; left time: 98.8506s
	iters: 1200, epoch: 8 | loss: 0.0649791
	speed: 0.0209s/iter; left time: 79.1533s
	iters: 1300, epoch: 8 | loss: 0.0626055
	speed: 0.0184s/iter; left time: 67.9598s
	iters: 1400, epoch: 8 | loss: 0.0668370
	speed: 0.0213s/iter; left time: 76.4950s
	iters: 1500, epoch: 8 | loss: 0.0667770
	speed: 0.0200s/iter; left time: 69.8026s
	iters: 1600, epoch: 8 | loss: 0.0702876
	speed: 0.0165s/iter; left time: 56.0654s
Epoch: 8 cost time: 32.63019561767578
Epoch: 8, Steps: 1664 | Train Loss: 0.0655983 Vali Loss: 0.0686363 Test Loss: 0.0626023
Validation loss decreased (0.068648 --> 0.068636).  Saving model ...
Updating learning rate to 7.8125e-05
	iters: 100, epoch: 9 | loss: 0.0684024
	speed: 0.1239s/iter; left time: 400.1524s
	iters: 200, epoch: 9 | loss: 0.0656130
	speed: 0.0215s/iter; left time: 67.1505s
	iters: 300, epoch: 9 | loss: 0.0668295
	speed: 0.0239s/iter; left time: 72.2555s
	iters: 400, epoch: 9 | loss: 0.0652838
	speed: 0.0199s/iter; left time: 58.1781s
	iters: 500, epoch: 9 | loss: 0.0658597
	speed: 0.0220s/iter; left time: 62.3620s
	iters: 600, epoch: 9 | loss: 0.0652050
	speed: 0.0178s/iter; left time: 48.6807s
	iters: 700, epoch: 9 | loss: 0.0663198
	speed: 0.0186s/iter; left time: 48.8739s
	iters: 800, epoch: 9 | loss: 0.0657716
	speed: 0.0201s/iter; left time: 50.9526s
	iters: 900, epoch: 9 | loss: 0.0657806
	speed: 0.0195s/iter; left time: 47.3513s
	iters: 1000, epoch: 9 | loss: 0.0643153
	speed: 0.0192s/iter; left time: 44.6104s
	iters: 1100, epoch: 9 | loss: 0.0677189
	speed: 0.0248s/iter; left time: 55.2071s
	iters: 1200, epoch: 9 | loss: 0.0671353
	speed: 0.0190s/iter; left time: 40.5441s
	iters: 1300, epoch: 9 | loss: 0.0645913
	speed: 0.0253s/iter; left time: 51.3896s
	iters: 1400, epoch: 9 | loss: 0.0650029
	speed: 0.0198s/iter; left time: 38.2039s
	iters: 1500, epoch: 9 | loss: 0.0649107
	speed: 0.0232s/iter; left time: 42.4047s
	iters: 1600, epoch: 9 | loss: 0.0669445
	speed: 0.0217s/iter; left time: 37.5983s
Epoch: 9 cost time: 35.354389667510986
Epoch: 9, Steps: 1664 | Train Loss: 0.0655835 Vali Loss: 0.0686382 Test Loss: 0.0626129
EarlyStopping counter: 1 out of 3
Updating learning rate to 3.90625e-05
	iters: 100, epoch: 10 | loss: 0.0659508
	speed: 0.1186s/iter; left time: 185.6179s
	iters: 200, epoch: 10 | loss: 0.0652785
	speed: 0.0206s/iter; left time: 30.1349s
	iters: 300, epoch: 10 | loss: 0.0637445
	speed: 0.0213s/iter; left time: 29.0164s
	iters: 400, epoch: 10 | loss: 0.0675456
	speed: 0.0245s/iter; left time: 30.9550s
	iters: 500, epoch: 10 | loss: 0.0687990
	speed: 0.0243s/iter; left time: 28.3189s
	iters: 600, epoch: 10 | loss: 0.0624945
	speed: 0.0210s/iter; left time: 22.4045s
	iters: 700, epoch: 10 | loss: 0.0654260
	speed: 0.0183s/iter; left time: 17.6968s
	iters: 800, epoch: 10 | loss: 0.0626069
	speed: 0.0220s/iter; left time: 19.0462s
	iters: 900, epoch: 10 | loss: 0.0694119
	speed: 0.0203s/iter; left time: 15.5436s
	iters: 1000, epoch: 10 | loss: 0.0664289
	speed: 0.0242s/iter; left time: 16.0601s
	iters: 1100, epoch: 10 | loss: 0.0664336
	speed: 0.0233s/iter; left time: 13.1826s
	iters: 1200, epoch: 10 | loss: 0.0643101
	speed: 0.0217s/iter; left time: 10.0775s
	iters: 1300, epoch: 10 | loss: 0.0662806
	speed: 0.0245s/iter; left time: 8.9434s
	iters: 1400, epoch: 10 | loss: 0.0638373
	speed: 0.0225s/iter; left time: 5.9501s
	iters: 1500, epoch: 10 | loss: 0.0674164
	speed: 0.0235s/iter; left time: 3.8715s
	iters: 1600, epoch: 10 | loss: 0.0641205
	speed: 0.0228s/iter; left time: 1.4820s
Epoch: 10 cost time: 37.60575580596924
Epoch: 10, Steps: 1664 | Train Loss: 0.0655768 Vali Loss: 0.0686564 Test Loss: 0.0626139
EarlyStopping counter: 2 out of 3
Updating learning rate to 1.953125e-05
>>>>>>>testing : TSMixer_32_8_TSMixer_Activity_ftM_sl32_ll4_pl8_dm512_nh8_el2_dl1_df2048_fc1_ebtimeF_dtTrue_Exp_0<<<<<<<<<<<<<<<<<<<<<<<<<<<<<<<<<
Loaded preprocessed data: (19081, 6903)
Original neurons: 7673, Processed neurons: 6903
Data range: 0.000 to 1.000
Selected top 5000 neurons out of 6903 preprocessed neurons
Final dataset shape: (3849, 5000)
Final data statistics - Mean: 0.325, Std: 0.143
test 3810
mse:0.008074017241597176, mae:0.06258240342140198
