Args in experiment:
Namespace(is_training=1, train_only=False, model_id='Informer_16_8', model='Informer', data='Activity', root_path='/cs/student/projects1/aibh/2024/gcosta/mpci_data/', data_path='session_5ea6bb9b-6163-4e8a-816b-efe7002666b0_7000.h5', features='M', target='OT', freq='m', checkpoints='./checkpoints/', seq_len=16, label_len=8, pred_len=8, individual=False, embed_type=0, enc_in=7000, dec_in=7000, c_out=7000, d_model=512, n_heads=8, e_layers=2, d_layers=1, d_ff=2048, moving_avg=25, factor=1, distil=True, dropout=0.05, embed='timeF', activation='gelu', output_attention=False, do_predict=False, num_workers=10, itr=1, train_epochs=10, batch_size=8, patience=3, learning_rate=0.0001, des='Exp', experiment_name='ActivityShort7000N', loss='mae', lradj='type1', use_amp=False, use_gpu=True, gpu=0, use_multi_gpu=False, devices='0,1,2,3', test_flop=False)
Use GPU: cuda:0
>>>>>>>start training : Informer_16_8_Informer_Activity_ftM_sl16_ll8_pl8_dm512_nh8_el2_dl1_df2048_fc1_ebtimeF_dtTrue_Exp_0>>>>>>>>>>>>>>>>>>>>>>>>>>
Loaded preprocessed data: (18309, 7000)
Original neurons: 11393, current: 7000
Data range: -0.250 to 1.500
Temporal split - Total time: 18309
Train: 0 to 12816 (70.0%)
Val: 12816 to 16478 (20.0%)
Test: 16478 to 18309 (10.0%)
Current split (train): 0 to 12816
Using pre-selected top 7000 neurons from HDF5 file.
Full dataset shape: (12816, 7000)
Data statistics - Mean: 0.345, Std: 0.198
train 12793
Loaded preprocessed data: (18309, 7000)
Original neurons: 11393, current: 7000
Data range: -0.250 to 1.500
Temporal split - Total time: 18309
Train: 0 to 12816 (70.0%)
Val: 12816 to 16478 (20.0%)
Test: 16478 to 18309 (10.0%)
Current split (val): 12800 to 16478
Using pre-selected top 7000 neurons from HDF5 file.
Full dataset shape: (3678, 7000)
Data statistics - Mean: 0.353, Std: 0.200
val 3655
Loaded preprocessed data: (18309, 7000)
Original neurons: 11393, current: 7000
Data range: -0.250 to 1.500
Temporal split - Total time: 18309
Train: 0 to 12816 (70.0%)
Val: 12816 to 16478 (20.0%)
Test: 16478 to 18309 (10.0%)
Current split (test): 16462 to 18309
Using pre-selected top 7000 neurons from HDF5 file.
Full dataset shape: (1847, 7000)
Data statistics - Mean: 0.320, Std: 0.193
test 1824
Epoch: 1 cost time: 51.472797870635986
Epoch: 1, Steps: 1599 | Train Loss: 0.1344204 Vali Loss: 0.1259881 Test Loss: 0.1209980
Validation loss decreased (inf --> 0.125988).  Saving model ...
Updating learning rate to 0.0001
Epoch: 2 cost time: 51.14428663253784
Epoch: 2, Steps: 1599 | Train Loss: 0.1220699 Vali Loss: 0.1249703 Test Loss: 0.1198574
Validation loss decreased (0.125988 --> 0.124970).  Saving model ...
Updating learning rate to 5e-05
Epoch: 3 cost time: 51.531150817871094
Epoch: 3, Steps: 1599 | Train Loss: 0.1205815 Vali Loss: 0.1248014 Test Loss: 0.1197638
Validation loss decreased (0.124970 --> 0.124801).  Saving model ...
Updating learning rate to 2.5e-05
Epoch: 4 cost time: 51.115583419799805
Epoch: 4, Steps: 1599 | Train Loss: 0.1198773 Vali Loss: 0.1242166 Test Loss: 0.1189013
Validation loss decreased (0.124801 --> 0.124217).  Saving model ...
Updating learning rate to 1.25e-05
Epoch: 5 cost time: 51.407673597335815
Epoch: 5, Steps: 1599 | Train Loss: 0.1194935 Vali Loss: 0.1235460 Test Loss: 0.1183409
Validation loss decreased (0.124217 --> 0.123546).  Saving model ...
Updating learning rate to 6.25e-06
Epoch: 6 cost time: 51.365062952041626
Epoch: 6, Steps: 1599 | Train Loss: 0.1192788 Vali Loss: 0.1234307 Test Loss: 0.1182336
Validation loss decreased (0.123546 --> 0.123431).  Saving model ...
Updating learning rate to 3.125e-06
Epoch: 7 cost time: 45.65484166145325
Epoch: 7, Steps: 1599 | Train Loss: 0.1191870 Vali Loss: 0.1233727 Test Loss: 0.1182035
Validation loss decreased (0.123431 --> 0.123373).  Saving model ...
Updating learning rate to 1.5625e-06
Epoch: 8 cost time: 42.96994733810425
Epoch: 8, Steps: 1599 | Train Loss: 0.1191155 Vali Loss: 0.1233771 Test Loss: 0.1181942
EarlyStopping counter: 1 out of 3
Updating learning rate to 7.8125e-07
Epoch: 9 cost time: 42.93465232849121
Epoch: 9, Steps: 1599 | Train Loss: 0.1190777 Vali Loss: 0.1233627 Test Loss: 0.1181903
Validation loss decreased (0.123373 --> 0.123363).  Saving model ...
Updating learning rate to 3.90625e-07
Epoch: 10 cost time: 33.97744297981262
Epoch: 10, Steps: 1599 | Train Loss: 0.1190627 Vali Loss: 0.1233810 Test Loss: 0.1182103
EarlyStopping counter: 1 out of 3
Updating learning rate to 1.953125e-07
>>>>>>>testing : Informer_16_8_Informer_Activity_ftM_sl16_ll8_pl8_dm512_nh8_el2_dl1_df2048_fc1_ebtimeF_dtTrue_Exp_0<<<<<<<<<<<<<<<<<<<<<<<<<<<<<<<<<
Loaded preprocessed data: (18309, 7000)
Original neurons: 11393, current: 7000
Data range: -0.250 to 1.500
Temporal split - Total time: 18309
Train: 0 to 12816 (70.0%)
Val: 12816 to 16478 (20.0%)
Test: 16478 to 18309 (10.0%)
Current split (test): 16462 to 18309
Using pre-selected top 7000 neurons from HDF5 file.
Full dataset shape: (1847, 7000)
Data statistics - Mean: 0.320, Std: 0.193
test 1824
mse:0.027328327298164368, mae:0.1181890144944191
