Args in experiment:
Namespace(is_training=1, train_only=False, model_id='POCO_16_8', model='POCO', data='Activity', root_path='/cs/student/projects1/aibh/2024/gcosta/mpci_data/', data_path='session_5ea6bb9b-6163-4e8a-816b-efe7002666b0_7000.h5', features='M', target='OT', freq='h', checkpoints='./checkpoints/', seq_len=16, label_len=8, pred_len=8, individual=False, embed_type=0, enc_in=7000, dec_in=7, c_out=7000, d_model=512, n_heads=8, e_layers=2, d_layers=1, d_ff=2048, moving_avg=25, factor=1, distil=True, dropout=0.05, embed='timeF', activation='gelu', output_attention=False, do_predict=False, num_workers=5, itr=1, train_epochs=10, batch_size=8, patience=1, learning_rate=0.0001, des='Exp', experiment_name='ActivityShort7000N', loss='mae', lradj='type1', use_amp=False, use_gpu=True, gpu=0, use_multi_gpu=False, devices='0,1,2,3', test_flop=False)
Use GPU: cuda:0
>>>>>>>start training : POCO_16_8_POCO_Activity_ftM_sl16_ll8_pl8_dm512_nh8_el2_dl1_df2048_fc1_ebtimeF_dtTrue_Exp_0>>>>>>>>>>>>>>>>>>>>>>>>>>
Loaded preprocessed data: (18309, 7000)
Original neurons: 11393, current: 7000
Data range: -0.250 to 1.500
Temporal split - Total time: 18309
Train: 0 to 12816 (70.0%)
Val: 12816 to 16478 (20.0%)
Test: 16478 to 18309 (10.0%)
Current split (train): 0 to 12816
Using pre-selected top 7000 neurons from HDF5 file.
Full dataset shape: (12816, 7000)
Data statistics - Mean: 0.345, Std: 0.198
train 12793
Loaded preprocessed data: (18309, 7000)
Original neurons: 11393, current: 7000
Data range: -0.250 to 1.500
Temporal split - Total time: 18309
Train: 0 to 12816 (70.0%)
Val: 12816 to 16478 (20.0%)
Test: 16478 to 18309 (10.0%)
Current split (val): 12800 to 16478
Using pre-selected top 7000 neurons from HDF5 file.
Full dataset shape: (3678, 7000)
Data statistics - Mean: 0.353, Std: 0.200
val 3655
Loaded preprocessed data: (18309, 7000)
Original neurons: 11393, current: 7000
Data range: -0.250 to 1.500
Temporal split - Total time: 18309
Train: 0 to 12816 (70.0%)
Val: 12816 to 16478 (20.0%)
Test: 16478 to 18309 (10.0%)
Current split (test): 16462 to 18309
Using pre-selected top 7000 neurons from HDF5 file.
Full dataset shape: (1847, 7000)
Data statistics - Mean: 0.320, Std: 0.193
test 1824
Epoch: 1 cost time: 75.73849153518677
Epoch: 1, Steps: 1599 | Train Loss: 0.1195885 Vali Loss: 0.1189028 Test Loss: 0.1133885
Validation loss decreased (inf --> 0.118903).  Saving model ...
Updating learning rate to 0.0001
Epoch: 2 cost time: 75.90649962425232
Epoch: 2, Steps: 1599 | Train Loss: 0.1162785 Vali Loss: 0.1187762 Test Loss: 0.1130398
Validation loss decreased (0.118903 --> 0.118776).  Saving model ...
Updating learning rate to 5e-05
Epoch: 3 cost time: 75.77980017662048
Epoch: 3, Steps: 1599 | Train Loss: 0.1159808 Vali Loss: 0.1185422 Test Loss: 0.1128122
Validation loss decreased (0.118776 --> 0.118542).  Saving model ...
Updating learning rate to 2.5e-05
Epoch: 4 cost time: 67.80000901222229
Epoch: 4, Steps: 1599 | Train Loss: 0.1158793 Vali Loss: 0.1184476 Test Loss: 0.1127699
Validation loss decreased (0.118542 --> 0.118448).  Saving model ...
Updating learning rate to 1.25e-05
Epoch: 5 cost time: 64.73813581466675
Epoch: 5, Steps: 1599 | Train Loss: 0.1158264 Vali Loss: 0.1185059 Test Loss: 0.1127742
EarlyStopping counter: 1 out of 1
Early stopping
>>>>>>>testing : POCO_16_8_POCO_Activity_ftM_sl16_ll8_pl8_dm512_nh8_el2_dl1_df2048_fc1_ebtimeF_dtTrue_Exp_0<<<<<<<<<<<<<<<<<<<<<<<<<<<<<<<<<
Loaded preprocessed data: (18309, 7000)
Original neurons: 11393, current: 7000
Data range: -0.250 to 1.500
Temporal split - Total time: 18309
Train: 0 to 12816 (70.0%)
Val: 12816 to 16478 (20.0%)
Test: 16478 to 18309 (10.0%)
Current split (test): 16462 to 18309
Using pre-selected top 7000 neurons from HDF5 file.
Full dataset shape: (1847, 7000)
Data statistics - Mean: 0.320, Std: 0.193
test 1824
mse:0.024219844490289688, mae:0.11276978254318237
