Args in experiment:
Namespace(is_training=1, train_only=False, model_id='Transformer_16_8', model='Transformer', data='Activity', root_path='/cs/student/projects1/aibh/2024/gcosta/mpci_data/', data_path='session_5ea6bb9b-6163-4e8a-816b-efe7002666b0_7000.h5', features='M', target='OT', freq='m', checkpoints='./checkpoints/', seq_len=16, label_len=8, pred_len=8, individual=False, embed_type=0, enc_in=7000, dec_in=7000, c_out=7000, d_model=512, n_heads=8, e_layers=2, d_layers=1, d_ff=2048, moving_avg=25, factor=1, distil=True, dropout=0.05, embed='timeF', activation='gelu', output_attention=False, do_predict=False, num_workers=10, itr=1, train_epochs=10, batch_size=8, patience=3, learning_rate=0.0001, des='Exp', experiment_name='ActivityShort7000N', loss='mae', lradj='type1', use_amp=False, use_gpu=True, gpu=0, use_multi_gpu=False, devices='0,1,2,3', test_flop=False)
Use GPU: cuda:0
>>>>>>>start training : Transformer_16_8_Transformer_Activity_ftM_sl16_ll8_pl8_dm512_nh8_el2_dl1_df2048_fc1_ebtimeF_dtTrue_Exp_0>>>>>>>>>>>>>>>>>>>>>>>>>>
Loaded preprocessed data: (18309, 7000)
Original neurons: 11393, current: 7000
Data range: -0.250 to 1.500
Temporal split - Total time: 18309
Train: 0 to 12816 (70.0%)
Val: 12816 to 16478 (20.0%)
Test: 16478 to 18309 (10.0%)
Current split (train): 0 to 12816
Using pre-selected top 7000 neurons from HDF5 file.
Full dataset shape: (12816, 7000)
Data statistics - Mean: 0.345, Std: 0.198
train 12793
Loaded preprocessed data: (18309, 7000)
Original neurons: 11393, current: 7000
Data range: -0.250 to 1.500
Temporal split - Total time: 18309
Train: 0 to 12816 (70.0%)
Val: 12816 to 16478 (20.0%)
Test: 16478 to 18309 (10.0%)
Current split (val): 12800 to 16478
Using pre-selected top 7000 neurons from HDF5 file.
Full dataset shape: (3678, 7000)
Data statistics - Mean: 0.353, Std: 0.200
val 3655
Loaded preprocessed data: (18309, 7000)
Original neurons: 11393, current: 7000
Data range: -0.250 to 1.500
Temporal split - Total time: 18309
Train: 0 to 12816 (70.0%)
Val: 12816 to 16478 (20.0%)
Test: 16478 to 18309 (10.0%)
Current split (test): 16462 to 18309
Using pre-selected top 7000 neurons from HDF5 file.
Full dataset shape: (1847, 7000)
Data statistics - Mean: 0.320, Std: 0.193
test 1824
Epoch: 1 cost time: 46.978577852249146
Epoch: 1, Steps: 1599 | Train Loss: 0.1326284 Vali Loss: 0.1254303 Test Loss: 0.1203068
Validation loss decreased (inf --> 0.125430).  Saving model ...
Updating learning rate to 0.0001
Epoch: 2 cost time: 46.45225739479065
Epoch: 2, Steps: 1599 | Train Loss: 0.1215763 Vali Loss: 0.1238898 Test Loss: 0.1188618
Validation loss decreased (0.125430 --> 0.123890).  Saving model ...
Updating learning rate to 5e-05
Epoch: 3 cost time: 45.897008180618286
Epoch: 3, Steps: 1599 | Train Loss: 0.1200602 Vali Loss: 0.1233762 Test Loss: 0.1182282
Validation loss decreased (0.123890 --> 0.123376).  Saving model ...
Updating learning rate to 2.5e-05
Epoch: 4 cost time: 47.65971899032593
Epoch: 4, Steps: 1599 | Train Loss: 0.1192820 Vali Loss: 0.1231430 Test Loss: 0.1179691
Validation loss decreased (0.123376 --> 0.123143).  Saving model ...
Updating learning rate to 1.25e-05
Epoch: 5 cost time: 41.58793663978577
Epoch: 5, Steps: 1599 | Train Loss: 0.1188853 Vali Loss: 0.1230865 Test Loss: 0.1179469
Validation loss decreased (0.123143 --> 0.123087).  Saving model ...
Updating learning rate to 6.25e-06
Epoch: 6 cost time: 30.218697786331177
Epoch: 6, Steps: 1599 | Train Loss: 0.1186392 Vali Loss: 0.1230305 Test Loss: 0.1179205
Validation loss decreased (0.123087 --> 0.123030).  Saving model ...
Updating learning rate to 3.125e-06
Epoch: 7 cost time: 30.36795473098755
Epoch: 7, Steps: 1599 | Train Loss: 0.1185064 Vali Loss: 0.1230124 Test Loss: 0.1179293
Validation loss decreased (0.123030 --> 0.123012).  Saving model ...
Updating learning rate to 1.5625e-06
Epoch: 8 cost time: 25.898844003677368
Epoch: 8, Steps: 1599 | Train Loss: 0.1184533 Vali Loss: 0.1230079 Test Loss: 0.1179203
Validation loss decreased (0.123012 --> 0.123008).  Saving model ...
Updating learning rate to 7.8125e-07
Epoch: 9 cost time: 25.331992864608765
Epoch: 9, Steps: 1599 | Train Loss: 0.1183976 Vali Loss: 0.1229980 Test Loss: 0.1179372
Validation loss decreased (0.123008 --> 0.122998).  Saving model ...
Updating learning rate to 3.90625e-07
Epoch: 10 cost time: 25.739513397216797
Epoch: 10, Steps: 1599 | Train Loss: 0.1184004 Vali Loss: 0.1229988 Test Loss: 0.1179128
EarlyStopping counter: 1 out of 3
Updating learning rate to 1.953125e-07
>>>>>>>testing : Transformer_16_8_Transformer_Activity_ftM_sl16_ll8_pl8_dm512_nh8_el2_dl1_df2048_fc1_ebtimeF_dtTrue_Exp_0<<<<<<<<<<<<<<<<<<<<<<<<<<<<<<<<<
Loaded preprocessed data: (18309, 7000)
Original neurons: 11393, current: 7000
Data range: -0.250 to 1.500
Temporal split - Total time: 18309
Train: 0 to 12816 (70.0%)
Val: 12816 to 16478 (20.0%)
Test: 16478 to 18309 (10.0%)
Current split (test): 16462 to 18309
Using pre-selected top 7000 neurons from HDF5 file.
Full dataset shape: (1847, 7000)
Data statistics - Mean: 0.320, Std: 0.193
test 1824
mse:0.027093971148133278, mae:0.11793754249811172
