Args in experiment:
Namespace(is_training=1, train_only=False, model_id='Linear_48_16', model='Linear', data='ActivityBehavioral', root_path='/cs/student/projects1/aibh/2024/gcosta/mpci_data/', data_path='session_5ea6bb9b-6163-4e8a-816b-efe7002666b0_7000_passive.h5', features='M', target='OT', freq='h', checkpoints='./checkpoints/', seq_len=48, label_len=16, pred_len=16, individual=False, embed_type=0, enc_in=7000, dec_in=7, c_out=7000, d_model=512, n_heads=8, e_layers=2, d_layers=1, d_ff=2048, moving_avg=25, factor=1, distil=True, dropout=0.05, embed='timeF', activation='gelu', output_attention=False, do_predict=False, num_workers=5, itr=1, train_epochs=10, batch_size=8, patience=3, learning_rate=0.0001, des='Exp', experiment_name='ActivityLongBehavioral7000N', loss='mae', lradj='type1', use_amp=False, use_gpu=True, gpu=0, use_multi_gpu=False, devices='0,1,2,3', test_flop=False, feature_idx=69)
Use GPU: cuda:0
>>>>>>>start training : Linear_48_16_Linear_ActivityBehavioral_ftM_sl48_ll16_pl16_dm512_nh8_el2_dl1_df2048_fc1_ebtimeF_dtTrue_Exp_0>>>>>>>>>>>>>>>>>>>>>>>>>>
Loaded preprocessed data: (22074, 7000)
Original neurons: 11393, current: 7000
Data range: -0.250 to 1.500
=== BEHAVIORAL SPLIT ANALYSIS ===
Total recording: 22074 timesteps (4513.4 seconds)
Active period: 0 to 18309 (3665.3 seconds)
Passive period: 18309 to 22074 (848.1 seconds)
Active/Passive ratio: 81.2% / 18.8%
Train split within active: 0 to 14647
Val split within active: 14647 to 18309
=== TRAIN SPLIT DATA ===
Split range: timesteps 0 to 14647
Split data shape: (14647, 7000)
Data statistics - Mean: 0.316, Std: 0.187
Available sequences: 14584
train 14584
Loaded preprocessed data: (22074, 7000)
Original neurons: 11393, current: 7000
Data range: -0.250 to 1.500
=== VALIDATION SPLIT DATA ===
Split range: timesteps 14647 to 18309
Split data shape: (3662, 7000)
Data statistics - Mean: 0.316, Std: 0.189
Available sequences: 3599
val 3599
Loaded preprocessed data: (22074, 7000)
Original neurons: 11393, current: 7000
Data range: -0.250 to 1.500
=== TEST (PASSIVE) SPLIT DATA ===
Split range: timesteps 18309 to 22074
Split data shape: (3765, 7000)
Data statistics - Mean: 0.343, Std: 0.216
Available sequences: 3702
test 3702
Epoch: 1 cost time: 20.02254056930542
Epoch: 1, Steps: 1823 | Train Loss: 0.1368158 Vali Loss: 0.1238059 Test Loss: 0.1398582
Validation loss decreased (inf --> 0.123806).  Saving model ...
Updating learning rate to 0.0001
Epoch: 2 cost time: 20.759926319122314
Epoch: 2, Steps: 1823 | Train Loss: 0.1177071 Vali Loss: 0.1157169 Test Loss: 0.1306541
Validation loss decreased (0.123806 --> 0.115717).  Saving model ...
Updating learning rate to 5e-05
Epoch: 3 cost time: 20.94336438179016
Epoch: 3, Steps: 1823 | Train Loss: 0.1131084 Vali Loss: 0.1136360 Test Loss: 0.1282654
Validation loss decreased (0.115717 --> 0.113636).  Saving model ...
Updating learning rate to 2.5e-05
Epoch: 4 cost time: 20.97923231124878
Epoch: 4, Steps: 1823 | Train Loss: 0.1118546 Vali Loss: 0.1130375 Test Loss: 0.1276189
Validation loss decreased (0.113636 --> 0.113037).  Saving model ...
Updating learning rate to 1.25e-05
Epoch: 5 cost time: 20.872782468795776
Epoch: 5, Steps: 1823 | Train Loss: 0.1114982 Vali Loss: 0.1128700 Test Loss: 0.1274177
Validation loss decreased (0.113037 --> 0.112870).  Saving model ...
Updating learning rate to 6.25e-06
Epoch: 6 cost time: 20.86726188659668
Epoch: 6, Steps: 1823 | Train Loss: 0.1113877 Vali Loss: 0.1128087 Test Loss: 0.1273268
Validation loss decreased (0.112870 --> 0.112809).  Saving model ...
Updating learning rate to 3.125e-06
Epoch: 7 cost time: 20.74189305305481
Epoch: 7, Steps: 1823 | Train Loss: 0.1113463 Vali Loss: 0.1127770 Test Loss: 0.1273038
Validation loss decreased (0.112809 --> 0.112777).  Saving model ...
Updating learning rate to 1.5625e-06
Epoch: 8 cost time: 20.46215033531189
Epoch: 8, Steps: 1823 | Train Loss: 0.1113287 Vali Loss: 0.1127702 Test Loss: 0.1272856
Validation loss decreased (0.112777 --> 0.112770).  Saving model ...
Updating learning rate to 7.8125e-07
Epoch: 9 cost time: 19.219757080078125
Epoch: 9, Steps: 1823 | Train Loss: 0.1113205 Vali Loss: 0.1127725 Test Loss: 0.1272756
EarlyStopping counter: 1 out of 3
Updating learning rate to 3.90625e-07
Epoch: 10 cost time: 18.561772108078003
Epoch: 10, Steps: 1823 | Train Loss: 0.1113166 Vali Loss: 0.1127646 Test Loss: 0.1272771
Validation loss decreased (0.112770 --> 0.112765).  Saving model ...
Updating learning rate to 1.953125e-07
>>>>>>>testing : Linear_48_16_Linear_ActivityBehavioral_ftM_sl48_ll16_pl16_dm512_nh8_el2_dl1_df2048_fc1_ebtimeF_dtTrue_Exp_0<<<<<<<<<<<<<<<<<<<<<<<<<<<<<<<<<
Loaded preprocessed data: (22074, 7000)
Original neurons: 11393, current: 7000
Data range: -0.250 to 1.500
=== TEST (PASSIVE) SPLIT DATA ===
Split range: timesteps 18309 to 22074
Split data shape: (3765, 7000)
Data statistics - Mean: 0.343, Std: 0.216
Available sequences: 3702
test 3702
mse:0.03273315727710724, mae:0.1272875815629959
