Args in experiment:
Namespace(is_training=1, train_only=False, model_id='Transformer_48_16', model='Transformer', data='ActivityBehavioral', root_path='/cs/student/projects1/aibh/2024/gcosta/mpci_data/', data_path='session_5ea6bb9b-6163-4e8a-816b-efe7002666b0_7000_passive.h5', features='M', target='OT', freq='m', checkpoints='./checkpoints/', seq_len=48, label_len=16, pred_len=16, individual=False, embed_type=0, enc_in=7000, dec_in=7000, c_out=7000, d_model=512, n_heads=8, e_layers=2, d_layers=1, d_ff=2048, moving_avg=25, factor=1, distil=True, dropout=0.05, embed='timeF', activation='gelu', output_attention=False, do_predict=False, num_workers=10, itr=1, train_epochs=10, batch_size=8, patience=3, learning_rate=0.0001, des='Exp', experiment_name='ActivityLongBehavioral7000N', loss='mae', lradj='type1', use_amp=False, use_gpu=True, gpu=0, use_multi_gpu=False, devices='0,1,2,3', test_flop=False, feature_idx=69)
Use GPU: cuda:0
>>>>>>>start training : Transformer_48_16_Transformer_ActivityBehavioral_ftM_sl48_ll16_pl16_dm512_nh8_el2_dl1_df2048_fc1_ebtimeF_dtTrue_Exp_0>>>>>>>>>>>>>>>>>>>>>>>>>>
Loaded preprocessed data: (22074, 7000)
Original neurons: 11393, current: 7000
Data range: -0.250 to 1.500
=== BEHAVIORAL SPLIT ANALYSIS ===
Total recording: 22074 timesteps (4513.4 seconds)
Active period: 0 to 18309 (3665.3 seconds)
Passive period: 18309 to 22074 (848.1 seconds)
Active/Passive ratio: 81.2% / 18.8%
Train split within active: 0 to 14647
Val split within active: 14647 to 18309
=== TRAIN SPLIT DATA ===
Split range: timesteps 0 to 14647
Split data shape: (14647, 7000)
Data statistics - Mean: 0.316, Std: 0.187
Available sequences: 14584
train 14584
Loaded preprocessed data: (22074, 7000)
Original neurons: 11393, current: 7000
Data range: -0.250 to 1.500
=== VALIDATION SPLIT DATA ===
Split range: timesteps 14647 to 18309
Split data shape: (3662, 7000)
Data statistics - Mean: 0.316, Std: 0.189
Available sequences: 3599
val 3599
Loaded preprocessed data: (22074, 7000)
Original neurons: 11393, current: 7000
Data range: -0.250 to 1.500
=== TEST (PASSIVE) SPLIT DATA ===
Split range: timesteps 18309 to 22074
Split data shape: (3765, 7000)
Data statistics - Mean: 0.343, Std: 0.216
Available sequences: 3702
test 3702
Epoch: 1 cost time: 47.95605230331421
Epoch: 1, Steps: 1823 | Train Loss: 0.1205152 Vali Loss: 0.1133783 Test Loss: 0.1345783
Validation loss decreased (inf --> 0.113378).  Saving model ...
Updating learning rate to 0.0001
Epoch: 2 cost time: 42.25646376609802
Epoch: 2, Steps: 1823 | Train Loss: 0.1109180 Vali Loss: 0.1126162 Test Loss: 0.1339650
Validation loss decreased (0.113378 --> 0.112616).  Saving model ...
Updating learning rate to 5e-05
Epoch: 3 cost time: 41.91525077819824
Epoch: 3, Steps: 1823 | Train Loss: 0.1095404 Vali Loss: 0.1122894 Test Loss: 0.1336429
Validation loss decreased (0.112616 --> 0.112289).  Saving model ...
Updating learning rate to 2.5e-05
Epoch: 4 cost time: 49.75974750518799
Epoch: 4, Steps: 1823 | Train Loss: 0.1088530 Vali Loss: 0.1120945 Test Loss: 0.1334731
Validation loss decreased (0.112289 --> 0.112094).  Saving model ...
Updating learning rate to 1.25e-05
Epoch: 5 cost time: 41.45198369026184
Epoch: 5, Steps: 1823 | Train Loss: 0.1084006 Vali Loss: 0.1120517 Test Loss: 0.1333197
Validation loss decreased (0.112094 --> 0.112052).  Saving model ...
Updating learning rate to 6.25e-06
Epoch: 6 cost time: 42.25574493408203
Epoch: 6, Steps: 1823 | Train Loss: 0.1081649 Vali Loss: 0.1120731 Test Loss: 0.1333385
EarlyStopping counter: 1 out of 3
Updating learning rate to 3.125e-06
Epoch: 7 cost time: 41.49692368507385
Epoch: 7, Steps: 1823 | Train Loss: 0.1080369 Vali Loss: 0.1120661 Test Loss: 0.1333236
EarlyStopping counter: 2 out of 3
Updating learning rate to 1.5625e-06
Epoch: 8 cost time: 48.0247004032135
Epoch: 8, Steps: 1823 | Train Loss: 0.1079696 Vali Loss: 0.1120533 Test Loss: 0.1332782
EarlyStopping counter: 3 out of 3
Early stopping
>>>>>>>testing : Transformer_48_16_Transformer_ActivityBehavioral_ftM_sl48_ll16_pl16_dm512_nh8_el2_dl1_df2048_fc1_ebtimeF_dtTrue_Exp_0<<<<<<<<<<<<<<<<<<<<<<<<<<<<<<<<<
Loaded preprocessed data: (22074, 7000)
Original neurons: 11393, current: 7000
Data range: -0.250 to 1.500
=== TEST (PASSIVE) SPLIT DATA ===
Split range: timesteps 18309 to 22074
Split data shape: (3765, 7000)
Data statistics - Mean: 0.343, Std: 0.216
Available sequences: 3702
test 3702
mse:0.037836093455553055, mae:0.1333303302526474
