Args in experiment:
Namespace(is_training=1, train_only=False, model_id='Informer_48_16', model='Informer', data='ActivityBehavioral', root_path='/cs/student/projects1/aibh/2024/gcosta/mpci_data/', data_path='session_5ea6bb9b-6163-4e8a-816b-efe7002666b0_11392_passive.h5', features='M', target='OT', freq='m', checkpoints='./checkpoints/', seq_len=48, label_len=16, pred_len=16, individual=False, embed_type=0, enc_in=11392, dec_in=11392, c_out=11392, d_model=512, n_heads=8, e_layers=2, d_layers=1, d_ff=2048, moving_avg=25, factor=1, distil=True, dropout=0.05, embed='timeF', activation='gelu', output_attention=False, do_predict=False, num_workers=10, itr=1, train_epochs=10, batch_size=8, patience=3, learning_rate=0.0001, des='Exp', experiment_name='ActivityLongPassive11392N', loss='mae', lradj='type1', use_amp=False, use_gpu=True, gpu=0, use_multi_gpu=False, devices='0,1,2,3', test_flop=False, feature_idx=69)
Use GPU: cuda:0
>>>>>>>start training : Informer_48_16_Informer_ActivityBehavioral_ftM_sl48_ll16_pl16_dm512_nh8_el2_dl1_df2048_fc1_ebtimeF_dtTrue_Exp_0>>>>>>>>>>>>>>>>>>>>>>>>>>
Loaded preprocessed data: (22074, 11392)
Original neurons: 11393, current: 11392
Data range: -0.250 to 1.500
=== BEHAVIORAL SPLIT ANALYSIS ===
Total recording: 22074 timesteps (4513.4 seconds)
Active period: 0 to 18309 (3665.3 seconds)
Passive period: 18309 to 22074 (848.1 seconds)
Active/Passive ratio: 81.2% / 18.8%
Train split within active: 0 to 14647
Val split within active: 14647 to 18309
=== TRAIN SPLIT DATA ===
Split range: timesteps 0 to 14647
Split data shape: (14647, 11392)
Data statistics - Mean: 0.321, Std: 0.191
Available sequences: 14584
train 14584
Loaded preprocessed data: (22074, 11392)
Original neurons: 11393, current: 11392
Data range: -0.250 to 1.500
=== VALIDATION SPLIT DATA ===
Split range: timesteps 14647 to 18309
Split data shape: (3662, 11392)
Data statistics - Mean: 0.321, Std: 0.193
Available sequences: 3599
val 3599
Loaded preprocessed data: (22074, 11392)
Original neurons: 11393, current: 11392
Data range: -0.250 to 1.500
=== TEST (PASSIVE) SPLIT DATA ===
Split range: timesteps 18309 to 22074
Split data shape: (3765, 11392)
Data statistics - Mean: 0.340, Std: 0.212
Available sequences: 3702
test 3702
Epoch: 1 cost time: 91.89101672172546
Epoch: 1, Steps: 1823 | Train Loss: 0.1238171 Vali Loss: 0.1164773 Test Loss: 0.1323322
Validation loss decreased (inf --> 0.116477).  Saving model ...
Updating learning rate to 0.0001
Epoch: 2 cost time: 84.03529977798462
Epoch: 2, Steps: 1823 | Train Loss: 0.1141254 Vali Loss: 0.1169514 Test Loss: 0.1327886
EarlyStopping counter: 1 out of 3
Updating learning rate to 5e-05
Epoch: 3 cost time: 73.7010486125946
Epoch: 3, Steps: 1823 | Train Loss: 0.1128427 Vali Loss: 0.1157355 Test Loss: 0.1319328
Validation loss decreased (0.116477 --> 0.115735).  Saving model ...
Updating learning rate to 2.5e-05
Epoch: 4 cost time: 70.8264651298523
Epoch: 4, Steps: 1823 | Train Loss: 0.1121597 Vali Loss: 0.1156465 Test Loss: 0.1320473
Validation loss decreased (0.115735 --> 0.115647).  Saving model ...
Updating learning rate to 1.25e-05
Epoch: 5 cost time: 68.3959436416626
Epoch: 5, Steps: 1823 | Train Loss: 0.1118168 Vali Loss: 0.1153946 Test Loss: 0.1317250
Validation loss decreased (0.115647 --> 0.115395).  Saving model ...
Updating learning rate to 6.25e-06
Epoch: 6 cost time: 122.27646493911743
Epoch: 6, Steps: 1823 | Train Loss: 0.1116405 Vali Loss: 0.1153018 Test Loss: 0.1318058
Validation loss decreased (0.115395 --> 0.115302).  Saving model ...
Updating learning rate to 3.125e-06
Epoch: 7 cost time: 107.04410481452942
Epoch: 7, Steps: 1823 | Train Loss: 0.1115400 Vali Loss: 0.1152803 Test Loss: 0.1317342
Validation loss decreased (0.115302 --> 0.115280).  Saving model ...
Updating learning rate to 1.5625e-06
Epoch: 8 cost time: 88.40647482872009
Epoch: 8, Steps: 1823 | Train Loss: 0.1115037 Vali Loss: 0.1152762 Test Loss: 0.1317169
Validation loss decreased (0.115280 --> 0.115276).  Saving model ...
Updating learning rate to 7.8125e-07
Epoch: 9 cost time: 96.87156820297241
Epoch: 9, Steps: 1823 | Train Loss: 0.1114798 Vali Loss: 0.1152597 Test Loss: 0.1316487
Validation loss decreased (0.115276 --> 0.115260).  Saving model ...
Updating learning rate to 3.90625e-07
Epoch: 10 cost time: 71.62942719459534
Epoch: 10, Steps: 1823 | Train Loss: 0.1114643 Vali Loss: 0.1152604 Test Loss: 0.1317011
EarlyStopping counter: 1 out of 3
Updating learning rate to 1.953125e-07
>>>>>>>testing : Informer_48_16_Informer_ActivityBehavioral_ftM_sl48_ll16_pl16_dm512_nh8_el2_dl1_df2048_fc1_ebtimeF_dtTrue_Exp_0<<<<<<<<<<<<<<<<<<<<<<<<<<<<<<<<<
Loaded preprocessed data: (22074, 11392)
Original neurons: 11393, current: 11392
Data range: -0.250 to 1.500
=== TEST (PASSIVE) SPLIT DATA ===
Split range: timesteps 18309 to 22074
Split data shape: (3765, 11392)
Data statistics - Mean: 0.340, Std: 0.212
Available sequences: 3702
test 3702
mse:0.03627708926796913, mae:0.13165290653705597
