Args in experiment:
Namespace(is_training=1, train_only=False, model_id='Transformer_48_16', model='Transformer', data='ActivityBehavioral', root_path='/cs/student/projects1/aibh/2024/gcosta/mpci_data/', data_path='session_5ea6bb9b-6163-4e8a-816b-efe7002666b0_11392_passive.h5', features='M', target='OT', freq='m', checkpoints='./checkpoints/', seq_len=48, label_len=16, pred_len=16, individual=False, embed_type=0, enc_in=11392, dec_in=11392, c_out=11392, d_model=512, n_heads=8, e_layers=2, d_layers=1, d_ff=2048, moving_avg=25, factor=1, distil=True, dropout=0.05, embed='timeF', activation='gelu', output_attention=False, do_predict=False, num_workers=10, itr=1, train_epochs=10, batch_size=8, patience=3, learning_rate=0.0001, des='Exp', experiment_name='ActivityLongPassive11392N', loss='mae', lradj='type1', use_amp=False, use_gpu=True, gpu=0, use_multi_gpu=False, devices='0,1,2,3', test_flop=False, feature_idx=69)
Use GPU: cuda:0
>>>>>>>start training : Transformer_48_16_Transformer_ActivityBehavioral_ftM_sl48_ll16_pl16_dm512_nh8_el2_dl1_df2048_fc1_ebtimeF_dtTrue_Exp_0>>>>>>>>>>>>>>>>>>>>>>>>>>
Loaded preprocessed data: (22074, 11392)
Original neurons: 11393, current: 11392
Data range: -0.250 to 1.500
=== BEHAVIORAL SPLIT ANALYSIS ===
Total recording: 22074 timesteps (4513.4 seconds)
Active period: 0 to 18309 (3665.3 seconds)
Passive period: 18309 to 22074 (848.1 seconds)
Active/Passive ratio: 81.2% / 18.8%
Train split within active: 0 to 14647
Val split within active: 14647 to 18309
=== TRAIN SPLIT DATA ===
Split range: timesteps 0 to 14647
Split data shape: (14647, 11392)
Data statistics - Mean: 0.321, Std: 0.191
Available sequences: 14584
train 14584
Loaded preprocessed data: (22074, 11392)
Original neurons: 11393, current: 11392
Data range: -0.250 to 1.500
=== VALIDATION SPLIT DATA ===
Split range: timesteps 14647 to 18309
Split data shape: (3662, 11392)
Data statistics - Mean: 0.321, Std: 0.193
Available sequences: 3599
val 3599
Loaded preprocessed data: (22074, 11392)
Original neurons: 11393, current: 11392
Data range: -0.250 to 1.500
=== TEST (PASSIVE) SPLIT DATA ===
Split range: timesteps 18309 to 22074
Split data shape: (3765, 11392)
Data statistics - Mean: 0.340, Std: 0.212
Available sequences: 3702
test 3702
Epoch: 1 cost time: 71.59250998497009
Epoch: 1, Steps: 1823 | Train Loss: 0.1228650 Vali Loss: 0.1163002 Test Loss: 0.1324680
Validation loss decreased (inf --> 0.116300).  Saving model ...
Updating learning rate to 0.0001
Epoch: 2 cost time: 77.91259694099426
Epoch: 2, Steps: 1823 | Train Loss: 0.1136849 Vali Loss: 0.1155576 Test Loss: 0.1315840
Validation loss decreased (0.116300 --> 0.115558).  Saving model ...
Updating learning rate to 5e-05
Epoch: 3 cost time: 81.51770091056824
Epoch: 3, Steps: 1823 | Train Loss: 0.1123491 Vali Loss: 0.1152689 Test Loss: 0.1317235
Validation loss decreased (0.115558 --> 0.115269).  Saving model ...
Updating learning rate to 2.5e-05
Epoch: 4 cost time: 89.68525409698486
Epoch: 4, Steps: 1823 | Train Loss: 0.1115977 Vali Loss: 0.1151647 Test Loss: 0.1315607
Validation loss decreased (0.115269 --> 0.115165).  Saving model ...
Updating learning rate to 1.25e-05
Epoch: 5 cost time: 69.90779423713684
Epoch: 5, Steps: 1823 | Train Loss: 0.1111473 Vali Loss: 0.1151570 Test Loss: 0.1316361
Validation loss decreased (0.115165 --> 0.115157).  Saving model ...
Updating learning rate to 6.25e-06
Epoch: 6 cost time: 53.63391423225403
Epoch: 6, Steps: 1823 | Train Loss: 0.1109164 Vali Loss: 0.1151216 Test Loss: 0.1315715
Validation loss decreased (0.115157 --> 0.115122).  Saving model ...
Updating learning rate to 3.125e-06
Epoch: 7 cost time: 67.05650186538696
Epoch: 7, Steps: 1823 | Train Loss: 0.1107941 Vali Loss: 0.1151030 Test Loss: 0.1315506
Validation loss decreased (0.115122 --> 0.115103).  Saving model ...
Updating learning rate to 1.5625e-06
Epoch: 8 cost time: 58.41895151138306
Epoch: 8, Steps: 1823 | Train Loss: 0.1107362 Vali Loss: 0.1151089 Test Loss: 0.1315544
EarlyStopping counter: 1 out of 3
Updating learning rate to 7.8125e-07
Epoch: 9 cost time: 75.95538234710693
Epoch: 9, Steps: 1823 | Train Loss: 0.1107041 Vali Loss: 0.1151189 Test Loss: 0.1315958
EarlyStopping counter: 2 out of 3
Updating learning rate to 3.90625e-07
Epoch: 10 cost time: 104.4472107887268
Epoch: 10, Steps: 1823 | Train Loss: 0.1106877 Vali Loss: 0.1151170 Test Loss: 0.1316097
EarlyStopping counter: 3 out of 3
Early stopping
>>>>>>>testing : Transformer_48_16_Transformer_ActivityBehavioral_ftM_sl48_ll16_pl16_dm512_nh8_el2_dl1_df2048_fc1_ebtimeF_dtTrue_Exp_0<<<<<<<<<<<<<<<<<<<<<<<<<<<<<<<<<
Loaded preprocessed data: (22074, 11392)
Original neurons: 11393, current: 11392
Data range: -0.250 to 1.500
=== TEST (PASSIVE) SPLIT DATA ===
Split range: timesteps 18309 to 22074
Split data shape: (3765, 11392)
Data statistics - Mean: 0.340, Std: 0.212
Available sequences: 3702
test 3702
mse:0.03618691489100456, mae:0.13155502080917358
