Args in experiment:
Namespace(is_training=1, train_only=False, model_id='DLinear_48_16', model='DLinear', data='Activity', root_path='/cs/student/projects1/aibh/2024/gcosta/mpci_data/', data_path='session_5ea6bb9b-6163-4e8a-816b-efe7002666b0_700.h5', features='M', target='OT', freq='h', checkpoints='./checkpoints/', seq_len=48, label_len=16, pred_len=16, individual=False, embed_type=0, enc_in=700, dec_in=7, c_out=700, d_model=512, n_heads=8, e_layers=2, d_layers=1, d_ff=2048, moving_avg=25, factor=1, distil=True, dropout=0.05, embed='timeF', activation='gelu', output_attention=False, do_predict=False, num_workers=5, itr=1, train_epochs=10, batch_size=8, patience=3, learning_rate=0.0001, des='Exp', experiment_name='ActivityLong700N_MSE', loss='mse', lradj='type1', use_amp=False, use_gpu=True, gpu=0, use_multi_gpu=False, devices='0,1,2,3', test_flop=False)
Use GPU: cuda:0
>>>>>>>start training : DLinear_48_16_DLinear_Activity_ftM_sl48_ll16_pl16_dm512_nh8_el2_dl1_df2048_fc1_ebtimeF_dtTrue_Exp_0>>>>>>>>>>>>>>>>>>>>>>>>>>
Loaded preprocessed data: (18309, 700)
Original neurons: 11393, current: 700
Data range: -0.250 to 1.500
Temporal split - Total time: 18309
Train: 0 to 12816 (70.0%)
Val: 12816 to 16478 (20.0%)
Test: 16478 to 18309 (10.0%)
Current split (train): 0 to 12816
Using pre-selected top 700 neurons from HDF5 file.
Full dataset shape: (12816, 700)
Data statistics - Mean: 0.251, Std: 0.184
train 12753
Loaded preprocessed data: (18309, 700)
Original neurons: 11393, current: 700
Data range: -0.250 to 1.500
Temporal split - Total time: 18309
Train: 0 to 12816 (70.0%)
Val: 12816 to 16478 (20.0%)
Test: 16478 to 18309 (10.0%)
Current split (val): 12768 to 16478
Using pre-selected top 700 neurons from HDF5 file.
Full dataset shape: (3710, 700)
Data statistics - Mean: 0.260, Std: 0.190
val 3647
Loaded preprocessed data: (18309, 700)
Original neurons: 11393, current: 700
Data range: -0.250 to 1.500
Temporal split - Total time: 18309
Train: 0 to 12816 (70.0%)
Val: 12816 to 16478 (20.0%)
Test: 16478 to 18309 (10.0%)
Current split (test): 16430 to 18309
Using pre-selected top 700 neurons from HDF5 file.
Full dataset shape: (1879, 700)
Data statistics - Mean: 0.237, Std: 0.188
test 1816
Epoch: 1 cost time: 5.724228858947754
Epoch: 1, Steps: 1594 | Train Loss: 0.0311667 Vali Loss: 0.0241683 Test Loss: 0.0233309
Validation loss decreased (inf --> 0.024168).  Saving model ...
Updating learning rate to 0.0001
Epoch: 2 cost time: 6.157451152801514
Epoch: 2, Steps: 1594 | Train Loss: 0.0210053 Vali Loss: 0.0229380 Test Loss: 0.0219526
Validation loss decreased (0.024168 --> 0.022938).  Saving model ...
Updating learning rate to 5e-05
Epoch: 3 cost time: 6.854180812835693
Epoch: 3, Steps: 1594 | Train Loss: 0.0206234 Vali Loss: 0.0228597 Test Loss: 0.0218351
Validation loss decreased (0.022938 --> 0.022860).  Saving model ...
Updating learning rate to 2.5e-05
Epoch: 4 cost time: 8.31683897972107
Epoch: 4, Steps: 1594 | Train Loss: 0.0205996 Vali Loss: 0.0228547 Test Loss: 0.0218341
Validation loss decreased (0.022860 --> 0.022855).  Saving model ...
Updating learning rate to 1.25e-05
Epoch: 5 cost time: 6.691850900650024
Epoch: 5, Steps: 1594 | Train Loss: 0.0205965 Vali Loss: 0.0228507 Test Loss: 0.0218231
Validation loss decreased (0.022855 --> 0.022851).  Saving model ...
Updating learning rate to 6.25e-06
Epoch: 6 cost time: 7.041329383850098
Epoch: 6, Steps: 1594 | Train Loss: 0.0205952 Vali Loss: 0.0228498 Test Loss: 0.0218233
Validation loss decreased (0.022851 --> 0.022850).  Saving model ...
Updating learning rate to 3.125e-06
Epoch: 7 cost time: 7.162434339523315
Epoch: 7, Steps: 1594 | Train Loss: 0.0205962 Vali Loss: 0.0228523 Test Loss: 0.0218258
EarlyStopping counter: 1 out of 3
Updating learning rate to 1.5625e-06
Epoch: 8 cost time: 6.3574864864349365
Epoch: 8, Steps: 1594 | Train Loss: 0.0205961 Vali Loss: 0.0228503 Test Loss: 0.0218261
EarlyStopping counter: 2 out of 3
Updating learning rate to 7.8125e-07
Epoch: 9 cost time: 6.849537372589111
Epoch: 9, Steps: 1594 | Train Loss: 0.0205957 Vali Loss: 0.0228536 Test Loss: 0.0218255
EarlyStopping counter: 3 out of 3
Early stopping
>>>>>>>testing : DLinear_48_16_DLinear_Activity_ftM_sl48_ll16_pl16_dm512_nh8_el2_dl1_df2048_fc1_ebtimeF_dtTrue_Exp_0<<<<<<<<<<<<<<<<<<<<<<<<<<<<<<<<<
Loaded preprocessed data: (18309, 700)
Original neurons: 11393, current: 700
Data range: -0.250 to 1.500
Temporal split - Total time: 18309
Train: 0 to 12816 (70.0%)
Val: 12816 to 16478 (20.0%)
Test: 16478 to 18309 (10.0%)
Current split (test): 16430 to 18309
Using pre-selected top 700 neurons from HDF5 file.
Full dataset shape: (1879, 700)
Data statistics - Mean: 0.237, Std: 0.188
test 1816
mse:0.021823326125741005, mae:0.09958605468273163
