Args in experiment:
Namespace(is_training=1, train_only=False, model_id='Linear_48_16', model='Linear', data='Activity', root_path='/cs/student/projects1/aibh/2024/gcosta/mpci_data/', data_path='session_5ea6bb9b-6163-4e8a-816b-efe7002666b0_700.h5', features='M', target='OT', freq='h', checkpoints='./checkpoints/', seq_len=48, label_len=16, pred_len=16, individual=False, embed_type=0, enc_in=700, dec_in=7, c_out=700, d_model=512, n_heads=8, e_layers=2, d_layers=1, d_ff=2048, moving_avg=25, factor=1, distil=True, dropout=0.05, embed='timeF', activation='gelu', output_attention=False, do_predict=False, num_workers=5, itr=1, train_epochs=10, batch_size=8, patience=3, learning_rate=0.0001, des='Exp', experiment_name='ActivityLong700N_MSE', loss='mse', lradj='type1', use_amp=False, use_gpu=True, gpu=0, use_multi_gpu=False, devices='0,1,2,3', test_flop=False)
Use GPU: cuda:0
>>>>>>>start training : Linear_48_16_Linear_Activity_ftM_sl48_ll16_pl16_dm512_nh8_el2_dl1_df2048_fc1_ebtimeF_dtTrue_Exp_0>>>>>>>>>>>>>>>>>>>>>>>>>>
Loaded preprocessed data: (18309, 700)
Original neurons: 11393, current: 700
Data range: -0.250 to 1.500
Temporal split - Total time: 18309
Train: 0 to 12816 (70.0%)
Val: 12816 to 16478 (20.0%)
Test: 16478 to 18309 (10.0%)
Current split (train): 0 to 12816
Using pre-selected top 700 neurons from HDF5 file.
Full dataset shape: (12816, 700)
Data statistics - Mean: 0.251, Std: 0.184
train 12753
Loaded preprocessed data: (18309, 700)
Original neurons: 11393, current: 700
Data range: -0.250 to 1.500
Temporal split - Total time: 18309
Train: 0 to 12816 (70.0%)
Val: 12816 to 16478 (20.0%)
Test: 16478 to 18309 (10.0%)
Current split (val): 12768 to 16478
Using pre-selected top 700 neurons from HDF5 file.
Full dataset shape: (3710, 700)
Data statistics - Mean: 0.260, Std: 0.190
val 3647
Loaded preprocessed data: (18309, 700)
Original neurons: 11393, current: 700
Data range: -0.250 to 1.500
Temporal split - Total time: 18309
Train: 0 to 12816 (70.0%)
Val: 12816 to 16478 (20.0%)
Test: 16478 to 18309 (10.0%)
Current split (test): 16430 to 18309
Using pre-selected top 700 neurons from HDF5 file.
Full dataset shape: (1879, 700)
Data statistics - Mean: 0.237, Std: 0.188
test 1816
Epoch: 1 cost time: 4.967245101928711
Epoch: 1, Steps: 1594 | Train Loss: 0.0323757 Vali Loss: 0.0283028 Test Loss: 0.0272816
Validation loss decreased (inf --> 0.028303).  Saving model ...
Updating learning rate to 0.0001
Epoch: 2 cost time: 4.861485242843628
Epoch: 2, Steps: 1594 | Train Loss: 0.0239170 Vali Loss: 0.0251550 Test Loss: 0.0240791
Validation loss decreased (0.028303 --> 0.025155).  Saving model ...
Updating learning rate to 5e-05
Epoch: 3 cost time: 4.740943670272827
Epoch: 3, Steps: 1594 | Train Loss: 0.0222244 Vali Loss: 0.0242051 Test Loss: 0.0231284
Validation loss decreased (0.025155 --> 0.024205).  Saving model ...
Updating learning rate to 2.5e-05
Epoch: 4 cost time: 4.91758394241333
Epoch: 4, Steps: 1594 | Train Loss: 0.0216261 Vali Loss: 0.0237991 Test Loss: 0.0227314
Validation loss decreased (0.024205 --> 0.023799).  Saving model ...
Updating learning rate to 1.25e-05
Epoch: 5 cost time: 6.164372444152832
Epoch: 5, Steps: 1594 | Train Loss: 0.0213627 Vali Loss: 0.0236098 Test Loss: 0.0225575
Validation loss decreased (0.023799 --> 0.023610).  Saving model ...
Updating learning rate to 6.25e-06
Epoch: 6 cost time: 6.351183652877808
Epoch: 6, Steps: 1594 | Train Loss: 0.0212422 Vali Loss: 0.0235284 Test Loss: 0.0224747
Validation loss decreased (0.023610 --> 0.023528).  Saving model ...
Updating learning rate to 3.125e-06
Epoch: 7 cost time: 6.629239797592163
Epoch: 7, Steps: 1594 | Train Loss: 0.0211865 Vali Loss: 0.0234904 Test Loss: 0.0224392
Validation loss decreased (0.023528 --> 0.023490).  Saving model ...
Updating learning rate to 1.5625e-06
Epoch: 8 cost time: 5.5494818687438965
Epoch: 8, Steps: 1594 | Train Loss: 0.0211596 Vali Loss: 0.0234643 Test Loss: 0.0224193
Validation loss decreased (0.023490 --> 0.023464).  Saving model ...
Updating learning rate to 7.8125e-07
Epoch: 9 cost time: 5.748274326324463
Epoch: 9, Steps: 1594 | Train Loss: 0.0211468 Vali Loss: 0.0234648 Test Loss: 0.0224117
EarlyStopping counter: 1 out of 3
Updating learning rate to 3.90625e-07
Epoch: 10 cost time: 5.407943248748779
Epoch: 10, Steps: 1594 | Train Loss: 0.0211406 Vali Loss: 0.0234579 Test Loss: 0.0224067
Validation loss decreased (0.023464 --> 0.023458).  Saving model ...
Updating learning rate to 1.953125e-07
>>>>>>>testing : Linear_48_16_Linear_Activity_ftM_sl48_ll16_pl16_dm512_nh8_el2_dl1_df2048_fc1_ebtimeF_dtTrue_Exp_0<<<<<<<<<<<<<<<<<<<<<<<<<<<<<<<<<
Loaded preprocessed data: (18309, 700)
Original neurons: 11393, current: 700
Data range: -0.250 to 1.500
Temporal split - Total time: 18309
Train: 0 to 12816 (70.0%)
Val: 12816 to 16478 (20.0%)
Test: 16478 to 18309 (10.0%)
Current split (test): 16430 to 18309
Using pre-selected top 700 neurons from HDF5 file.
Full dataset shape: (1879, 700)
Data statistics - Mean: 0.237, Std: 0.188
test 1816
mse:0.022406768053770065, mae:0.10113901644945145
