Args in experiment:
Namespace(is_training=1, train_only=False, model_id='POCO_48_16', model='POCO', data='Activity', root_path='/cs/student/projects1/aibh/2024/gcosta/mpci_data/', data_path='session_5ea6bb9b-6163-4e8a-816b-efe7002666b0_700.h5', features='M', target='OT', freq='h', checkpoints='./checkpoints/', seq_len=48, label_len=16, pred_len=16, individual=False, embed_type=0, enc_in=700, dec_in=7, c_out=700, d_model=512, n_heads=8, e_layers=2, d_layers=1, d_ff=2048, moving_avg=25, factor=1, distil=True, dropout=0.05, embed='timeF', activation='gelu', output_attention=False, do_predict=False, num_workers=5, itr=1, train_epochs=10, batch_size=8, patience=1, learning_rate=0.0001, des='Exp', experiment_name='ActivityLong700N_MSE', loss='mse', lradj='type1', use_amp=False, use_gpu=True, gpu=0, use_multi_gpu=False, devices='0,1,2,3', test_flop=False)
Use GPU: cuda:0
>>>>>>>start training : POCO_48_16_POCO_Activity_ftM_sl48_ll16_pl16_dm512_nh8_el2_dl1_df2048_fc1_ebtimeF_dtTrue_Exp_0>>>>>>>>>>>>>>>>>>>>>>>>>>
Loaded preprocessed data: (18309, 700)
Original neurons: 11393, current: 700
Data range: -0.250 to 1.500
Temporal split - Total time: 18309
Train: 0 to 12816 (70.0%)
Val: 12816 to 16478 (20.0%)
Test: 16478 to 18309 (10.0%)
Current split (train): 0 to 12816
Using pre-selected top 700 neurons from HDF5 file.
Full dataset shape: (12816, 700)
Data statistics - Mean: 0.251, Std: 0.184
train 12753
Loaded preprocessed data: (18309, 700)
Original neurons: 11393, current: 700
Data range: -0.250 to 1.500
Temporal split - Total time: 18309
Train: 0 to 12816 (70.0%)
Val: 12816 to 16478 (20.0%)
Test: 16478 to 18309 (10.0%)
Current split (val): 12768 to 16478
Using pre-selected top 700 neurons from HDF5 file.
Full dataset shape: (3710, 700)
Data statistics - Mean: 0.260, Std: 0.190
val 3647
Loaded preprocessed data: (18309, 700)
Original neurons: 11393, current: 700
Data range: -0.250 to 1.500
Temporal split - Total time: 18309
Train: 0 to 12816 (70.0%)
Val: 12816 to 16478 (20.0%)
Test: 16478 to 18309 (10.0%)
Current split (test): 16430 to 18309
Using pre-selected top 700 neurons from HDF5 file.
Full dataset shape: (1879, 700)
Data statistics - Mean: 0.237, Std: 0.188
test 1816
Epoch: 1 cost time: 45.37867331504822
Epoch: 1, Steps: 1594 | Train Loss: 0.0204634 Vali Loss: 0.0219959 Test Loss: 0.0213217
Validation loss decreased (inf --> 0.021996).  Saving model ...
Updating learning rate to 0.0001
Epoch: 2 cost time: 60.57452201843262
Epoch: 2, Steps: 1594 | Train Loss: 0.0193848 Vali Loss: 0.0215766 Test Loss: 0.0209464
Validation loss decreased (0.021996 --> 0.021577).  Saving model ...
Updating learning rate to 5e-05
Epoch: 3 cost time: 58.82160687446594
Epoch: 3, Steps: 1594 | Train Loss: 0.0192504 Vali Loss: 0.0214798 Test Loss: 0.0209205
Validation loss decreased (0.021577 --> 0.021480).  Saving model ...
Updating learning rate to 2.5e-05
Epoch: 4 cost time: 52.86645579338074
Epoch: 4, Steps: 1594 | Train Loss: 0.0191941 Vali Loss: 0.0214483 Test Loss: 0.0208418
Validation loss decreased (0.021480 --> 0.021448).  Saving model ...
Updating learning rate to 1.25e-05
Epoch: 5 cost time: 56.32323336601257
Epoch: 5, Steps: 1594 | Train Loss: 0.0191627 Vali Loss: 0.0214699 Test Loss: 0.0209050
EarlyStopping counter: 1 out of 1
Early stopping
>>>>>>>testing : POCO_48_16_POCO_Activity_ftM_sl48_ll16_pl16_dm512_nh8_el2_dl1_df2048_fc1_ebtimeF_dtTrue_Exp_0<<<<<<<<<<<<<<<<<<<<<<<<<<<<<<<<<
Loaded preprocessed data: (18309, 700)
Original neurons: 11393, current: 700
Data range: -0.250 to 1.500
Temporal split - Total time: 18309
Train: 0 to 12816 (70.0%)
Val: 12816 to 16478 (20.0%)
Test: 16478 to 18309 (10.0%)
Current split (test): 16430 to 18309
Using pre-selected top 700 neurons from HDF5 file.
Full dataset shape: (1879, 700)
Data statistics - Mean: 0.237, Std: 0.188
test 1816
mse:0.020841779187321663, mae:0.09411153197288513
