Args in experiment:
Namespace(is_training=1, train_only=False, model_id='TSMixer_48_16', model='TSMixer', data='Activity', root_path='/cs/student/projects1/aibh/2024/gcosta/mpci_data/', data_path='session_5ea6bb9b-6163-4e8a-816b-efe7002666b0_700.h5', features='M', target='OT', freq='h', checkpoints='./checkpoints/', seq_len=48, label_len=16, pred_len=16, individual=False, embed_type=0, enc_in=700, dec_in=7, c_out=700, d_model=512, n_heads=8, e_layers=2, d_layers=1, d_ff=2048, moving_avg=25, factor=1, distil=True, dropout=0.05, embed='timeF', activation='gelu', output_attention=False, do_predict=False, num_workers=5, itr=1, train_epochs=10, batch_size=8, patience=3, learning_rate=0.0001, des='Exp', experiment_name='ActivityLong700N_MSE', loss='mse', lradj='type1', use_amp=False, use_gpu=True, gpu=0, use_multi_gpu=False, devices='0,1,2,3', test_flop=False)
Use GPU: cuda:0
>>>>>>>start training : TSMixer_48_16_TSMixer_Activity_ftM_sl48_ll16_pl16_dm512_nh8_el2_dl1_df2048_fc1_ebtimeF_dtTrue_Exp_0>>>>>>>>>>>>>>>>>>>>>>>>>>
Loaded preprocessed data: (18309, 700)
Original neurons: 11393, current: 700
Data range: -0.250 to 1.500
Temporal split - Total time: 18309
Train: 0 to 12816 (70.0%)
Val: 12816 to 16478 (20.0%)
Test: 16478 to 18309 (10.0%)
Current split (train): 0 to 12816
Using pre-selected top 700 neurons from HDF5 file.
Full dataset shape: (12816, 700)
Data statistics - Mean: 0.251, Std: 0.184
train 12753
Loaded preprocessed data: (18309, 700)
Original neurons: 11393, current: 700
Data range: -0.250 to 1.500
Temporal split - Total time: 18309
Train: 0 to 12816 (70.0%)
Val: 12816 to 16478 (20.0%)
Test: 16478 to 18309 (10.0%)
Current split (val): 12768 to 16478
Using pre-selected top 700 neurons from HDF5 file.
Full dataset shape: (3710, 700)
Data statistics - Mean: 0.260, Std: 0.190
val 3647
Loaded preprocessed data: (18309, 700)
Original neurons: 11393, current: 700
Data range: -0.250 to 1.500
Temporal split - Total time: 18309
Train: 0 to 12816 (70.0%)
Val: 12816 to 16478 (20.0%)
Test: 16478 to 18309 (10.0%)
Current split (test): 16430 to 18309
Using pre-selected top 700 neurons from HDF5 file.
Full dataset shape: (1879, 700)
Data statistics - Mean: 0.237, Std: 0.188
test 1816
Epoch: 1 cost time: 24.194791555404663
Epoch: 1, Steps: 1594 | Train Loss: 0.0220067 Vali Loss: 0.0227471 Test Loss: 0.0219140
Validation loss decreased (inf --> 0.022747).  Saving model ...
Updating learning rate to 0.0001
Epoch: 2 cost time: 25.706366300582886
Epoch: 2, Steps: 1594 | Train Loss: 0.0190461 Vali Loss: 0.0229185 Test Loss: 0.0223309
EarlyStopping counter: 1 out of 3
Updating learning rate to 5e-05
Epoch: 3 cost time: 26.120281457901
Epoch: 3, Steps: 1594 | Train Loss: 0.0179796 Vali Loss: 0.0234332 Test Loss: 0.0229811
EarlyStopping counter: 2 out of 3
Updating learning rate to 2.5e-05
Epoch: 4 cost time: 26.622482299804688
Epoch: 4, Steps: 1594 | Train Loss: 0.0174514 Vali Loss: 0.0237435 Test Loss: 0.0234170
EarlyStopping counter: 3 out of 3
Early stopping
>>>>>>>testing : TSMixer_48_16_TSMixer_Activity_ftM_sl48_ll16_pl16_dm512_nh8_el2_dl1_df2048_fc1_ebtimeF_dtTrue_Exp_0<<<<<<<<<<<<<<<<<<<<<<<<<<<<<<<<<
Loaded preprocessed data: (18309, 700)
Original neurons: 11393, current: 700
Data range: -0.250 to 1.500
Temporal split - Total time: 18309
Train: 0 to 12816 (70.0%)
Val: 12816 to 16478 (20.0%)
Test: 16478 to 18309 (10.0%)
Current split (test): 16430 to 18309
Using pre-selected top 700 neurons from HDF5 file.
Full dataset shape: (1879, 700)
Data statistics - Mean: 0.237, Std: 0.188
test 1816
mse:0.021913936361670494, mae:0.09662893414497375
