Args in experiment:
Namespace(is_training=1, train_only=False, model_id='ETTh2_96_96', model='Autoformer', data='ETTh2', root_path='./dataset/', data_path='ETTh2.csv', features='M', target='OT', freq='h', checkpoints='./checkpoints/', seq_len=96, label_len=48, pred_len=96, individual=False, embed_type=0, enc_in=7, dec_in=7, c_out=7, d_model=512, n_heads=8, e_layers=2, d_layers=1, d_ff=2048, moving_avg=25, factor=3, distil=True, dropout=0.05, embed='timeF', activation='gelu', output_attention=False, do_predict=False, num_workers=10, itr=1, train_epochs=10, batch_size=32, patience=3, learning_rate=0.0001, des='Exp', loss='mse', lradj='type1', use_amp=False, use_gpu=True, gpu=0, use_multi_gpu=False, devices='0,1,2,3', test_flop=False)
Use GPU: cuda:0
>>>>>>>start training : ETTh2_96_96_Autoformer_ETTh2_ftM_sl96_ll48_pl96_dm512_nh8_el2_dl1_df2048_fc3_ebtimeF_dtTrue_Exp_0>>>>>>>>>>>>>>>>>>>>>>>>>>
train 8449
val 2785
test 2785
	iters: 100, epoch: 1 | loss: 0.7997128
	speed: 0.1914s/iter; left time: 486.2773s
	iters: 200, epoch: 1 | loss: 0.4087931
	speed: 0.0895s/iter; left time: 218.5222s
Epoch: 1 cost time: 27.808539628982544
Epoch: 1, Steps: 264 | Train Loss: 0.4869374 Vali Loss: 0.2707927 Test Loss: 0.3617521
Validation loss decreased (inf --> 0.270793).  Saving model ...
Updating learning rate to 0.0001
	iters: 100, epoch: 2 | loss: 0.2196720
	speed: 0.2534s/iter; left time: 576.9407s
	iters: 200, epoch: 2 | loss: 0.2646744
	speed: 0.0874s/iter; left time: 190.3488s
Epoch: 2 cost time: 23.854721307754517
Epoch: 2, Steps: 264 | Train Loss: 0.3732166 Vali Loss: 0.2971228 Test Loss: 0.4453785
EarlyStopping counter: 1 out of 3
Updating learning rate to 5e-05
	iters: 100, epoch: 3 | loss: 0.3130408
	speed: 0.2747s/iter; left time: 552.9779s
	iters: 200, epoch: 3 | loss: 0.2142001
	speed: 0.1284s/iter; left time: 245.6934s
Epoch: 3 cost time: 33.37247657775879
Epoch: 3, Steps: 264 | Train Loss: 0.3087731 Vali Loss: 0.3460783 Test Loss: 0.4525580
EarlyStopping counter: 2 out of 3
Updating learning rate to 2.5e-05
	iters: 100, epoch: 4 | loss: 0.1714290
	speed: 0.2537s/iter; left time: 443.8008s
	iters: 200, epoch: 4 | loss: 0.3313262
	speed: 0.0940s/iter; left time: 155.0794s
Epoch: 4 cost time: 25.440521001815796
Epoch: 4, Steps: 264 | Train Loss: 0.2777297 Vali Loss: 0.3651633 Test Loss: 0.4719243
EarlyStopping counter: 3 out of 3
Early stopping
>>>>>>>testing : ETTh2_96_96_Autoformer_ETTh2_ftM_sl96_ll48_pl96_dm512_nh8_el2_dl1_df2048_fc3_ebtimeF_dtTrue_Exp_0<<<<<<<<<<<<<<<<<<<<<<<<<<<<<<<<<
test 2785
mse:0.3645164668560028, mae:0.40269139409065247
