Args in experiment:
Namespace(is_training=1, train_only=False, model_id='ETTh2_96_192', model='Autoformer', data='ETTh2', root_path='./dataset/', data_path='ETTh2.csv', features='M', target='OT', freq='h', checkpoints='./checkpoints/', seq_len=96, label_len=48, pred_len=192, individual=False, embed_type=0, enc_in=7, dec_in=7, c_out=7, d_model=512, n_heads=8, e_layers=2, d_layers=1, d_ff=2048, moving_avg=25, factor=3, distil=True, dropout=0.05, embed='timeF', activation='gelu', output_attention=False, do_predict=False, num_workers=10, itr=1, train_epochs=10, batch_size=32, patience=3, learning_rate=0.0001, des='Exp', loss='mse', lradj='type1', use_amp=False, use_gpu=True, gpu=0, use_multi_gpu=False, devices='0,1,2,3', test_flop=False)
Use GPU: cuda:0
>>>>>>>start training : ETTh2_96_192_Autoformer_ETTh2_ftM_sl96_ll48_pl192_dm512_nh8_el2_dl1_df2048_fc3_ebtimeF_dtTrue_Exp_0>>>>>>>>>>>>>>>>>>>>>>>>>>
train 8353
val 2689
test 2689
	iters: 100, epoch: 1 | loss: 0.5217202
	speed: 0.1476s/iter; left time: 370.6998s
	iters: 200, epoch: 1 | loss: 0.5588207
	speed: 0.1185s/iter; left time: 285.8107s
Epoch: 1 cost time: 29.75773310661316
Epoch: 1, Steps: 261 | Train Loss: 0.5793161 Vali Loss: 0.3293127 Test Loss: 0.4389348
Validation loss decreased (inf --> 0.329313).  Saving model ...
Updating learning rate to 0.0001
	iters: 100, epoch: 2 | loss: 0.4141364
	speed: 0.3070s/iter; left time: 690.6607s
	iters: 200, epoch: 2 | loss: 0.5484491
	speed: 0.1178s/iter; left time: 253.2486s
Epoch: 2 cost time: 29.93656086921692
Epoch: 2, Steps: 261 | Train Loss: 0.5173079 Vali Loss: 0.3556704 Test Loss: 0.5509375
EarlyStopping counter: 1 out of 3
Updating learning rate to 5e-05
	iters: 100, epoch: 3 | loss: 0.6423337
	speed: 0.2361s/iter; left time: 469.6994s
	iters: 200, epoch: 3 | loss: 0.3262402
	speed: 0.1158s/iter; left time: 218.8089s
Epoch: 3 cost time: 27.13396692276001
Epoch: 3, Steps: 261 | Train Loss: 0.4294065 Vali Loss: 0.4069774 Test Loss: 0.7639522
EarlyStopping counter: 2 out of 3
Updating learning rate to 2.5e-05
	iters: 100, epoch: 4 | loss: 0.4877363
	speed: 0.3042s/iter; left time: 525.6814s
	iters: 200, epoch: 4 | loss: 0.3261268
	speed: 0.1110s/iter; left time: 180.6612s
Epoch: 4 cost time: 30.326834678649902
Epoch: 4, Steps: 261 | Train Loss: 0.3846618 Vali Loss: 0.4209668 Test Loss: 0.8034915
EarlyStopping counter: 3 out of 3
Early stopping
>>>>>>>testing : ETTh2_96_192_Autoformer_ETTh2_ftM_sl96_ll48_pl192_dm512_nh8_el2_dl1_df2048_fc3_ebtimeF_dtTrue_Exp_0<<<<<<<<<<<<<<<<<<<<<<<<<<<<<<<<<
test 2689
mse:0.4341665506362915, mae:0.4381955564022064
