Args in experiment:
Namespace(is_training=1, model_id='Activity_336_8', model='DLinear', data='Activity', root_path='./dataset/', data_path='activity_raw.csv', features='M', target='OT', freq='h', checkpoints='./checkpoints/', seq_len=336, label_len=48, pred_len=8, individual=False, embed_type=0, enc_in=7673, dec_in=7, c_out=7, d_model=512, n_heads=8, e_layers=2, d_layers=1, d_ff=2048, moving_avg=25, factor=1, distil=True, dropout=0.3, embed='timeF', activation='gelu', output_attention=False, do_predict=False, num_workers=10, itr=1, train_epochs=10, batch_size=64, patience=3, learning_rate=0.0005, des='Exp', loss='mse', lradj='type1', use_amp=False, use_gpu=True, gpu=0, use_multi_gpu=False, devices='0,1,2,3', test_flop=False)
Use GPU: cuda:0
>>>>>>>start training : Activity_336_8_DLinear_Activity_ftM_sl336_ll48_pl8_dm512_nh8_el2_dl1_df2048_fc1_ebtimeF_dtTrue_Exp_0>>>>>>>>>>>>>>>>>>>>>>>>>>
Filtered to 7208 active neurons out of 7673 total
train 13014
Filtered to 7208 active neurons out of 7673 total
val 1901
Filtered to 7208 active neurons out of 7673 total
test 3810
	iters: 100, epoch: 1 | loss: 0.5029521
	speed: 0.4306s/iter; left time: 831.5015s
	iters: 200, epoch: 1 | loss: 0.5030239
	speed: 0.3566s/iter; left time: 652.9874s
Epoch: 1 cost time: 75.5691430568695
Epoch: 1, Steps: 203 | Train Loss: 0.5253766 Vali Loss: 0.5923679 Test Loss: 0.5349951
Validation loss decreased (inf --> 0.592368).  Saving model ...
Updating learning rate to 0.0005
	iters: 100, epoch: 2 | loss: 0.5223916
	speed: 0.7370s/iter; left time: 1273.5744s
	iters: 200, epoch: 2 | loss: 0.5292245
	speed: 0.3565s/iter; left time: 580.4011s
Epoch: 2 cost time: 75.7354826927185
Epoch: 2, Steps: 203 | Train Loss: 0.5094004 Vali Loss: 0.5918865 Test Loss: 0.5341372
Validation loss decreased (0.592368 --> 0.591886).  Saving model ...
Updating learning rate to 0.00025
	iters: 100, epoch: 3 | loss: 0.5178012
	speed: 0.7419s/iter; left time: 1131.4284s
	iters: 200, epoch: 3 | loss: 0.5087401
	speed: 0.3568s/iter; left time: 508.5076s
Epoch: 3 cost time: 75.98901915550232
Epoch: 3, Steps: 203 | Train Loss: 0.5090637 Vali Loss: 0.5908538 Test Loss: 0.5339553
Validation loss decreased (0.591886 --> 0.590854).  Saving model ...
Updating learning rate to 0.000125
	iters: 100, epoch: 4 | loss: 0.5395316
	speed: 0.7455s/iter; left time: 985.5057s
