Args in experiment:
Namespace(is_training=1, model_id='ETTh2_336_96', model='DLinear', data='ETTh2', root_path='./dataset/', data_path='ETTh2.csv', features='M', target='OT', freq='h', checkpoints='./checkpoints/', seq_len=336, label_len=48, pred_len=96, individual=False, embed_type=0, enc_in=7, dec_in=7, c_out=7, d_model=512, n_heads=8, e_layers=2, d_layers=1, d_ff=2048, moving_avg=25, factor=1, distil=True, dropout=0.05, embed='timeF', activation='gelu', output_attention=False, do_predict=False, num_workers=10, itr=1, train_epochs=10, batch_size=32, patience=3, learning_rate=0.05, des='Exp', loss='mse', lradj='type1', use_amp=False, use_gpu=True, gpu=0, use_multi_gpu=False, devices='0,1,2,3', test_flop=False)
Use GPU: cuda:0
>>>>>>>start training : ETTh2_336_96_DLinear_ETTh2_ftM_sl336_ll48_pl96_dm512_nh8_el2_dl1_df2048_fc1_ebtimeF_dtTrue_Exp_0>>>>>>>>>>>>>>>>>>>>>>>>>>
train 8209
val 2785
test 2785
	iters: 100, epoch: 1 | loss: 0.4649472
	speed: 0.0584s/iter; left time: 143.6299s
	iters: 200, epoch: 1 | loss: 0.5559832
	speed: 0.0019s/iter; left time: 4.4551s
Epoch: 1 cost time: 0.8947696685791016
Epoch: 1, Steps: 256 | Train Loss: 2.7886130 Vali Loss: 0.3894133 Test Loss: 0.5159522
Validation loss decreased (inf --> 0.389413).  Saving model ...
Updating learning rate to 0.05
	iters: 100, epoch: 2 | loss: 0.8497570
	speed: 0.0119s/iter; left time: 26.1909s
	iters: 200, epoch: 2 | loss: 0.6098996
	speed: 0.0016s/iter; left time: 3.3869s
Epoch: 2 cost time: 0.6099066734313965
Epoch: 2, Steps: 256 | Train Loss: 0.7896113 Vali Loss: 0.5747827 Test Loss: 0.9323314
EarlyStopping counter: 1 out of 3
Updating learning rate to 0.025
	iters: 100, epoch: 3 | loss: 0.5995205
	speed: 0.0106s/iter; left time: 20.6447s
	iters: 200, epoch: 3 | loss: 0.6739349
	speed: 0.0019s/iter; left time: 3.5398s
Epoch: 3 cost time: 0.6876752376556396
Epoch: 3, Steps: 256 | Train Loss: 0.5388008 Vali Loss: 0.5448863 Test Loss: 1.0020269
EarlyStopping counter: 2 out of 3
Updating learning rate to 0.0125
	iters: 100, epoch: 4 | loss: 0.3287799
	speed: 0.0107s/iter; left time: 18.0771s
	iters: 200, epoch: 4 | loss: 0.9102924
	speed: 0.0022s/iter; left time: 3.5612s
Epoch: 4 cost time: 0.6737406253814697
Epoch: 4, Steps: 256 | Train Loss: 0.4581410 Vali Loss: 0.2978898 Test Loss: 0.4429143
Validation loss decreased (0.389413 --> 0.297890).  Saving model ...
Updating learning rate to 0.00625
	iters: 100, epoch: 5 | loss: 0.7680172
	speed: 0.0121s/iter; left time: 17.4366s
	iters: 200, epoch: 5 | loss: 0.5951167
	speed: 0.0017s/iter; left time: 2.2756s
Epoch: 5 cost time: 0.6473596096038818
Epoch: 5, Steps: 256 | Train Loss: 0.4277432 Vali Loss: 0.2424298 Test Loss: 0.3443310
Validation loss decreased (0.297890 --> 0.242430).  Saving model ...
Updating learning rate to 0.003125
	iters: 100, epoch: 6 | loss: 0.4205177
	speed: 0.0113s/iter; left time: 13.3291s
	iters: 200, epoch: 6 | loss: 0.4375032
	speed: 0.0018s/iter; left time: 1.9684s
Epoch: 6 cost time: 0.665168285369873
Epoch: 6, Steps: 256 | Train Loss: 0.4049320 Vali Loss: 0.2332882 Test Loss: 0.3207030
Validation loss decreased (0.242430 --> 0.233288).  Saving model ...
Updating learning rate to 0.0015625
	iters: 100, epoch: 7 | loss: 0.4267323
	speed: 0.0106s/iter; left time: 9.7856s
	iters: 200, epoch: 7 | loss: 0.3670836
	speed: 0.0015s/iter; left time: 1.2705s
Epoch: 7 cost time: 0.5406320095062256
Epoch: 7, Steps: 256 | Train Loss: 0.3937737 Vali Loss: 0.2196960 Test Loss: 0.3027648
Validation loss decreased (0.233288 --> 0.219696).  Saving model ...
Updating learning rate to 0.00078125
	iters: 100, epoch: 8 | loss: 0.3546465
	speed: 0.0114s/iter; left time: 7.5957s
	iters: 200, epoch: 8 | loss: 0.2667941
	speed: 0.0020s/iter; left time: 1.1600s
Epoch: 8 cost time: 0.6816463470458984
Epoch: 8, Steps: 256 | Train Loss: 0.3883423 Vali Loss: 0.2220534 Test Loss: 0.2990869
EarlyStopping counter: 1 out of 3
Updating learning rate to 0.000390625
	iters: 100, epoch: 9 | loss: 0.2749232
	speed: 0.0106s/iter; left time: 4.3836s
	iters: 200, epoch: 9 | loss: 0.4456283
	speed: 0.0017s/iter; left time: 0.5287s
Epoch: 9 cost time: 0.6576299667358398
Epoch: 9, Steps: 256 | Train Loss: 0.3843240 Vali Loss: 0.2243930 Test Loss: 0.3072012
EarlyStopping counter: 2 out of 3
Updating learning rate to 0.0001953125
	iters: 100, epoch: 10 | loss: 0.2609540
	speed: 0.0108s/iter; left time: 1.6985s
	iters: 200, epoch: 10 | loss: 0.1672730
	speed: 0.0016s/iter; left time: 0.0932s
Epoch: 10 cost time: 0.5845131874084473
Epoch: 10, Steps: 256 | Train Loss: 0.3828524 Vali Loss: 0.2147994 Test Loss: 0.2888963
Validation loss decreased (0.219696 --> 0.214799).  Saving model ...
Updating learning rate to 9.765625e-05
>>>>>>>testing : ETTh2_336_96_DLinear_ETTh2_ftM_sl336_ll48_pl96_dm512_nh8_el2_dl1_df2048_fc1_ebtimeF_dtTrue_Exp_0<<<<<<<<<<<<<<<<<<<<<<<<<<<<<<<<<
test 2785
mse:0.2888964116573334, mae:0.3532475233078003, rse:0.4331235885620117, corr:[0.28010416 0.27727643 0.27548054 0.27451867 0.27256972 0.27089712
 0.27003145 0.26872626 0.267879   0.26679835 0.26570418 0.2645023
 0.262839   0.261492   0.26097548 0.26057115 0.26057175 0.26044783
 0.2600207  0.2591182  0.25820753 0.25706592 0.25618565 0.2551345
 0.25251552 0.2500688  0.24808136 0.24704461 0.24608919 0.24470729
 0.2436358  0.24294935 0.24112804 0.23950389 0.23836574 0.2372669
 0.23662256 0.23522577 0.23435338 0.23320302 0.23277557 0.2326357
 0.23228395 0.23121318 0.23034756 0.22886762 0.22751111 0.22672214
 0.22485088 0.22239576 0.22133133 0.2198883  0.21828419 0.21693212
 0.21503976 0.2129457  0.21090196 0.20906484 0.20781037 0.20689178
 0.20642528 0.20585226 0.20637938 0.2061761  0.20641078 0.20547907
 0.20550251 0.2045289  0.2039516  0.20357735 0.20297517 0.20246173
 0.20074888 0.1999785  0.19981633 0.19904016 0.19711716 0.19653581
 0.19625813 0.19572316 0.19441634 0.19515334 0.19504233 0.19450395
 0.19488949 0.19452126 0.19483311 0.19443664 0.19362889 0.1931346
 0.19232425 0.19196185 0.19220504 0.19204898 0.19209377 0.1920265 ]
