Args in experiment:
Namespace(is_training=1, model_id='Activity_336_96', model='Informer', data='Activity', root_path='./dataset/', data_path='activity_raw.csv', features='M', target='OT', freq='m', checkpoints='./checkpoints/', seq_len=336, label_len=48, pred_len=16, individual=False, embed_type=0, enc_in=7673, dec_in=7673, c_out=7673, d_model=512, n_heads=8, e_layers=2, d_layers=1, d_ff=2048, moving_avg=25, factor=1, distil=True, dropout=0.1, embed='timeF', activation='gelu', output_attention=False, do_predict=False, num_workers=10, itr=1, train_epochs=10, batch_size=64, patience=3, learning_rate=0.0005, des='Exp', loss='mse', lradj='type1', use_amp=False, use_gpu=True, gpu=0, use_multi_gpu=False, devices='0,1,2,3', test_flop=False)
Use GPU: cuda:0
>>>>>>>start training : Activity_336_96_Informer_Activity_ftM_sl336_ll48_pl16_dm512_nh8_el2_dl1_df2048_fc1_ebtimeF_dtTrue_Exp_0>>>>>>>>>>>>>>>>>>>>>>>>>>
train 13006
val 1893
test 3802
	iters: 100, epoch: 1 | loss: 0.8437070
	speed: 0.4995s/iter; left time: 964.4906s
	iters: 200, epoch: 1 | loss: 0.7852950
	speed: 0.4546s/iter; left time: 832.3712s
Epoch: 1 cost time: 94.59838652610779
Epoch: 1, Steps: 203 | Train Loss: 0.8329569 Vali Loss: 1.2199041 Test Loss: 1.0802205
Validation loss decreased (inf --> 1.219904).  Saving model ...
Updating learning rate to 0.0005
	iters: 100, epoch: 2 | loss: 0.7921403
	speed: 0.8659s/iter; left time: 1496.3022s
	iters: 200, epoch: 2 | loss: 0.7406518
	speed: 0.4468s/iter; left time: 727.4204s
Epoch: 2 cost time: 92.41454601287842
Epoch: 2, Steps: 203 | Train Loss: 0.7759094 Vali Loss: 1.2402701 Test Loss: 1.1792120
EarlyStopping counter: 1 out of 3
Updating learning rate to 0.00025
	iters: 100, epoch: 3 | loss: 0.7671459
	speed: 0.8476s/iter; left time: 1292.5338s
	iters: 200, epoch: 3 | loss: 0.7579026
	speed: 0.4447s/iter; left time: 633.6880s
Epoch: 3 cost time: 93.11949038505554
Epoch: 3, Steps: 203 | Train Loss: 0.7485472 Vali Loss: 1.2754618 Test Loss: 1.2163501
EarlyStopping counter: 2 out of 3
Updating learning rate to 0.000125
	iters: 100, epoch: 4 | loss: 0.7774129
	speed: 0.8527s/iter; left time: 1127.2849s
	iters: 200, epoch: 4 | loss: 0.7381471
	speed: 0.4481s/iter; left time: 547.5399s
Epoch: 4 cost time: 93.1110610961914
Epoch: 4, Steps: 203 | Train Loss: 0.7352113 Vali Loss: 1.2788615 Test Loss: 1.2272507
EarlyStopping counter: 3 out of 3
Early stopping
>>>>>>>testing : Activity_336_96_Informer_Activity_ftM_sl336_ll48_pl16_dm512_nh8_el2_dl1_df2048_fc1_ebtimeF_dtTrue_Exp_0<<<<<<<<<<<<<<<<<<<<<<<<<<<<<<<<<
test 3802
mse:1.0801798105239868, mae:0.6802821755409241, rse:0.9654701948165894, corr:[0.16142513 0.15971115 0.16021499 0.16075115 0.16130072 0.16132538
 0.16152054 0.16166987 0.15595365 0.15652983 0.15755424 0.15746136
 0.1576876  0.15724409 0.15732749 0.15740933]
