Args in experiment:
Namespace(is_training=1, train_only=False, model_id='Linear_48_16', model='Linear', data='ActivityBehavioral', root_path='/cs/student/projects1/aibh/2024/gcosta/mpci_data/', data_path='session_5ea6bb9b-6163-4e8a-816b-efe7002666b0_7000_fluor_zscore_passive.h5', features='M', target='OT', freq='h', checkpoints='./checkpoints/', seq_len=48, label_len=16, pred_len=16, individual=False, embed_type=0, enc_in=7000, dec_in=7, c_out=7000, d_model=512, n_heads=8, e_layers=2, d_layers=1, d_ff=2048, moving_avg=25, factor=1, distil=True, dropout=0.05, embed='timeF', activation='gelu', output_attention=False, do_predict=False, num_workers=5, itr=1, train_epochs=10, batch_size=8, patience=3, learning_rate=0.0001, des='Exp', experiment_name='ActivityLongBehavioral7000NZScored', loss='mae', lradj='type1', use_amp=False, use_gpu=True, gpu=0, use_multi_gpu=False, devices='0,1,2,3', test_flop=False, feature_idx=69)
Use GPU: cuda:0
>>>>>>>start training : Linear_48_16_Linear_ActivityBehavioral_ftM_sl48_ll16_pl16_dm512_nh8_el2_dl1_df2048_fc1_ebtimeF_dtTrue_Exp_0>>>>>>>>>>>>>>>>>>>>>>>>>>
Loaded preprocessed data: (22074, 7000)
Original neurons: 11393, current: 7000
Data range: -3.924 to 5.000
=== BEHAVIORAL SPLIT ANALYSIS ===
Total recording: 22074 timesteps (4513.4 seconds)
Active period: 0 to 18309 (3665.3 seconds)
Passive period: 18309 to 22074 (848.1 seconds)
Active/Passive ratio: 81.2% / 18.8%
Train split within active: 0 to 14647
Val split within active: 14647 to 18309
=== TRAIN SPLIT DATA ===
Split range: timesteps 0 to 14647
Split data shape: (14647, 7000)
Data statistics - Mean: -0.074, Std: 0.893
Available sequences: 14584
train 14584
Loaded preprocessed data: (22074, 7000)
Original neurons: 11393, current: 7000
Data range: -3.924 to 5.000
=== VALIDATION SPLIT DATA ===
Split range: timesteps 14647 to 18309
Split data shape: (3662, 7000)
Data statistics - Mean: -0.067, Std: 0.920
Available sequences: 3599
val 3599
Loaded preprocessed data: (22074, 7000)
Original neurons: 11393, current: 7000
Data range: -3.924 to 5.000
=== TEST (PASSIVE) SPLIT DATA ===
Split range: timesteps 18309 to 22074
Split data shape: (3765, 7000)
Data statistics - Mean: 0.316, Std: 1.119
Available sequences: 3702
test 3702
Epoch: 1 cost time: 16.265167713165283
Epoch: 1, Steps: 1823 | Train Loss: 0.6333122 Vali Loss: 0.5977154 Test Loss: 0.6818556
Validation loss decreased (inf --> 0.597715).  Saving model ...
Updating learning rate to 0.0001
Epoch: 2 cost time: 16.169094800949097
Epoch: 2, Steps: 1823 | Train Loss: 0.5814070 Vali Loss: 0.5843355 Test Loss: 0.6680287
Validation loss decreased (0.597715 --> 0.584336).  Saving model ...
Updating learning rate to 5e-05
Epoch: 3 cost time: 16.226642608642578
Epoch: 3, Steps: 1823 | Train Loss: 0.5770968 Vali Loss: 0.5837210 Test Loss: 0.6672680
Validation loss decreased (0.584336 --> 0.583721).  Saving model ...
Updating learning rate to 2.5e-05
Epoch: 4 cost time: 16.401907920837402
Epoch: 4, Steps: 1823 | Train Loss: 0.5767979 Vali Loss: 0.5836553 Test Loss: 0.6676810
Validation loss decreased (0.583721 --> 0.583655).  Saving model ...
Updating learning rate to 1.25e-05
Epoch: 5 cost time: 16.536434173583984
Epoch: 5, Steps: 1823 | Train Loss: 0.5767435 Vali Loss: 0.5835881 Test Loss: 0.6671360
Validation loss decreased (0.583655 --> 0.583588).  Saving model ...
Updating learning rate to 6.25e-06
Epoch: 6 cost time: 16.451372146606445
Epoch: 6, Steps: 1823 | Train Loss: 0.5767229 Vali Loss: 0.5836253 Test Loss: 0.6672264
EarlyStopping counter: 1 out of 3
Updating learning rate to 3.125e-06
Epoch: 7 cost time: 16.400574445724487
Epoch: 7, Steps: 1823 | Train Loss: 0.5767173 Vali Loss: 0.5835757 Test Loss: 0.6671689
Validation loss decreased (0.583588 --> 0.583576).  Saving model ...
Updating learning rate to 1.5625e-06
Epoch: 8 cost time: 16.499876737594604
Epoch: 8, Steps: 1823 | Train Loss: 0.5767138 Vali Loss: 0.5835963 Test Loss: 0.6671836
EarlyStopping counter: 1 out of 3
Updating learning rate to 7.8125e-07
Epoch: 9 cost time: 11.840162992477417
Epoch: 9, Steps: 1823 | Train Loss: 0.5767120 Vali Loss: 0.5836318 Test Loss: 0.6671795
EarlyStopping counter: 2 out of 3
Updating learning rate to 3.90625e-07
Epoch: 10 cost time: 12.870849847793579
Epoch: 10, Steps: 1823 | Train Loss: 0.5767113 Vali Loss: 0.5836040 Test Loss: 0.6671786
EarlyStopping counter: 3 out of 3
Early stopping
>>>>>>>testing : Linear_48_16_Linear_ActivityBehavioral_ftM_sl48_ll16_pl16_dm512_nh8_el2_dl1_df2048_fc1_ebtimeF_dtTrue_Exp_0<<<<<<<<<<<<<<<<<<<<<<<<<<<<<<<<<
Loaded preprocessed data: (22074, 7000)
Original neurons: 11393, current: 7000
Data range: -3.924 to 5.000
=== TEST (PASSIVE) SPLIT DATA ===
Split range: timesteps 18309 to 22074
Split data shape: (3765, 7000)
Data statistics - Mean: 0.316, Std: 1.119
Available sequences: 3702
test 3702
mse:0.8766768574714661, mae:0.6672183871269226
