Args in experiment:
Namespace(is_training=1, train_only=False, model_id='Informer_16_8', model='Informer', data='Activity', root_path='/cs/student/projects1/aibh/2024/gcosta/mpci_data/', data_path='session_5ea6bb9b-6163-4e8a-816b-efe7002666b0_700.h5', features='M', target='OT', freq='m', checkpoints='./checkpoints/', seq_len=16, label_len=8, pred_len=8, individual=False, embed_type=0, enc_in=700, dec_in=700, c_out=700, d_model=512, n_heads=8, e_layers=2, d_layers=1, d_ff=2048, moving_avg=25, factor=1, distil=True, dropout=0.05, embed='timeF', activation='gelu', output_attention=False, do_predict=False, num_workers=10, itr=1, train_epochs=10, batch_size=8, patience=3, learning_rate=0.0001, des='Exp', experiment_name='ActivityShort700N', loss='mae', lradj='type1', use_amp=False, use_gpu=True, gpu=0, use_multi_gpu=False, devices='0,1,2,3', test_flop=False)
Use GPU: cuda:0
>>>>>>>start training : Informer_16_8_Informer_Activity_ftM_sl16_ll8_pl8_dm512_nh8_el2_dl1_df2048_fc1_ebtimeF_dtTrue_Exp_0>>>>>>>>>>>>>>>>>>>>>>>>>>
Loaded preprocessed data: (18309, 700)
Original neurons: 11393, current: 700
Data range: -0.250 to 1.500
Temporal split - Total time: 18309
Train: 0 to 12816 (70.0%)
Val: 12816 to 16478 (20.0%)
Test: 16478 to 18309 (10.0%)
Current split (train): 0 to 12816
Using pre-selected top 700 neurons from HDF5 file.
Full dataset shape: (12816, 700)
Data statistics - Mean: 0.251, Std: 0.184
train 12793
Loaded preprocessed data: (18309, 700)
Original neurons: 11393, current: 700
Data range: -0.250 to 1.500
Temporal split - Total time: 18309
Train: 0 to 12816 (70.0%)
Val: 12816 to 16478 (20.0%)
Test: 16478 to 18309 (10.0%)
Current split (val): 12800 to 16478
Using pre-selected top 700 neurons from HDF5 file.
Full dataset shape: (3678, 700)
Data statistics - Mean: 0.261, Std: 0.190
val 3655
Loaded preprocessed data: (18309, 700)
Original neurons: 11393, current: 700
Data range: -0.250 to 1.500
Temporal split - Total time: 18309
Train: 0 to 12816 (70.0%)
Val: 12816 to 16478 (20.0%)
Test: 16478 to 18309 (10.0%)
Current split (test): 16462 to 18309
Using pre-selected top 700 neurons from HDF5 file.
Full dataset shape: (1847, 700)
Data statistics - Mean: 0.237, Std: 0.188
test 1824
Epoch: 1 cost time: 54.42646551132202
Epoch: 1, Steps: 1599 | Train Loss: 0.1134821 Vali Loss: 0.1037536 Test Loss: 0.1022542
Validation loss decreased (inf --> 0.103754).  Saving model ...
Updating learning rate to 0.0001
Epoch: 2 cost time: 48.522435903549194
Epoch: 2, Steps: 1599 | Train Loss: 0.0966921 Vali Loss: 0.1024755 Test Loss: 0.1007836
Validation loss decreased (0.103754 --> 0.102475).  Saving model ...
Updating learning rate to 5e-05
Epoch: 3 cost time: 48.97101974487305
Epoch: 3, Steps: 1599 | Train Loss: 0.0937600 Vali Loss: 0.1018430 Test Loss: 0.1004442
Validation loss decreased (0.102475 --> 0.101843).  Saving model ...
Updating learning rate to 2.5e-05
Epoch: 4 cost time: 49.05497765541077
Epoch: 4, Steps: 1599 | Train Loss: 0.0924334 Vali Loss: 0.1016192 Test Loss: 0.1002304
Validation loss decreased (0.101843 --> 0.101619).  Saving model ...
Updating learning rate to 1.25e-05
Epoch: 5 cost time: 49.080042123794556
Epoch: 5, Steps: 1599 | Train Loss: 0.0917493 Vali Loss: 0.1016614 Test Loss: 0.1003471
EarlyStopping counter: 1 out of 3
Updating learning rate to 6.25e-06
Epoch: 6 cost time: 48.922826290130615
Epoch: 6, Steps: 1599 | Train Loss: 0.0913917 Vali Loss: 0.1016808 Test Loss: 0.1003058
EarlyStopping counter: 2 out of 3
Updating learning rate to 3.125e-06
Epoch: 7 cost time: 49.24172639846802
Epoch: 7, Steps: 1599 | Train Loss: 0.0912095 Vali Loss: 0.1017608 Test Loss: 0.1004318
EarlyStopping counter: 3 out of 3
Early stopping
>>>>>>>testing : Informer_16_8_Informer_Activity_ftM_sl16_ll8_pl8_dm512_nh8_el2_dl1_df2048_fc1_ebtimeF_dtTrue_Exp_0<<<<<<<<<<<<<<<<<<<<<<<<<<<<<<<<<
Loaded preprocessed data: (18309, 700)
Original neurons: 11393, current: 700
Data range: -0.250 to 1.500
Temporal split - Total time: 18309
Train: 0 to 12816 (70.0%)
Val: 12816 to 16478 (20.0%)
Test: 16478 to 18309 (10.0%)
Current split (test): 16462 to 18309
Using pre-selected top 700 neurons from HDF5 file.
Full dataset shape: (1847, 700)
Data statistics - Mean: 0.237, Std: 0.188
test 1824
mse:0.025027023628354073, mae:0.10023528337478638
