Args in experiment:
Namespace(is_training=1, train_only=False, model_id='POCO_16_8', model='POCO', data='Activity', root_path='/cs/student/projects1/aibh/2024/gcosta/mpci_data/', data_path='session_5ea6bb9b-6163-4e8a-816b-efe7002666b0_700.h5', features='M', target='OT', freq='h', checkpoints='./checkpoints/', seq_len=16, label_len=8, pred_len=8, individual=False, embed_type=0, enc_in=700, dec_in=7, c_out=700, d_model=512, n_heads=8, e_layers=2, d_layers=1, d_ff=2048, moving_avg=25, factor=1, distil=True, dropout=0.05, embed='timeF', activation='gelu', output_attention=False, do_predict=False, num_workers=5, itr=1, train_epochs=10, batch_size=8, patience=1, learning_rate=0.0001, des='Exp', experiment_name='ActivityShort700N', loss='mae', lradj='type1', use_amp=False, use_gpu=True, gpu=0, use_multi_gpu=False, devices='0,1,2,3', test_flop=False)
Use GPU: cuda:0
>>>>>>>start training : POCO_16_8_POCO_Activity_ftM_sl16_ll8_pl8_dm512_nh8_el2_dl1_df2048_fc1_ebtimeF_dtTrue_Exp_0>>>>>>>>>>>>>>>>>>>>>>>>>>
Loaded preprocessed data: (18309, 700)
Original neurons: 11393, current: 700
Data range: -0.250 to 1.500
Temporal split - Total time: 18309
Train: 0 to 12816 (70.0%)
Val: 12816 to 16478 (20.0%)
Test: 16478 to 18309 (10.0%)
Current split (train): 0 to 12816
Using pre-selected top 700 neurons from HDF5 file.
Full dataset shape: (12816, 700)
Data statistics - Mean: 0.251, Std: 0.184
train 12793
Loaded preprocessed data: (18309, 700)
Original neurons: 11393, current: 700
Data range: -0.250 to 1.500
Temporal split - Total time: 18309
Train: 0 to 12816 (70.0%)
Val: 12816 to 16478 (20.0%)
Test: 16478 to 18309 (10.0%)
Current split (val): 12800 to 16478
Using pre-selected top 700 neurons from HDF5 file.
Full dataset shape: (3678, 700)
Data statistics - Mean: 0.261, Std: 0.190
val 3655
Loaded preprocessed data: (18309, 700)
Original neurons: 11393, current: 700
Data range: -0.250 to 1.500
Temporal split - Total time: 18309
Train: 0 to 12816 (70.0%)
Val: 12816 to 16478 (20.0%)
Test: 16478 to 18309 (10.0%)
Current split (test): 16462 to 18309
Using pre-selected top 700 neurons from HDF5 file.
Full dataset shape: (1847, 700)
Data statistics - Mean: 0.237, Std: 0.188
test 1824
Epoch: 1 cost time: 27.432012796401978
Epoch: 1, Steps: 1599 | Train Loss: 0.0900282 Vali Loss: 0.0909772 Test Loss: 0.0870386
Validation loss decreased (inf --> 0.090977).  Saving model ...
Updating learning rate to 0.0001
Epoch: 2 cost time: 66.28004717826843
Epoch: 2, Steps: 1599 | Train Loss: 0.0871609 Vali Loss: 0.0907860 Test Loss: 0.0870837
Validation loss decreased (0.090977 --> 0.090786).  Saving model ...
Updating learning rate to 5e-05
Epoch: 3 cost time: 70.09581851959229
Epoch: 3, Steps: 1599 | Train Loss: 0.0867519 Vali Loss: 0.0906051 Test Loss: 0.0869928
Validation loss decreased (0.090786 --> 0.090605).  Saving model ...
Updating learning rate to 2.5e-05
Epoch: 4 cost time: 71.56308913230896
Epoch: 4, Steps: 1599 | Train Loss: 0.0866211 Vali Loss: 0.0906893 Test Loss: 0.0870393
EarlyStopping counter: 1 out of 1
Early stopping
>>>>>>>testing : POCO_16_8_POCO_Activity_ftM_sl16_ll8_pl8_dm512_nh8_el2_dl1_df2048_fc1_ebtimeF_dtTrue_Exp_0<<<<<<<<<<<<<<<<<<<<<<<<<<<<<<<<<
Loaded preprocessed data: (18309, 700)
Original neurons: 11393, current: 700
Data range: -0.250 to 1.500
Temporal split - Total time: 18309
Train: 0 to 12816 (70.0%)
Val: 12816 to 16478 (20.0%)
Test: 16478 to 18309 (10.0%)
Current split (test): 16462 to 18309
Using pre-selected top 700 neurons from HDF5 file.
Full dataset shape: (1847, 700)
Data statistics - Mean: 0.237, Std: 0.188
test 1824
mse:0.017970651388168335, mae:0.0869927927851677
