Args in experiment:
Namespace(is_training=1, train_only=False, model_id='TSMixer_16_8', model='TSMixer', data='Activity', root_path='/cs/student/projects1/aibh/2024/gcosta/mpci_data/', data_path='session_5ea6bb9b-6163-4e8a-816b-efe7002666b0_700.h5', features='M', target='OT', freq='h', checkpoints='./checkpoints/', seq_len=16, label_len=8, pred_len=8, individual=False, embed_type=0, enc_in=700, dec_in=7, c_out=700, d_model=512, n_heads=8, e_layers=2, d_layers=1, d_ff=2048, moving_avg=25, factor=1, distil=True, dropout=0.05, embed='timeF', activation='gelu', output_attention=False, do_predict=False, num_workers=5, itr=1, train_epochs=10, batch_size=8, patience=3, learning_rate=0.0001, des='Exp', experiment_name='ActivityShort700N', loss='mae', lradj='type1', use_amp=False, use_gpu=True, gpu=0, use_multi_gpu=False, devices='0,1,2,3', test_flop=False)
Use GPU: cuda:0
>>>>>>>start training : TSMixer_16_8_TSMixer_Activity_ftM_sl16_ll8_pl8_dm512_nh8_el2_dl1_df2048_fc1_ebtimeF_dtTrue_Exp_0>>>>>>>>>>>>>>>>>>>>>>>>>>
Loaded preprocessed data: (18309, 700)
Original neurons: 11393, current: 700
Data range: -0.250 to 1.500
Temporal split - Total time: 18309
Train: 0 to 12816 (70.0%)
Val: 12816 to 16478 (20.0%)
Test: 16478 to 18309 (10.0%)
Current split (train): 0 to 12816
Using pre-selected top 700 neurons from HDF5 file.
Full dataset shape: (12816, 700)
Data statistics - Mean: 0.251, Std: 0.184
train 12793
Loaded preprocessed data: (18309, 700)
Original neurons: 11393, current: 700
Data range: -0.250 to 1.500
Temporal split - Total time: 18309
Train: 0 to 12816 (70.0%)
Val: 12816 to 16478 (20.0%)
Test: 16478 to 18309 (10.0%)
Current split (val): 12800 to 16478
Using pre-selected top 700 neurons from HDF5 file.
Full dataset shape: (3678, 700)
Data statistics - Mean: 0.261, Std: 0.190
val 3655
Loaded preprocessed data: (18309, 700)
Original neurons: 11393, current: 700
Data range: -0.250 to 1.500
Temporal split - Total time: 18309
Train: 0 to 12816 (70.0%)
Val: 12816 to 16478 (20.0%)
Test: 16478 to 18309 (10.0%)
Current split (test): 16462 to 18309
Using pre-selected top 700 neurons from HDF5 file.
Full dataset shape: (1847, 700)
Data statistics - Mean: 0.237, Std: 0.188
test 1824
Epoch: 1 cost time: 23.43132209777832
Epoch: 1, Steps: 1599 | Train Loss: 0.1001335 Vali Loss: 0.0968719 Test Loss: 0.0922455
Validation loss decreased (inf --> 0.096872).  Saving model ...
Updating learning rate to 0.0001
Epoch: 2 cost time: 22.417173862457275
Epoch: 2, Steps: 1599 | Train Loss: 0.0912048 Vali Loss: 0.0951015 Test Loss: 0.0905183
Validation loss decreased (0.096872 --> 0.095101).  Saving model ...
Updating learning rate to 5e-05
Epoch: 3 cost time: 23.07209348678589
Epoch: 3, Steps: 1599 | Train Loss: 0.0894353 Vali Loss: 0.0948529 Test Loss: 0.0902794
Validation loss decreased (0.095101 --> 0.094853).  Saving model ...
Updating learning rate to 2.5e-05
Epoch: 4 cost time: 22.56690263748169
Epoch: 4, Steps: 1599 | Train Loss: 0.0887614 Vali Loss: 0.0948771 Test Loss: 0.0902939
EarlyStopping counter: 1 out of 3
Updating learning rate to 1.25e-05
Epoch: 5 cost time: 21.603871822357178
Epoch: 5, Steps: 1599 | Train Loss: 0.0884470 Vali Loss: 0.0948977 Test Loss: 0.0903102
EarlyStopping counter: 2 out of 3
Updating learning rate to 6.25e-06
Epoch: 6 cost time: 22.14714241027832
Epoch: 6, Steps: 1599 | Train Loss: 0.0882950 Vali Loss: 0.0949121 Test Loss: 0.0903324
EarlyStopping counter: 3 out of 3
Early stopping
>>>>>>>testing : TSMixer_16_8_TSMixer_Activity_ftM_sl16_ll8_pl8_dm512_nh8_el2_dl1_df2048_fc1_ebtimeF_dtTrue_Exp_0<<<<<<<<<<<<<<<<<<<<<<<<<<<<<<<<<
Loaded preprocessed data: (18309, 700)
Original neurons: 11393, current: 700
Data range: -0.250 to 1.500
Temporal split - Total time: 18309
Train: 0 to 12816 (70.0%)
Val: 12816 to 16478 (20.0%)
Test: 16478 to 18309 (10.0%)
Current split (test): 16462 to 18309
Using pre-selected top 700 neurons from HDF5 file.
Full dataset shape: (1847, 700)
Data statistics - Mean: 0.237, Std: 0.188
test 1824
mse:0.018952123820781708, mae:0.09027936309576035
