Args in experiment:
Namespace(is_training=1, train_only=False, model_id='Informer_96_32', model='Informer', data='Activity', root_path='/cs/student/projects1/aibh/2024/gcosta/mpci_data/', data_path='session_5ea6bb9b-6163-4e8a-816b-efe7002666b0_70.h5', features='M', target='OT', freq='m', checkpoints='./checkpoints/', seq_len=96, label_len=16, pred_len=32, individual=False, embed_type=0, enc_in=70, dec_in=70, c_out=70, d_model=512, n_heads=8, e_layers=2, d_layers=1, d_ff=2048, moving_avg=25, factor=1, distil=True, dropout=0.05, embed='timeF', activation='gelu', output_attention=False, do_predict=False, num_workers=10, itr=1, train_epochs=10, batch_size=8, patience=3, learning_rate=0.0001, des='Exp', experiment_name='ActivityExtraLong70N', loss='mae', lradj='type1', use_amp=False, use_gpu=True, gpu=0, use_multi_gpu=False, devices='0,1,2,3', test_flop=False, feature_idx=69)
Use GPU: cuda:0
>>>>>>>start training : Informer_96_32_Informer_Activity_ftM_sl96_ll16_pl32_dm512_nh8_el2_dl1_df2048_fc1_ebtimeF_dtTrue_Exp_0>>>>>>>>>>>>>>>>>>>>>>>>>>
Loaded preprocessed data: (18309, 70)
Original neurons: 11393, current: 70
Data range: -0.100 to 1.500
Temporal split - Total time: 18309
Train: 0 to 12816 (70.0%)
Val: 12816 to 16478 (20.0%)
Test: 16478 to 18309 (10.0%)
Current split (train): 0 to 12816
Using pre-selected top 70 neurons from HDF5 file.
Full dataset shape: (12816, 70)
Data statistics - Mean: 0.153, Std: 0.177
train 12689
Loaded preprocessed data: (18309, 70)
Original neurons: 11393, current: 70
Data range: -0.100 to 1.500
Temporal split - Total time: 18309
Train: 0 to 12816 (70.0%)
Val: 12816 to 16478 (20.0%)
Test: 16478 to 18309 (10.0%)
Current split (val): 12720 to 16478
Using pre-selected top 70 neurons from HDF5 file.
Full dataset shape: (3758, 70)
Data statistics - Mean: 0.167, Std: 0.195
val 3631
Loaded preprocessed data: (18309, 70)
Original neurons: 11393, current: 70
Data range: -0.100 to 1.500
Temporal split - Total time: 18309
Train: 0 to 12816 (70.0%)
Val: 12816 to 16478 (20.0%)
Test: 16478 to 18309 (10.0%)
Current split (test): 16382 to 18309
Using pre-selected top 70 neurons from HDF5 file.
Full dataset shape: (1927, 70)
Data statistics - Mean: 0.159, Std: 0.203
test 1800
Epoch: 1 cost time: 76.3124647140503
Epoch: 1, Steps: 1586 | Train Loss: 0.1003518 Vali Loss: 0.1014651 Test Loss: 0.1075309
Validation loss decreased (inf --> 0.101465).  Saving model ...
Updating learning rate to 0.0001
Epoch: 2 cost time: 59.551820516586304
Epoch: 2, Steps: 1586 | Train Loss: 0.0784340 Vali Loss: 0.1041735 Test Loss: 0.1087742
EarlyStopping counter: 1 out of 3
Updating learning rate to 5e-05
Epoch: 3 cost time: 59.67760610580444
Epoch: 3, Steps: 1586 | Train Loss: 0.0712974 Vali Loss: 0.1065990 Test Loss: 0.1127234
EarlyStopping counter: 2 out of 3
Updating learning rate to 2.5e-05
Epoch: 4 cost time: 58.39050078392029
Epoch: 4, Steps: 1586 | Train Loss: 0.0678453 Vali Loss: 0.1074837 Test Loss: 0.1136174
EarlyStopping counter: 3 out of 3
Early stopping
>>>>>>>testing : Informer_96_32_Informer_Activity_ftM_sl96_ll16_pl32_dm512_nh8_el2_dl1_df2048_fc1_ebtimeF_dtTrue_Exp_0<<<<<<<<<<<<<<<<<<<<<<<<<<<<<<<<<
Loaded preprocessed data: (18309, 70)
Original neurons: 11393, current: 70
Data range: -0.100 to 1.500
Temporal split - Total time: 18309
Train: 0 to 12816 (70.0%)
Val: 12816 to 16478 (20.0%)
Test: 16478 to 18309 (10.0%)
Current split (test): 16382 to 18309
Using pre-selected top 70 neurons from HDF5 file.
Full dataset shape: (1927, 70)
Data statistics - Mean: 0.159, Std: 0.203
test 1800
mse:0.03814784437417984, mae:0.10753238946199417
