Args in experiment:
Namespace(is_training=1, train_only=False, model_id='Linear_96_32', model='Linear', data='Activity', root_path='/cs/student/projects1/aibh/2024/gcosta/mpci_data/', data_path='session_5ea6bb9b-6163-4e8a-816b-efe7002666b0_70.h5', features='M', target='OT', freq='h', checkpoints='./checkpoints/', seq_len=96, label_len=16, pred_len=32, individual=False, embed_type=0, enc_in=70, dec_in=7, c_out=70, d_model=512, n_heads=8, e_layers=2, d_layers=1, d_ff=2048, moving_avg=25, factor=1, distil=True, dropout=0.05, embed='timeF', activation='gelu', output_attention=False, do_predict=False, num_workers=5, itr=1, train_epochs=10, batch_size=8, patience=3, learning_rate=0.0001, des='Exp', experiment_name='ActivityExtraLong70N', loss='mae', lradj='type1', use_amp=False, use_gpu=True, gpu=0, use_multi_gpu=False, devices='0,1,2,3', test_flop=False, feature_idx=69)
Use GPU: cuda:0
>>>>>>>start training : Linear_96_32_Linear_Activity_ftM_sl96_ll16_pl32_dm512_nh8_el2_dl1_df2048_fc1_ebtimeF_dtTrue_Exp_0>>>>>>>>>>>>>>>>>>>>>>>>>>
Loaded preprocessed data: (18309, 70)
Original neurons: 11393, current: 70
Data range: -0.100 to 1.500
Temporal split - Total time: 18309
Train: 0 to 12816 (70.0%)
Val: 12816 to 16478 (20.0%)
Test: 16478 to 18309 (10.0%)
Current split (train): 0 to 12816
Using pre-selected top 70 neurons from HDF5 file.
Full dataset shape: (12816, 70)
Data statistics - Mean: 0.153, Std: 0.177
train 12689
Loaded preprocessed data: (18309, 70)
Original neurons: 11393, current: 70
Data range: -0.100 to 1.500
Temporal split - Total time: 18309
Train: 0 to 12816 (70.0%)
Val: 12816 to 16478 (20.0%)
Test: 16478 to 18309 (10.0%)
Current split (val): 12720 to 16478
Using pre-selected top 70 neurons from HDF5 file.
Full dataset shape: (3758, 70)
Data statistics - Mean: 0.167, Std: 0.195
val 3631
Loaded preprocessed data: (18309, 70)
Original neurons: 11393, current: 70
Data range: -0.100 to 1.500
Temporal split - Total time: 18309
Train: 0 to 12816 (70.0%)
Val: 12816 to 16478 (20.0%)
Test: 16478 to 18309 (10.0%)
Current split (test): 16382 to 18309
Using pre-selected top 70 neurons from HDF5 file.
Full dataset shape: (1927, 70)
Data statistics - Mean: 0.159, Std: 0.203
test 1800
Epoch: 1 cost time: 4.548853874206543
Epoch: 1, Steps: 1586 | Train Loss: 0.0980727 Vali Loss: 0.0939993 Test Loss: 0.0937956
Validation loss decreased (inf --> 0.093999).  Saving model ...
Updating learning rate to 0.0001
Epoch: 2 cost time: 5.7993903160095215
Epoch: 2, Steps: 1586 | Train Loss: 0.0828970 Vali Loss: 0.0903040 Test Loss: 0.0900790
Validation loss decreased (0.093999 --> 0.090304).  Saving model ...
Updating learning rate to 5e-05
Epoch: 3 cost time: 7.131632089614868
Epoch: 3, Steps: 1586 | Train Loss: 0.0812049 Vali Loss: 0.0894744 Test Loss: 0.0892550
Validation loss decreased (0.090304 --> 0.089474).  Saving model ...
Updating learning rate to 2.5e-05
Epoch: 4 cost time: 6.817263603210449
Epoch: 4, Steps: 1586 | Train Loss: 0.0806904 Vali Loss: 0.0891352 Test Loss: 0.0888246
Validation loss decreased (0.089474 --> 0.089135).  Saving model ...
Updating learning rate to 1.25e-05
Epoch: 5 cost time: 8.37053394317627
Epoch: 5, Steps: 1586 | Train Loss: 0.0804803 Vali Loss: 0.0890004 Test Loss: 0.0886974
Validation loss decreased (0.089135 --> 0.089000).  Saving model ...
Updating learning rate to 6.25e-06
Epoch: 6 cost time: 6.721389532089233
Epoch: 6, Steps: 1586 | Train Loss: 0.0803867 Vali Loss: 0.0889129 Test Loss: 0.0886261
Validation loss decreased (0.089000 --> 0.088913).  Saving model ...
Updating learning rate to 3.125e-06
Epoch: 7 cost time: 7.7194695472717285
Epoch: 7, Steps: 1586 | Train Loss: 0.0803416 Vali Loss: 0.0888658 Test Loss: 0.0886036
Validation loss decreased (0.088913 --> 0.088866).  Saving model ...
Updating learning rate to 1.5625e-06
Epoch: 8 cost time: 8.556392908096313
Epoch: 8, Steps: 1586 | Train Loss: 0.0803197 Vali Loss: 0.0888587 Test Loss: 0.0885939
Validation loss decreased (0.088866 --> 0.088859).  Saving model ...
Updating learning rate to 7.8125e-07
Epoch: 9 cost time: 6.672130584716797
Epoch: 9, Steps: 1586 | Train Loss: 0.0803077 Vali Loss: 0.0888750 Test Loss: 0.0885799
EarlyStopping counter: 1 out of 3
Updating learning rate to 3.90625e-07
Epoch: 10 cost time: 7.161683559417725
Epoch: 10, Steps: 1586 | Train Loss: 0.0803025 Vali Loss: 0.0888516 Test Loss: 0.0885758
Validation loss decreased (0.088859 --> 0.088852).  Saving model ...
Updating learning rate to 1.953125e-07
>>>>>>>testing : Linear_96_32_Linear_Activity_ftM_sl96_ll16_pl32_dm512_nh8_el2_dl1_df2048_fc1_ebtimeF_dtTrue_Exp_0<<<<<<<<<<<<<<<<<<<<<<<<<<<<<<<<<
Loaded preprocessed data: (18309, 70)
Original neurons: 11393, current: 70
Data range: -0.100 to 1.500
Temporal split - Total time: 18309
Train: 0 to 12816 (70.0%)
Val: 12816 to 16478 (20.0%)
Test: 16478 to 18309 (10.0%)
Current split (test): 16382 to 18309
Using pre-selected top 70 neurons from HDF5 file.
Full dataset shape: (1927, 70)
Data statistics - Mean: 0.159, Std: 0.203
test 1800
mse:0.027827586978673935, mae:0.0885758325457573
