Args in experiment:
Namespace(is_training=1, train_only=False, model_id='TSMixer_96_32', model='TSMixer', data='Activity', root_path='/cs/student/projects1/aibh/2024/gcosta/mpci_data/', data_path='session_5ea6bb9b-6163-4e8a-816b-efe7002666b0_70.h5', features='M', target='OT', freq='h', checkpoints='./checkpoints/', seq_len=96, label_len=16, pred_len=32, individual=False, embed_type=0, enc_in=70, dec_in=7, c_out=70, d_model=512, n_heads=8, e_layers=2, d_layers=1, d_ff=2048, moving_avg=25, factor=1, distil=True, dropout=0.05, embed='timeF', activation='gelu', output_attention=False, do_predict=False, num_workers=5, itr=1, train_epochs=10, batch_size=8, patience=3, learning_rate=0.0001, des='Exp', experiment_name='ActivityExtraLong70N', loss='mae', lradj='type1', use_amp=False, use_gpu=True, gpu=0, use_multi_gpu=False, devices='0,1,2,3', test_flop=False, feature_idx=69)
Use GPU: cuda:0
>>>>>>>start training : TSMixer_96_32_TSMixer_Activity_ftM_sl96_ll16_pl32_dm512_nh8_el2_dl1_df2048_fc1_ebtimeF_dtTrue_Exp_0>>>>>>>>>>>>>>>>>>>>>>>>>>
Loaded preprocessed data: (18309, 70)
Original neurons: 11393, current: 70
Data range: -0.100 to 1.500
Temporal split - Total time: 18309
Train: 0 to 12816 (70.0%)
Val: 12816 to 16478 (20.0%)
Test: 16478 to 18309 (10.0%)
Current split (train): 0 to 12816
Using pre-selected top 70 neurons from HDF5 file.
Full dataset shape: (12816, 70)
Data statistics - Mean: 0.153, Std: 0.177
train 12689
Loaded preprocessed data: (18309, 70)
Original neurons: 11393, current: 70
Data range: -0.100 to 1.500
Temporal split - Total time: 18309
Train: 0 to 12816 (70.0%)
Val: 12816 to 16478 (20.0%)
Test: 16478 to 18309 (10.0%)
Current split (val): 12720 to 16478
Using pre-selected top 70 neurons from HDF5 file.
Full dataset shape: (3758, 70)
Data statistics - Mean: 0.167, Std: 0.195
val 3631
Loaded preprocessed data: (18309, 70)
Original neurons: 11393, current: 70
Data range: -0.100 to 1.500
Temporal split - Total time: 18309
Train: 0 to 12816 (70.0%)
Val: 12816 to 16478 (20.0%)
Test: 16478 to 18309 (10.0%)
Current split (test): 16382 to 18309
Using pre-selected top 70 neurons from HDF5 file.
Full dataset shape: (1927, 70)
Data statistics - Mean: 0.159, Std: 0.203
test 1800
Epoch: 1 cost time: 12.105867385864258
Epoch: 1, Steps: 1586 | Train Loss: 0.0839301 Vali Loss: 0.0883070 Test Loss: 0.0888793
Validation loss decreased (inf --> 0.088307).  Saving model ...
Updating learning rate to 0.0001
Epoch: 2 cost time: 21.13408923149109
Epoch: 2, Steps: 1586 | Train Loss: 0.0775966 Vali Loss: 0.0871467 Test Loss: 0.0883271
Validation loss decreased (0.088307 --> 0.087147).  Saving model ...
Updating learning rate to 5e-05
Epoch: 3 cost time: 21.169647693634033
Epoch: 3, Steps: 1586 | Train Loss: 0.0760745 Vali Loss: 0.0871071 Test Loss: 0.0883674
Validation loss decreased (0.087147 --> 0.087107).  Saving model ...
Updating learning rate to 2.5e-05
Epoch: 4 cost time: 22.90868306159973
Epoch: 4, Steps: 1586 | Train Loss: 0.0753480 Vali Loss: 0.0870247 Test Loss: 0.0885891
Validation loss decreased (0.087107 --> 0.087025).  Saving model ...
Updating learning rate to 1.25e-05
Epoch: 5 cost time: 22.079559803009033
Epoch: 5, Steps: 1586 | Train Loss: 0.0749748 Vali Loss: 0.0870647 Test Loss: 0.0887537
EarlyStopping counter: 1 out of 3
Updating learning rate to 6.25e-06
Epoch: 6 cost time: 18.409482717514038
Epoch: 6, Steps: 1586 | Train Loss: 0.0747748 Vali Loss: 0.0870877 Test Loss: 0.0887841
EarlyStopping counter: 2 out of 3
Updating learning rate to 3.125e-06
Epoch: 7 cost time: 18.336050271987915
Epoch: 7, Steps: 1586 | Train Loss: 0.0746857 Vali Loss: 0.0871208 Test Loss: 0.0888339
EarlyStopping counter: 3 out of 3
Early stopping
>>>>>>>testing : TSMixer_96_32_TSMixer_Activity_ftM_sl96_ll16_pl32_dm512_nh8_el2_dl1_df2048_fc1_ebtimeF_dtTrue_Exp_0<<<<<<<<<<<<<<<<<<<<<<<<<<<<<<<<<
Loaded preprocessed data: (18309, 70)
Original neurons: 11393, current: 70
Data range: -0.100 to 1.500
Temporal split - Total time: 18309
Train: 0 to 12816 (70.0%)
Val: 12816 to 16478 (20.0%)
Test: 16478 to 18309 (10.0%)
Current split (test): 16382 to 18309
Using pre-selected top 70 neurons from HDF5 file.
Full dataset shape: (1927, 70)
Data statistics - Mean: 0.159, Std: 0.203
test 1800
mse:0.028497349470853806, mae:0.08858909457921982
