Args in experiment:
Namespace(is_training=1, model_id='Activity_4_1', model='DummyLinear', data='Activity', root_path='./dataset/', data_path='session_0.h5', features='M', target='OT', freq='h', checkpoints='./checkpoints/', seq_len=4, label_len=48, pred_len=1, individual=False, embed_type=0, enc_in=5000, dec_in=7, c_out=7, d_model=512, n_heads=8, e_layers=2, d_layers=1, d_ff=2048, moving_avg=25, factor=1, distil=True, dropout=0.05, embed='timeF', activation='gelu', output_attention=False, do_predict=False, num_workers=10, itr=1, train_epochs=1, batch_size=128, patience=3, learning_rate=0.01, des='Exp', loss='mae', lradj='type1', use_amp=False, use_gpu=True, gpu=0, use_multi_gpu=False, devices='0,1,2,3', test_flop=False)
Use GPU: cuda:0
>>>>>>>start training : Activity_4_1_DummyLinear_Activity_ftM_sl4_ll48_pl1_dm512_nh8_el2_dl1_df2048_fc1_ebtimeF_dtTrue_Exp_0>>>>>>>>>>>>>>>>>>>>>>>>>>
Warning: label_len (48) > seq_len (4). Setting label_len = seq_len // 2 = 2
Loaded preprocessed data: (19081, 6903)
Original neurons: 7673, Processed neurons: 6903
Data range: 0.000 to 1.000
Selected top 5000 neurons out of 6903 preprocessed neurons
Final dataset shape: (13356, 5000)
Final data statistics - Mean: 0.347, Std: 0.149
train 13352
Warning: label_len (48) > seq_len (4). Setting label_len = seq_len // 2 = 2
Loaded preprocessed data: (19081, 6903)
Original neurons: 7673, Processed neurons: 6903
Data range: 0.000 to 1.000
Selected top 5000 neurons out of 6903 preprocessed neurons
Final dataset shape: (1908, 5000)
Final data statistics - Mean: 0.378, Std: 0.158
val 1904
Warning: label_len (48) > seq_len (4). Setting label_len = seq_len // 2 = 2
Loaded preprocessed data: (19081, 6903)
Original neurons: 7673, Processed neurons: 6903
Data range: 0.000 to 1.000
Selected top 5000 neurons out of 6903 preprocessed neurons
Final dataset shape: (3821, 5000)
Final data statistics - Mean: 0.325, Std: 0.143
test 3817
	iters: 100, epoch: 1 | loss: 1.5832589
	speed: 0.0363s/iter; left time: 0.1816s
Epoch: 1 cost time: 1.4622530937194824
Epoch: 1, Steps: 104 | Train Loss: 2.3111673 Vali Loss: 1.7567209 Test Loss: 1.5139042
Validation loss decreased (inf --> 1.756721).  Saving model ...
Updating learning rate to 0.01
>>>>>>>testing : Activity_4_1_DummyLinear_Activity_ftM_sl4_ll48_pl1_dm512_nh8_el2_dl1_df2048_fc1_ebtimeF_dtTrue_Exp_0<<<<<<<<<<<<<<<<<<<<<<<<<<<<<<<<<
Warning: label_len (48) > seq_len (4). Setting label_len = seq_len // 2 = 2
Loaded preprocessed data: (19081, 6903)
Original neurons: 7673, Processed neurons: 6903
Data range: 0.000 to 1.000
Selected top 5000 neurons out of 6903 preprocessed neurons
Final dataset shape: (3821, 5000)
Final data statistics - Mean: 0.325, Std: 0.143
test 3817
mse:3.5308971405029297, mae:1.5139070749282837, rse:13.151127815246582, corr:[0.03051517]
