Args in experiment:
Namespace(is_training=1, model_id='Informer_4_1', model='Informer', data='Activity', root_path='./dataset/', data_path='session_0.h5', features='M', target='OT', freq='m', checkpoints='./checkpoints/', seq_len=4, label_len=4, pred_len=1, individual=False, embed_type=0, enc_in=5000, dec_in=5000, c_out=5000, d_model=512, n_heads=8, e_layers=2, d_layers=1, d_ff=2048, moving_avg=25, factor=1, distil=True, dropout=0.05, embed='timeF', activation='gelu', output_attention=False, do_predict=False, num_workers=10, itr=1, train_epochs=10, batch_size=32, patience=3, learning_rate=0.01, des='Exp', loss='mae', lradj='type1', use_amp=False, use_gpu=True, gpu=0, use_multi_gpu=False, devices='0,1,2,3', test_flop=False)
Use GPU: cuda:0
>>>>>>>start training : Informer_4_1_Informer_Activity_ftM_sl4_ll4_pl1_dm512_nh8_el2_dl1_df2048_fc1_ebtimeF_dtTrue_Exp_0>>>>>>>>>>>>>>>>>>>>>>>>>>
Loaded preprocessed data: (19081, 6903)
Original neurons: 7673, Processed neurons: 6903
Data range: 0.000 to 1.000
Selected top 5000 neurons out of 6903 preprocessed neurons
Final dataset shape: (13356, 5000)
Final data statistics - Mean: 0.347, Std: 0.149
train 13352
Loaded preprocessed data: (19081, 6903)
Original neurons: 7673, Processed neurons: 6903
Data range: 0.000 to 1.000
Selected top 5000 neurons out of 6903 preprocessed neurons
Final dataset shape: (1908, 5000)
Final data statistics - Mean: 0.378, Std: 0.158
val 1904
Loaded preprocessed data: (19081, 6903)
Original neurons: 7673, Processed neurons: 6903
Data range: 0.000 to 1.000
Selected top 5000 neurons out of 6903 preprocessed neurons
Final dataset shape: (3821, 5000)
Final data statistics - Mean: 0.325, Std: 0.143
test 3817
	iters: 100, epoch: 1 | loss: 0.1195923
	speed: 0.0528s/iter; left time: 215.0425s
	iters: 200, epoch: 1 | loss: 0.0951733
	speed: 0.0209s/iter; left time: 82.8268s
	iters: 300, epoch: 1 | loss: 0.0925264
	speed: 0.0202s/iter; left time: 78.1967s
	iters: 400, epoch: 1 | loss: 0.0867222
	speed: 0.0229s/iter; left time: 86.3601s
Epoch: 1 cost time: 9.671976566314697
Epoch: 1, Steps: 417 | Train Loss: 0.1677890 Vali Loss: 0.0932916 Test Loss: 0.0828808
Validation loss decreased (inf --> 0.093292).  Saving model ...
Updating learning rate to 0.01
	iters: 100, epoch: 2 | loss: 0.0905769
	speed: 0.0656s/iter; left time: 239.7941s
	iters: 200, epoch: 2 | loss: 0.0865572
	speed: 0.0203s/iter; left time: 72.2363s
	iters: 300, epoch: 2 | loss: 0.0860494
	speed: 0.0201s/iter; left time: 69.3195s
	iters: 400, epoch: 2 | loss: 0.0894119
	speed: 0.0247s/iter; left time: 82.8649s
Epoch: 2 cost time: 9.509018421173096
Epoch: 2, Steps: 417 | Train Loss: 0.0866770 Vali Loss: 0.0900527 Test Loss: 0.0926232
Validation loss decreased (0.093292 --> 0.090053).  Saving model ...
Updating learning rate to 0.005
	iters: 100, epoch: 3 | loss: 0.0829364
	speed: 0.0627s/iter; left time: 202.9864s
	iters: 200, epoch: 3 | loss: 0.0843424
	speed: 0.0203s/iter; left time: 63.6587s
	iters: 300, epoch: 3 | loss: 0.0851025
	speed: 0.0231s/iter; left time: 70.2259s
	iters: 400, epoch: 3 | loss: 0.0838910
	speed: 0.0249s/iter; left time: 73.1551s
Epoch: 3 cost time: 9.860191345214844
Epoch: 3, Steps: 417 | Train Loss: 0.0854323 Vali Loss: 0.0894620 Test Loss: 0.0885436
Validation loss decreased (0.090053 --> 0.089462).  Saving model ...
Updating learning rate to 0.0025
	iters: 100, epoch: 4 | loss: 0.0824242
	speed: 0.0709s/iter; left time: 199.8069s
	iters: 200, epoch: 4 | loss: 0.0861682
	speed: 0.0218s/iter; left time: 59.2578s
	iters: 300, epoch: 4 | loss: 0.0841633
	speed: 0.0222s/iter; left time: 58.0425s
	iters: 400, epoch: 4 | loss: 0.0826014
	speed: 0.0210s/iter; left time: 52.8547s
Epoch: 4 cost time: 9.946815729141235
Epoch: 4, Steps: 417 | Train Loss: 0.0850403 Vali Loss: 0.0896912 Test Loss: 0.0867362
EarlyStopping counter: 1 out of 3
Updating learning rate to 0.00125
	iters: 100, epoch: 5 | loss: 0.0835418
	speed: 0.0544s/iter; left time: 130.7945s
	iters: 200, epoch: 5 | loss: 0.0869963
	speed: 0.0235s/iter; left time: 54.0714s
	iters: 300, epoch: 5 | loss: 0.0845442
	speed: 0.0220s/iter; left time: 48.5210s
	iters: 400, epoch: 5 | loss: 0.0874908
	speed: 0.0205s/iter; left time: 43.1533s
Epoch: 5 cost time: 9.479470014572144
Epoch: 5, Steps: 417 | Train Loss: 0.0848299 Vali Loss: 0.0904770 Test Loss: 0.0850685
EarlyStopping counter: 2 out of 3
Updating learning rate to 0.000625
	iters: 100, epoch: 6 | loss: 0.0828219
	speed: 0.0496s/iter; left time: 98.5462s
	iters: 200, epoch: 6 | loss: 0.0869513
	speed: 0.0223s/iter; left time: 42.0201s
	iters: 300, epoch: 6 | loss: 0.0840226
	speed: 0.0231s/iter; left time: 41.2044s
	iters: 400, epoch: 6 | loss: 0.0815568
	speed: 0.0202s/iter; left time: 34.0944s
Epoch: 6 cost time: 9.417556285858154
Epoch: 6, Steps: 417 | Train Loss: 0.0846815 Vali Loss: 0.0901596 Test Loss: 0.0858993
EarlyStopping counter: 3 out of 3
Early stopping
>>>>>>>testing : Informer_4_1_Informer_Activity_ftM_sl4_ll4_pl1_dm512_nh8_el2_dl1_df2048_fc1_ebtimeF_dtTrue_Exp_0<<<<<<<<<<<<<<<<<<<<<<<<<<<<<<<<<
Loaded preprocessed data: (19081, 6903)
Original neurons: 7673, Processed neurons: 6903
Data range: 0.000 to 1.000
Selected top 5000 neurons out of 6903 preprocessed neurons
Final dataset shape: (3821, 5000)
Final data statistics - Mean: 0.325, Std: 0.143
test 3817
mse:0.014068134129047394, mae:0.088543601334095, rse:0.8280459046363831, corr:[0.00017518]
