Args in experiment:
Namespace(is_training=1, train_only=False, model_id='Informer_48_16', model='Informer', data='Activity', root_path='/cs/student/projects1/aibh/2024/gcosta/mpci_data/', data_path='session_5ea6bb9b-6163-4e8a-816b-efe7002666b0_11392.h5', features='M', target='OT', freq='m', checkpoints='./checkpoints/', seq_len=48, label_len=16, pred_len=16, individual=False, embed_type=0, enc_in=11392, dec_in=11392, c_out=11392, d_model=512, n_heads=8, e_layers=2, d_layers=1, d_ff=2048, moving_avg=25, factor=1, distil=True, dropout=0.05, embed='timeF', activation='gelu', output_attention=False, do_predict=False, num_workers=10, itr=1, train_epochs=10, batch_size=8, patience=3, learning_rate=0.0001, des='Exp', experiment_name='ActivityLongActive11392N', loss='mae', lradj='type1', use_amp=False, use_gpu=True, gpu=0, use_multi_gpu=False, devices='0,1,2,3', test_flop=False, feature_idx=69)
Use GPU: cuda:0
>>>>>>>start training : Informer_48_16_Informer_Activity_ftM_sl48_ll16_pl16_dm512_nh8_el2_dl1_df2048_fc1_ebtimeF_dtTrue_Exp_0>>>>>>>>>>>>>>>>>>>>>>>>>>
Loaded preprocessed data: (18309, 11392)
Original neurons: 11393, current: 11392
Data range: -0.250 to 1.500
Temporal split - Total time: 18309
Train: 0 to 12816 (70.0%)
Val: 12816 to 16478 (20.0%)
Test: 16478 to 18309 (10.0%)
Current split (train): 0 to 12816
Using pre-selected top 11392 neurons from HDF5 file.
Full dataset shape: (12816, 11392)
Data statistics - Mean: 0.342, Std: 0.198
train 12753
Loaded preprocessed data: (18309, 11392)
Original neurons: 11393, current: 11392
Data range: -0.250 to 1.500
Temporal split - Total time: 18309
Train: 0 to 12816 (70.0%)
Val: 12816 to 16478 (20.0%)
Test: 16478 to 18309 (10.0%)
Current split (val): 12768 to 16478
Using pre-selected top 11392 neurons from HDF5 file.
Full dataset shape: (3710, 11392)
Data statistics - Mean: 0.349, Std: 0.200
val 3647
Loaded preprocessed data: (18309, 11392)
Original neurons: 11393, current: 11392
Data range: -0.250 to 1.500
Temporal split - Total time: 18309
Train: 0 to 12816 (70.0%)
Val: 12816 to 16478 (20.0%)
Test: 16478 to 18309 (10.0%)
Current split (test): 16430 to 18309
Using pre-selected top 11392 neurons from HDF5 file.
Full dataset shape: (1879, 11392)
Data statistics - Mean: 0.318, Std: 0.194
test 1816
Epoch: 1 cost time: 115.56283187866211
Epoch: 1, Steps: 1594 | Train Loss: 0.1326935 Vali Loss: 0.1261446 Test Loss: 0.1206754
Validation loss decreased (inf --> 0.126145).  Saving model ...
Updating learning rate to 0.0001
Epoch: 2 cost time: 99.10902333259583
Epoch: 2, Steps: 1594 | Train Loss: 0.1220504 Vali Loss: 0.1262883 Test Loss: 0.1208781
EarlyStopping counter: 1 out of 3
Updating learning rate to 5e-05
Epoch: 3 cost time: 103.98355770111084
Epoch: 3, Steps: 1594 | Train Loss: 0.1207522 Vali Loss: 0.1253127 Test Loss: 0.1196456
Validation loss decreased (0.126145 --> 0.125313).  Saving model ...
Updating learning rate to 2.5e-05
Epoch: 4 cost time: 83.4964189529419
Epoch: 4, Steps: 1594 | Train Loss: 0.1200969 Vali Loss: 0.1245741 Test Loss: 0.1199051
Validation loss decreased (0.125313 --> 0.124574).  Saving model ...
Updating learning rate to 1.25e-05
Epoch: 5 cost time: 91.57316184043884
Epoch: 5, Steps: 1594 | Train Loss: 0.1196914 Vali Loss: 0.1240605 Test Loss: 0.1190145
Validation loss decreased (0.124574 --> 0.124061).  Saving model ...
Updating learning rate to 6.25e-06
Epoch: 6 cost time: 73.91260981559753
Epoch: 6, Steps: 1594 | Train Loss: 0.1195032 Vali Loss: 0.1238954 Test Loss: 0.1189374
Validation loss decreased (0.124061 --> 0.123895).  Saving model ...
Updating learning rate to 3.125e-06
Epoch: 7 cost time: 59.816341161727905
Epoch: 7, Steps: 1594 | Train Loss: 0.1193864 Vali Loss: 0.1238599 Test Loss: 0.1189110
Validation loss decreased (0.123895 --> 0.123860).  Saving model ...
Updating learning rate to 1.5625e-06
Epoch: 8 cost time: 29.652454614639282
Epoch: 8, Steps: 1594 | Train Loss: 0.1193247 Vali Loss: 0.1237599 Test Loss: 0.1188475
Validation loss decreased (0.123860 --> 0.123760).  Saving model ...
Updating learning rate to 7.8125e-07
Epoch: 9 cost time: 29.13606333732605
Epoch: 9, Steps: 1594 | Train Loss: 0.1193171 Vali Loss: 0.1238004 Test Loss: 0.1188657
EarlyStopping counter: 1 out of 3
Updating learning rate to 3.90625e-07
Epoch: 10 cost time: 46.55089974403381
Epoch: 10, Steps: 1594 | Train Loss: 0.1192976 Vali Loss: 0.1237699 Test Loss: 0.1188437
EarlyStopping counter: 2 out of 3
Updating learning rate to 1.953125e-07
>>>>>>>testing : Informer_48_16_Informer_Activity_ftM_sl48_ll16_pl16_dm512_nh8_el2_dl1_df2048_fc1_ebtimeF_dtTrue_Exp_0<<<<<<<<<<<<<<<<<<<<<<<<<<<<<<<<<
Loaded preprocessed data: (18309, 11392)
Original neurons: 11393, current: 11392
Data range: -0.250 to 1.500
Temporal split - Total time: 18309
Train: 0 to 12816 (70.0%)
Val: 12816 to 16478 (20.0%)
Test: 16478 to 18309 (10.0%)
Current split (test): 16430 to 18309
Using pre-selected top 11392 neurons from HDF5 file.
Full dataset shape: (1879, 11392)
Data statistics - Mean: 0.318, Std: 0.194
test 1816
mse:0.027857134118676186, mae:0.11884641647338867
