Args in experiment:
Namespace(is_training=1, train_only=False, model_id='DLinear_96_32', model='DLinear', data='Activity', root_path='/cs/student/projects1/aibh/2024/gcosta/mpci_data/', data_path='session_5ea6bb9b-6163-4e8a-816b-efe7002666b0_7000.h5', features='M', target='OT', freq='h', checkpoints='./checkpoints/', seq_len=96, label_len=16, pred_len=32, individual=False, embed_type=0, enc_in=7000, dec_in=7, c_out=7000, d_model=512, n_heads=8, e_layers=2, d_layers=1, d_ff=2048, moving_avg=25, factor=1, distil=True, dropout=0.05, embed='timeF', activation='gelu', output_attention=False, do_predict=False, num_workers=5, itr=1, train_epochs=10, batch_size=8, patience=3, learning_rate=0.0001, des='Exp', experiment_name='ActivityExtraLong7000N', loss='mae', lradj='type1', use_amp=False, use_gpu=True, gpu=0, use_multi_gpu=False, devices='0,1,2,3', test_flop=False, feature_idx=69)
Use GPU: cuda:0
>>>>>>>start training : DLinear_96_32_DLinear_Activity_ftM_sl96_ll16_pl32_dm512_nh8_el2_dl1_df2048_fc1_ebtimeF_dtTrue_Exp_0>>>>>>>>>>>>>>>>>>>>>>>>>>
Loaded preprocessed data: (18309, 7000)
Original neurons: 11393, current: 7000
Data range: -0.250 to 1.500
Temporal split - Total time: 18309
Train: 0 to 12816 (70.0%)
Val: 12816 to 16478 (20.0%)
Test: 16478 to 18309 (10.0%)
Current split (train): 0 to 12816
Using pre-selected top 7000 neurons from HDF5 file.
Full dataset shape: (12816, 7000)
Data statistics - Mean: 0.345, Std: 0.198
train 12689
Loaded preprocessed data: (18309, 7000)
Original neurons: 11393, current: 7000
Data range: -0.250 to 1.500
Temporal split - Total time: 18309
Train: 0 to 12816 (70.0%)
Val: 12816 to 16478 (20.0%)
Test: 16478 to 18309 (10.0%)
Current split (val): 12720 to 16478
Using pre-selected top 7000 neurons from HDF5 file.
Full dataset shape: (3758, 7000)
Data statistics - Mean: 0.352, Std: 0.200
val 3631
Loaded preprocessed data: (18309, 7000)
Original neurons: 11393, current: 7000
Data range: -0.250 to 1.500
Temporal split - Total time: 18309
Train: 0 to 12816 (70.0%)
Val: 12816 to 16478 (20.0%)
Test: 16478 to 18309 (10.0%)
Current split (test): 16382 to 18309
Using pre-selected top 7000 neurons from HDF5 file.
Full dataset shape: (1927, 7000)
Data statistics - Mean: 0.321, Std: 0.193
test 1800
Epoch: 1 cost time: 21.321249961853027
Epoch: 1, Steps: 1586 | Train Loss: 0.1392593 Vali Loss: 0.1258280 Test Loss: 0.1198365
Validation loss decreased (inf --> 0.125828).  Saving model ...
Updating learning rate to 0.0001
Epoch: 2 cost time: 20.794944286346436
Epoch: 2, Steps: 1586 | Train Loss: 0.1225733 Vali Loss: 0.1251873 Test Loss: 0.1191460
Validation loss decreased (0.125828 --> 0.125187).  Saving model ...
Updating learning rate to 5e-05
Epoch: 3 cost time: 18.4375581741333
Epoch: 3, Steps: 1586 | Train Loss: 0.1224051 Vali Loss: 0.1251681 Test Loss: 0.1191408
Validation loss decreased (0.125187 --> 0.125168).  Saving model ...
Updating learning rate to 2.5e-05
Epoch: 4 cost time: 18.19519567489624
Epoch: 4, Steps: 1586 | Train Loss: 0.1223996 Vali Loss: 0.1251691 Test Loss: 0.1191196
EarlyStopping counter: 1 out of 3
Updating learning rate to 1.25e-05
Epoch: 5 cost time: 18.146238327026367
Epoch: 5, Steps: 1586 | Train Loss: 0.1223971 Vali Loss: 0.1251614 Test Loss: 0.1191247
Validation loss decreased (0.125168 --> 0.125161).  Saving model ...
Updating learning rate to 6.25e-06
Epoch: 6 cost time: 17.949451446533203
Epoch: 6, Steps: 1586 | Train Loss: 0.1223962 Vali Loss: 0.1251734 Test Loss: 0.1191190
EarlyStopping counter: 1 out of 3
Updating learning rate to 3.125e-06
Epoch: 7 cost time: 18.322817087173462
Epoch: 7, Steps: 1586 | Train Loss: 0.1223952 Vali Loss: 0.1251557 Test Loss: 0.1191207
Validation loss decreased (0.125161 --> 0.125156).  Saving model ...
Updating learning rate to 1.5625e-06
Epoch: 8 cost time: 18.134790420532227
Epoch: 8, Steps: 1586 | Train Loss: 0.1223953 Vali Loss: 0.1251632 Test Loss: 0.1191227
EarlyStopping counter: 1 out of 3
Updating learning rate to 7.8125e-07
Epoch: 9 cost time: 18.23413062095642
Epoch: 9, Steps: 1586 | Train Loss: 0.1223949 Vali Loss: 0.1251685 Test Loss: 0.1191241
EarlyStopping counter: 2 out of 3
Updating learning rate to 3.90625e-07
Epoch: 10 cost time: 17.874004364013672
Epoch: 10, Steps: 1586 | Train Loss: 0.1223934 Vali Loss: 0.1251680 Test Loss: 0.1191235
EarlyStopping counter: 3 out of 3
Early stopping
>>>>>>>testing : DLinear_96_32_DLinear_Activity_ftM_sl96_ll16_pl32_dm512_nh8_el2_dl1_df2048_fc1_ebtimeF_dtTrue_Exp_0<<<<<<<<<<<<<<<<<<<<<<<<<<<<<<<<<
Loaded preprocessed data: (18309, 7000)
Original neurons: 11393, current: 7000
Data range: -0.250 to 1.500
Temporal split - Total time: 18309
Train: 0 to 12816 (70.0%)
Val: 12816 to 16478 (20.0%)
Test: 16478 to 18309 (10.0%)
Current split (test): 16382 to 18309
Using pre-selected top 7000 neurons from HDF5 file.
Full dataset shape: (1927, 7000)
Data statistics - Mean: 0.321, Std: 0.193
test 1800
mse:0.027002831920981407, mae:0.11912033706903458
