Args in experiment:
Namespace(is_training=1, train_only=False, model_id='Informer_96_32', model='Informer', data='Activity', root_path='/cs/student/projects1/aibh/2024/gcosta/mpci_data/', data_path='session_5ea6bb9b-6163-4e8a-816b-efe7002666b0_7000.h5', features='M', target='OT', freq='m', checkpoints='./checkpoints/', seq_len=96, label_len=16, pred_len=32, individual=False, embed_type=0, enc_in=7000, dec_in=7000, c_out=7000, d_model=512, n_heads=8, e_layers=2, d_layers=1, d_ff=2048, moving_avg=25, factor=1, distil=True, dropout=0.05, embed='timeF', activation='gelu', output_attention=False, do_predict=False, num_workers=10, itr=1, train_epochs=10, batch_size=8, patience=3, learning_rate=0.0001, des='Exp', experiment_name='ActivityExtraLong7000N', loss='mae', lradj='type1', use_amp=False, use_gpu=True, gpu=0, use_multi_gpu=False, devices='0,1,2,3', test_flop=False, feature_idx=69)
Use GPU: cuda:0
>>>>>>>start training : Informer_96_32_Informer_Activity_ftM_sl96_ll16_pl32_dm512_nh8_el2_dl1_df2048_fc1_ebtimeF_dtTrue_Exp_0>>>>>>>>>>>>>>>>>>>>>>>>>>
Loaded preprocessed data: (18309, 7000)
Original neurons: 11393, current: 7000
Data range: -0.250 to 1.500
Temporal split - Total time: 18309
Train: 0 to 12816 (70.0%)
Val: 12816 to 16478 (20.0%)
Test: 16478 to 18309 (10.0%)
Current split (train): 0 to 12816
Using pre-selected top 7000 neurons from HDF5 file.
Full dataset shape: (12816, 7000)
Data statistics - Mean: 0.345, Std: 0.198
train 12689
Loaded preprocessed data: (18309, 7000)
Original neurons: 11393, current: 7000
Data range: -0.250 to 1.500
Temporal split - Total time: 18309
Train: 0 to 12816 (70.0%)
Val: 12816 to 16478 (20.0%)
Test: 16478 to 18309 (10.0%)
Current split (val): 12720 to 16478
Using pre-selected top 7000 neurons from HDF5 file.
Full dataset shape: (3758, 7000)
Data statistics - Mean: 0.352, Std: 0.200
val 3631
Loaded preprocessed data: (18309, 7000)
Original neurons: 11393, current: 7000
Data range: -0.250 to 1.500
Temporal split - Total time: 18309
Train: 0 to 12816 (70.0%)
Val: 12816 to 16478 (20.0%)
Test: 16478 to 18309 (10.0%)
Current split (test): 16382 to 18309
Using pre-selected top 7000 neurons from HDF5 file.
Full dataset shape: (1927, 7000)
Data statistics - Mean: 0.321, Std: 0.193
test 1800
Epoch: 1 cost time: 73.2777829170227
Epoch: 1, Steps: 1586 | Train Loss: 0.1320110 Vali Loss: 0.1257939 Test Loss: 0.1200296
Validation loss decreased (inf --> 0.125794).  Saving model ...
Updating learning rate to 0.0001
Epoch: 2 cost time: 75.17005372047424
Epoch: 2, Steps: 1586 | Train Loss: 0.1219243 Vali Loss: 0.1255886 Test Loss: 0.1198753
Validation loss decreased (0.125794 --> 0.125589).  Saving model ...
Updating learning rate to 5e-05
Epoch: 3 cost time: 72.50534439086914
Epoch: 3, Steps: 1586 | Train Loss: 0.1205843 Vali Loss: 0.1251455 Test Loss: 0.1200633
Validation loss decreased (0.125589 --> 0.125146).  Saving model ...
Updating learning rate to 2.5e-05
Epoch: 4 cost time: 53.714600563049316
Epoch: 4, Steps: 1586 | Train Loss: 0.1198536 Vali Loss: 0.1251584 Test Loss: 0.1197386
EarlyStopping counter: 1 out of 3
Updating learning rate to 1.25e-05
Epoch: 5 cost time: 52.837411642074585
Epoch: 5, Steps: 1586 | Train Loss: 0.1194514 Vali Loss: 0.1249230 Test Loss: 0.1197325
Validation loss decreased (0.125146 --> 0.124923).  Saving model ...
Updating learning rate to 6.25e-06
Epoch: 6 cost time: 52.80498123168945
Epoch: 6, Steps: 1586 | Train Loss: 0.1192284 Vali Loss: 0.1249050 Test Loss: 0.1196046
Validation loss decreased (0.124923 --> 0.124905).  Saving model ...
Updating learning rate to 3.125e-06
Epoch: 7 cost time: 54.13185906410217
Epoch: 7, Steps: 1586 | Train Loss: 0.1191137 Vali Loss: 0.1249026 Test Loss: 0.1194766
Validation loss decreased (0.124905 --> 0.124903).  Saving model ...
Updating learning rate to 1.5625e-06
Epoch: 8 cost time: 53.84972810745239
Epoch: 8, Steps: 1586 | Train Loss: 0.1190621 Vali Loss: 0.1248850 Test Loss: 0.1194768
Validation loss decreased (0.124903 --> 0.124885).  Saving model ...
Updating learning rate to 7.8125e-07
Epoch: 9 cost time: 52.67133092880249
Epoch: 9, Steps: 1586 | Train Loss: 0.1190405 Vali Loss: 0.1248919 Test Loss: 0.1194906
EarlyStopping counter: 1 out of 3
Updating learning rate to 3.90625e-07
Epoch: 10 cost time: 52.54204082489014
Epoch: 10, Steps: 1586 | Train Loss: 0.1190230 Vali Loss: 0.1248394 Test Loss: 0.1194834
Validation loss decreased (0.124885 --> 0.124839).  Saving model ...
Updating learning rate to 1.953125e-07
>>>>>>>testing : Informer_96_32_Informer_Activity_ftM_sl96_ll16_pl32_dm512_nh8_el2_dl1_df2048_fc1_ebtimeF_dtTrue_Exp_0<<<<<<<<<<<<<<<<<<<<<<<<<<<<<<<<<
Loaded preprocessed data: (18309, 7000)
Original neurons: 11393, current: 7000
Data range: -0.250 to 1.500
Temporal split - Total time: 18309
Train: 0 to 12816 (70.0%)
Val: 12816 to 16478 (20.0%)
Test: 16478 to 18309 (10.0%)
Current split (test): 16382 to 18309
Using pre-selected top 7000 neurons from HDF5 file.
Full dataset shape: (1927, 7000)
Data statistics - Mean: 0.321, Std: 0.193
test 1800
mse:0.027990330010652542, mae:0.11948399990797043
