Args in experiment:
Namespace(is_training=1, train_only=False, model_id='TSMixer_96_32', model='TSMixer', data='Activity', root_path='/cs/student/projects1/aibh/2024/gcosta/mpci_data/', data_path='session_5ea6bb9b-6163-4e8a-816b-efe7002666b0_7000.h5', features='M', target='OT', freq='h', checkpoints='./checkpoints/', seq_len=96, label_len=16, pred_len=32, individual=False, embed_type=0, enc_in=7000, dec_in=7, c_out=7000, d_model=512, n_heads=8, e_layers=2, d_layers=1, d_ff=2048, moving_avg=25, factor=1, distil=True, dropout=0.05, embed='timeF', activation='gelu', output_attention=False, do_predict=False, num_workers=5, itr=1, train_epochs=10, batch_size=8, patience=3, learning_rate=0.0001, des='Exp', experiment_name='ActivityExtraLong7000N', loss='mae', lradj='type1', use_amp=False, use_gpu=True, gpu=0, use_multi_gpu=False, devices='0,1,2,3', test_flop=False, feature_idx=69)
Use GPU: cuda:0
>>>>>>>start training : TSMixer_96_32_TSMixer_Activity_ftM_sl96_ll16_pl32_dm512_nh8_el2_dl1_df2048_fc1_ebtimeF_dtTrue_Exp_0>>>>>>>>>>>>>>>>>>>>>>>>>>
Loaded preprocessed data: (18309, 7000)
Original neurons: 11393, current: 7000
Data range: -0.250 to 1.500
Temporal split - Total time: 18309
Train: 0 to 12816 (70.0%)
Val: 12816 to 16478 (20.0%)
Test: 16478 to 18309 (10.0%)
Current split (train): 0 to 12816
Using pre-selected top 7000 neurons from HDF5 file.
Full dataset shape: (12816, 7000)
Data statistics - Mean: 0.345, Std: 0.198
train 12689
Loaded preprocessed data: (18309, 7000)
Original neurons: 11393, current: 7000
Data range: -0.250 to 1.500
Temporal split - Total time: 18309
Train: 0 to 12816 (70.0%)
Val: 12816 to 16478 (20.0%)
Test: 16478 to 18309 (10.0%)
Current split (val): 12720 to 16478
Using pre-selected top 7000 neurons from HDF5 file.
Full dataset shape: (3758, 7000)
Data statistics - Mean: 0.352, Std: 0.200
val 3631
Loaded preprocessed data: (18309, 7000)
Original neurons: 11393, current: 7000
Data range: -0.250 to 1.500
Temporal split - Total time: 18309
Train: 0 to 12816 (70.0%)
Val: 12816 to 16478 (20.0%)
Test: 16478 to 18309 (10.0%)
Current split (test): 16382 to 18309
Using pre-selected top 7000 neurons from HDF5 file.
Full dataset shape: (1927, 7000)
Data statistics - Mean: 0.321, Std: 0.193
test 1800
Epoch: 1 cost time: 70.51933908462524
Epoch: 1, Steps: 1586 | Train Loss: 0.1247981 Vali Loss: 0.1235259 Test Loss: 0.1175239
Validation loss decreased (inf --> 0.123526).  Saving model ...
Updating learning rate to 0.0001
Epoch: 2 cost time: 58.275272846221924
Epoch: 2, Steps: 1586 | Train Loss: 0.1190245 Vali Loss: 0.1234407 Test Loss: 0.1175333
Validation loss decreased (0.123526 --> 0.123441).  Saving model ...
Updating learning rate to 5e-05
Epoch: 3 cost time: 52.329466581344604
Epoch: 3, Steps: 1586 | Train Loss: 0.1165758 Vali Loss: 0.1239549 Test Loss: 0.1180598
EarlyStopping counter: 1 out of 3
Updating learning rate to 2.5e-05
Epoch: 4 cost time: 51.93964076042175
Epoch: 4, Steps: 1586 | Train Loss: 0.1153922 Vali Loss: 0.1242526 Test Loss: 0.1183676
EarlyStopping counter: 2 out of 3
Updating learning rate to 1.25e-05
Epoch: 5 cost time: 52.053404808044434
Epoch: 5, Steps: 1586 | Train Loss: 0.1148520 Vali Loss: 0.1244195 Test Loss: 0.1185173
EarlyStopping counter: 3 out of 3
Early stopping
>>>>>>>testing : TSMixer_96_32_TSMixer_Activity_ftM_sl96_ll16_pl32_dm512_nh8_el2_dl1_df2048_fc1_ebtimeF_dtTrue_Exp_0<<<<<<<<<<<<<<<<<<<<<<<<<<<<<<<<<
Loaded preprocessed data: (18309, 7000)
Original neurons: 11393, current: 7000
Data range: -0.250 to 1.500
Temporal split - Total time: 18309
Train: 0 to 12816 (70.0%)
Val: 12816 to 16478 (20.0%)
Test: 16478 to 18309 (10.0%)
Current split (test): 16382 to 18309
Using pre-selected top 7000 neurons from HDF5 file.
Full dataset shape: (1927, 7000)
Data statistics - Mean: 0.321, Std: 0.193
test 1800
mse:0.02670934610068798, mae:0.11753381043672562
