Args in experiment:
Namespace(is_training=1, train_only=False, model_id='DLinear_16_8', model='DLinear', data='Activity', root_path='/cs/student/projects1/aibh/2024/gcosta/mpci_data/', data_path='session_5ea6bb9b-6163-4e8a-816b-efe7002666b0_70.h5', features='M', target='OT', freq='h', checkpoints='./checkpoints/', seq_len=16, label_len=8, pred_len=8, individual=False, embed_type=0, enc_in=70, dec_in=7, c_out=70, d_model=512, n_heads=8, e_layers=2, d_layers=1, d_ff=2048, moving_avg=25, factor=1, distil=True, dropout=0.05, embed='timeF', activation='gelu', output_attention=False, do_predict=False, num_workers=5, itr=1, train_epochs=10, batch_size=8, patience=3, learning_rate=0.0001, des='Exp', experiment_name='ActivityShort70N', loss='mae', lradj='type1', use_amp=False, use_gpu=True, gpu=0, use_multi_gpu=False, devices='0,1,2,3', test_flop=False)
Use GPU: cuda:0
>>>>>>>start training : DLinear_16_8_DLinear_Activity_ftM_sl16_ll8_pl8_dm512_nh8_el2_dl1_df2048_fc1_ebtimeF_dtTrue_Exp_0>>>>>>>>>>>>>>>>>>>>>>>>>>
Loaded preprocessed data: (18309, 70)
Original neurons: 11393, current: 70
Data range: -0.100 to 1.500
Temporal split - Total time: 18309
Train: 0 to 12816 (70.0%)
Val: 12816 to 16478 (20.0%)
Test: 16478 to 18309 (10.0%)
Current split (train): 0 to 12816
Using pre-selected top 70 neurons from HDF5 file.
Full dataset shape: (12816, 70)
Data statistics - Mean: 0.153, Std: 0.177
train 12793
Loaded preprocessed data: (18309, 70)
Original neurons: 11393, current: 70
Data range: -0.100 to 1.500
Temporal split - Total time: 18309
Train: 0 to 12816 (70.0%)
Val: 12816 to 16478 (20.0%)
Test: 16478 to 18309 (10.0%)
Current split (val): 12800 to 16478
Using pre-selected top 70 neurons from HDF5 file.
Full dataset shape: (3678, 70)
Data statistics - Mean: 0.167, Std: 0.196
val 3655
Loaded preprocessed data: (18309, 70)
Original neurons: 11393, current: 70
Data range: -0.100 to 1.500
Temporal split - Total time: 18309
Train: 0 to 12816 (70.0%)
Val: 12816 to 16478 (20.0%)
Test: 16478 to 18309 (10.0%)
Current split (test): 16462 to 18309
Using pre-selected top 70 neurons from HDF5 file.
Full dataset shape: (1847, 70)
Data statistics - Mean: 0.159, Std: 0.204
test 1824
Epoch: 1 cost time: 4.437982559204102
Epoch: 1, Steps: 1599 | Train Loss: 0.1113314 Vali Loss: 0.0711742 Test Loss: 0.0704330
Validation loss decreased (inf --> 0.071174).  Saving model ...
Updating learning rate to 0.0001
Epoch: 2 cost time: 4.565971374511719
Epoch: 2, Steps: 1599 | Train Loss: 0.0592095 Vali Loss: 0.0616220 Test Loss: 0.0601844
Validation loss decreased (0.071174 --> 0.061622).  Saving model ...
Updating learning rate to 5e-05
Epoch: 3 cost time: 4.688133239746094
Epoch: 3, Steps: 1599 | Train Loss: 0.0563495 Vali Loss: 0.0610485 Test Loss: 0.0595621
Validation loss decreased (0.061622 --> 0.061049).  Saving model ...
Updating learning rate to 2.5e-05
Epoch: 4 cost time: 5.495288848876953
Epoch: 4, Steps: 1599 | Train Loss: 0.0560631 Vali Loss: 0.0608750 Test Loss: 0.0594137
Validation loss decreased (0.061049 --> 0.060875).  Saving model ...
Updating learning rate to 1.25e-05
Epoch: 5 cost time: 6.070168972015381
Epoch: 5, Steps: 1599 | Train Loss: 0.0559797 Vali Loss: 0.0608390 Test Loss: 0.0593538
Validation loss decreased (0.060875 --> 0.060839).  Saving model ...
Updating learning rate to 6.25e-06
Epoch: 6 cost time: 5.32692551612854
Epoch: 6, Steps: 1599 | Train Loss: 0.0559476 Vali Loss: 0.0607939 Test Loss: 0.0593322
Validation loss decreased (0.060839 --> 0.060794).  Saving model ...
Updating learning rate to 3.125e-06
Epoch: 7 cost time: 5.818883657455444
Epoch: 7, Steps: 1599 | Train Loss: 0.0559344 Vali Loss: 0.0608080 Test Loss: 0.0593240
EarlyStopping counter: 1 out of 3
Updating learning rate to 1.5625e-06
Epoch: 8 cost time: 5.314316511154175
Epoch: 8, Steps: 1599 | Train Loss: 0.0559258 Vali Loss: 0.0607948 Test Loss: 0.0593170
EarlyStopping counter: 2 out of 3
Updating learning rate to 7.8125e-07
Epoch: 9 cost time: 6.216931581497192
Epoch: 9, Steps: 1599 | Train Loss: 0.0559241 Vali Loss: 0.0608047 Test Loss: 0.0593140
EarlyStopping counter: 3 out of 3
Early stopping
>>>>>>>testing : DLinear_16_8_DLinear_Activity_ftM_sl16_ll8_pl8_dm512_nh8_el2_dl1_df2048_fc1_ebtimeF_dtTrue_Exp_0<<<<<<<<<<<<<<<<<<<<<<<<<<<<<<<<<
Loaded preprocessed data: (18309, 70)
Original neurons: 11393, current: 70
Data range: -0.100 to 1.500
Temporal split - Total time: 18309
Train: 0 to 12816 (70.0%)
Val: 12816 to 16478 (20.0%)
Test: 16478 to 18309 (10.0%)
Current split (test): 16462 to 18309
Using pre-selected top 70 neurons from HDF5 file.
Full dataset shape: (1847, 70)
Data statistics - Mean: 0.159, Std: 0.204
test 1824
mse:0.013131544925272465, mae:0.059332165867090225
