Args in experiment:
Namespace(is_training=1, train_only=False, model_id='Informer_16_8', model='Informer', data='Activity', root_path='/cs/student/projects1/aibh/2024/gcosta/mpci_data/', data_path='session_5ea6bb9b-6163-4e8a-816b-efe7002666b0_70.h5', features='M', target='OT', freq='m', checkpoints='./checkpoints/', seq_len=16, label_len=8, pred_len=8, individual=False, embed_type=0, enc_in=70, dec_in=70, c_out=70, d_model=512, n_heads=8, e_layers=2, d_layers=1, d_ff=2048, moving_avg=25, factor=1, distil=True, dropout=0.05, embed='timeF', activation='gelu', output_attention=False, do_predict=False, num_workers=10, itr=1, train_epochs=10, batch_size=8, patience=3, learning_rate=0.0001, des='Exp', experiment_name='ActivityShort70N', loss='mae', lradj='type1', use_amp=False, use_gpu=True, gpu=0, use_multi_gpu=False, devices='0,1,2,3', test_flop=False)
Use GPU: cuda:0
>>>>>>>start training : Informer_16_8_Informer_Activity_ftM_sl16_ll8_pl8_dm512_nh8_el2_dl1_df2048_fc1_ebtimeF_dtTrue_Exp_0>>>>>>>>>>>>>>>>>>>>>>>>>>
Loaded preprocessed data: (18309, 70)
Original neurons: 11393, current: 70
Data range: -0.100 to 1.500
Temporal split - Total time: 18309
Train: 0 to 12816 (70.0%)
Val: 12816 to 16478 (20.0%)
Test: 16478 to 18309 (10.0%)
Current split (train): 0 to 12816
Using pre-selected top 70 neurons from HDF5 file.
Full dataset shape: (12816, 70)
Data statistics - Mean: 0.153, Std: 0.177
train 12793
Loaded preprocessed data: (18309, 70)
Original neurons: 11393, current: 70
Data range: -0.100 to 1.500
Temporal split - Total time: 18309
Train: 0 to 12816 (70.0%)
Val: 12816 to 16478 (20.0%)
Test: 16478 to 18309 (10.0%)
Current split (val): 12800 to 16478
Using pre-selected top 70 neurons from HDF5 file.
Full dataset shape: (3678, 70)
Data statistics - Mean: 0.167, Std: 0.196
val 3655
Loaded preprocessed data: (18309, 70)
Original neurons: 11393, current: 70
Data range: -0.100 to 1.500
Temporal split - Total time: 18309
Train: 0 to 12816 (70.0%)
Val: 12816 to 16478 (20.0%)
Test: 16478 to 18309 (10.0%)
Current split (test): 16462 to 18309
Using pre-selected top 70 neurons from HDF5 file.
Full dataset shape: (1847, 70)
Data statistics - Mean: 0.159, Std: 0.204
test 1824
Epoch: 1 cost time: 58.577319860458374
Epoch: 1, Steps: 1599 | Train Loss: 0.0955703 Vali Loss: 0.0828970 Test Loss: 0.0864981
Validation loss decreased (inf --> 0.082897).  Saving model ...
Updating learning rate to 0.0001
Epoch: 2 cost time: 49.41699576377869
Epoch: 2, Steps: 1599 | Train Loss: 0.0685751 Vali Loss: 0.0766936 Test Loss: 0.0805316
Validation loss decreased (0.082897 --> 0.076694).  Saving model ...
Updating learning rate to 5e-05
Epoch: 3 cost time: 49.680036783218384
Epoch: 3, Steps: 1599 | Train Loss: 0.0618483 Vali Loss: 0.0729815 Test Loss: 0.0763884
Validation loss decreased (0.076694 --> 0.072981).  Saving model ...
Updating learning rate to 2.5e-05
Epoch: 4 cost time: 49.80251741409302
Epoch: 4, Steps: 1599 | Train Loss: 0.0588415 Vali Loss: 0.0718333 Test Loss: 0.0755278
Validation loss decreased (0.072981 --> 0.071833).  Saving model ...
Updating learning rate to 1.25e-05
Epoch: 5 cost time: 49.796135663986206
Epoch: 5, Steps: 1599 | Train Loss: 0.0572763 Vali Loss: 0.0711084 Test Loss: 0.0746679
Validation loss decreased (0.071833 --> 0.071108).  Saving model ...
Updating learning rate to 6.25e-06
Epoch: 6 cost time: 49.806053161621094
Epoch: 6, Steps: 1599 | Train Loss: 0.0564519 Vali Loss: 0.0709426 Test Loss: 0.0744442
Validation loss decreased (0.071108 --> 0.070943).  Saving model ...
Updating learning rate to 3.125e-06
Epoch: 7 cost time: 49.79621505737305
Epoch: 7, Steps: 1599 | Train Loss: 0.0560508 Vali Loss: 0.0709320 Test Loss: 0.0744965
Validation loss decreased (0.070943 --> 0.070932).  Saving model ...
Updating learning rate to 1.5625e-06
Epoch: 8 cost time: 40.2085747718811
Epoch: 8, Steps: 1599 | Train Loss: 0.0558316 Vali Loss: 0.0709639 Test Loss: 0.0745628
EarlyStopping counter: 1 out of 3
Updating learning rate to 7.8125e-07
Epoch: 9 cost time: 41.77304816246033
Epoch: 9, Steps: 1599 | Train Loss: 0.0557144 Vali Loss: 0.0708197 Test Loss: 0.0745101
Validation loss decreased (0.070932 --> 0.070820).  Saving model ...
Updating learning rate to 3.90625e-07
Epoch: 10 cost time: 42.56843566894531
Epoch: 10, Steps: 1599 | Train Loss: 0.0556718 Vali Loss: 0.0708083 Test Loss: 0.0743735
Validation loss decreased (0.070820 --> 0.070808).  Saving model ...
Updating learning rate to 1.953125e-07
>>>>>>>testing : Informer_16_8_Informer_Activity_ftM_sl16_ll8_pl8_dm512_nh8_el2_dl1_df2048_fc1_ebtimeF_dtTrue_Exp_0<<<<<<<<<<<<<<<<<<<<<<<<<<<<<<<<<
Loaded preprocessed data: (18309, 70)
Original neurons: 11393, current: 70
Data range: -0.100 to 1.500
Temporal split - Total time: 18309
Train: 0 to 12816 (70.0%)
Val: 12816 to 16478 (20.0%)
Test: 16478 to 18309 (10.0%)
Current split (test): 16462 to 18309
Using pre-selected top 70 neurons from HDF5 file.
Full dataset shape: (1847, 70)
Data statistics - Mean: 0.159, Std: 0.204
test 1824
mse:0.02095801942050457, mae:0.07438016682863235
