Args in experiment:
Namespace(is_training=1, train_only=False, model_id='Transformer_16_8', model='Transformer', data='Activity', root_path='/cs/student/projects1/aibh/2024/gcosta/mpci_data/', data_path='session_5ea6bb9b-6163-4e8a-816b-efe7002666b0_70.h5', features='M', target='OT', freq='m', checkpoints='./checkpoints/', seq_len=16, label_len=8, pred_len=8, individual=False, embed_type=0, enc_in=70, dec_in=70, c_out=70, d_model=512, n_heads=8, e_layers=2, d_layers=1, d_ff=2048, moving_avg=25, factor=1, distil=True, dropout=0.05, embed='timeF', activation='gelu', output_attention=False, do_predict=False, num_workers=10, itr=1, train_epochs=10, batch_size=8, patience=3, learning_rate=0.0001, des='Exp', experiment_name='ActivityShort70N', loss='mae', lradj='type1', use_amp=False, use_gpu=True, gpu=0, use_multi_gpu=False, devices='0,1,2,3', test_flop=False)
Use GPU: cuda:0
>>>>>>>start training : Transformer_16_8_Transformer_Activity_ftM_sl16_ll8_pl8_dm512_nh8_el2_dl1_df2048_fc1_ebtimeF_dtTrue_Exp_0>>>>>>>>>>>>>>>>>>>>>>>>>>
Loaded preprocessed data: (18309, 70)
Original neurons: 11393, current: 70
Data range: -0.100 to 1.500
Temporal split - Total time: 18309
Train: 0 to 12816 (70.0%)
Val: 12816 to 16478 (20.0%)
Test: 16478 to 18309 (10.0%)
Current split (train): 0 to 12816
Using pre-selected top 70 neurons from HDF5 file.
Full dataset shape: (12816, 70)
Data statistics - Mean: 0.153, Std: 0.177
train 12793
Loaded preprocessed data: (18309, 70)
Original neurons: 11393, current: 70
Data range: -0.100 to 1.500
Temporal split - Total time: 18309
Train: 0 to 12816 (70.0%)
Val: 12816 to 16478 (20.0%)
Test: 16478 to 18309 (10.0%)
Current split (val): 12800 to 16478
Using pre-selected top 70 neurons from HDF5 file.
Full dataset shape: (3678, 70)
Data statistics - Mean: 0.167, Std: 0.196
val 3655
Loaded preprocessed data: (18309, 70)
Original neurons: 11393, current: 70
Data range: -0.100 to 1.500
Temporal split - Total time: 18309
Train: 0 to 12816 (70.0%)
Val: 12816 to 16478 (20.0%)
Test: 16478 to 18309 (10.0%)
Current split (test): 16462 to 18309
Using pre-selected top 70 neurons from HDF5 file.
Full dataset shape: (1847, 70)
Data statistics - Mean: 0.159, Std: 0.204
test 1824
Epoch: 1 cost time: 27.91289758682251
Epoch: 1, Steps: 1599 | Train Loss: 0.0868387 Vali Loss: 0.0711401 Test Loss: 0.0743185
Validation loss decreased (inf --> 0.071140).  Saving model ...
Updating learning rate to 0.0001
Epoch: 2 cost time: 42.50571012496948
Epoch: 2, Steps: 1599 | Train Loss: 0.0638223 Vali Loss: 0.0685505 Test Loss: 0.0707092
Validation loss decreased (0.071140 --> 0.068551).  Saving model ...
Updating learning rate to 5e-05
Epoch: 3 cost time: 41.25747632980347
Epoch: 3, Steps: 1599 | Train Loss: 0.0582234 Vali Loss: 0.0672627 Test Loss: 0.0700449
Validation loss decreased (0.068551 --> 0.067263).  Saving model ...
Updating learning rate to 2.5e-05
Epoch: 4 cost time: 41.952627658843994
Epoch: 4, Steps: 1599 | Train Loss: 0.0556845 Vali Loss: 0.0661707 Test Loss: 0.0687371
Validation loss decreased (0.067263 --> 0.066171).  Saving model ...
Updating learning rate to 1.25e-05
Epoch: 5 cost time: 41.86259174346924
Epoch: 5, Steps: 1599 | Train Loss: 0.0543712 Vali Loss: 0.0657296 Test Loss: 0.0683877
Validation loss decreased (0.066171 --> 0.065730).  Saving model ...
Updating learning rate to 6.25e-06
Epoch: 6 cost time: 42.43597054481506
Epoch: 6, Steps: 1599 | Train Loss: 0.0536771 Vali Loss: 0.0657657 Test Loss: 0.0682966
EarlyStopping counter: 1 out of 3
Updating learning rate to 3.125e-06
Epoch: 7 cost time: 37.99479579925537
Epoch: 7, Steps: 1599 | Train Loss: 0.0533270 Vali Loss: 0.0657236 Test Loss: 0.0682581
Validation loss decreased (0.065730 --> 0.065724).  Saving model ...
Updating learning rate to 1.5625e-06
Epoch: 8 cost time: 26.304357290267944
Epoch: 8, Steps: 1599 | Train Loss: 0.0531438 Vali Loss: 0.0657363 Test Loss: 0.0683707
EarlyStopping counter: 1 out of 3
Updating learning rate to 7.8125e-07
Epoch: 9 cost time: 26.8233642578125
Epoch: 9, Steps: 1599 | Train Loss: 0.0530469 Vali Loss: 0.0657236 Test Loss: 0.0683148
EarlyStopping counter: 2 out of 3
Updating learning rate to 3.90625e-07
Epoch: 10 cost time: 27.18987226486206
Epoch: 10, Steps: 1599 | Train Loss: 0.0529803 Vali Loss: 0.0657408 Test Loss: 0.0683282
EarlyStopping counter: 3 out of 3
Early stopping
>>>>>>>testing : Transformer_16_8_Transformer_Activity_ftM_sl16_ll8_pl8_dm512_nh8_el2_dl1_df2048_fc1_ebtimeF_dtTrue_Exp_0<<<<<<<<<<<<<<<<<<<<<<<<<<<<<<<<<
Loaded preprocessed data: (18309, 70)
Original neurons: 11393, current: 70
Data range: -0.100 to 1.500
Temporal split - Total time: 18309
Train: 0 to 12816 (70.0%)
Val: 12816 to 16478 (20.0%)
Test: 16478 to 18309 (10.0%)
Current split (test): 16462 to 18309
Using pre-selected top 70 neurons from HDF5 file.
Full dataset shape: (1847, 70)
Data statistics - Mean: 0.159, Std: 0.204
test 1824
mse:0.016505355015397072, mae:0.0682581290602684
