Args in experiment:
Namespace(is_training=1, train_only=False, model_id='Informer_48_16', model='Informer', data='Activity', root_path='/cs/student/projects1/aibh/2024/gcosta/mpci_data/', data_path='session_5ea6bb9b-6163-4e8a-816b-efe7002666b0_7000.h5', features='M', target='OT', freq='m', checkpoints='./checkpoints/', seq_len=48, label_len=16, pred_len=16, individual=False, embed_type=0, enc_in=7000, dec_in=7000, c_out=7000, d_model=512, n_heads=8, e_layers=2, d_layers=1, d_ff=2048, moving_avg=25, factor=1, distil=True, dropout=0.05, embed='timeF', activation='gelu', output_attention=False, do_predict=False, num_workers=10, itr=1, train_epochs=10, batch_size=8, patience=3, learning_rate=0.0001, des='Exp', experiment_name='ActivityLong7000N_MSE', loss='mse', lradj='type1', use_amp=False, use_gpu=True, gpu=0, use_multi_gpu=False, devices='0,1,2,3', test_flop=False)
Use GPU: cuda:0
>>>>>>>start training : Informer_48_16_Informer_Activity_ftM_sl48_ll16_pl16_dm512_nh8_el2_dl1_df2048_fc1_ebtimeF_dtTrue_Exp_0>>>>>>>>>>>>>>>>>>>>>>>>>>
Loaded preprocessed data: (18309, 7000)
Original neurons: 11393, current: 7000
Data range: -0.250 to 1.500
Temporal split - Total time: 18309
Train: 0 to 12816 (70.0%)
Val: 12816 to 16478 (20.0%)
Test: 16478 to 18309 (10.0%)
Current split (train): 0 to 12816
Using pre-selected top 7000 neurons from HDF5 file.
Full dataset shape: (12816, 7000)
Data statistics - Mean: 0.345, Std: 0.198
train 12753
Loaded preprocessed data: (18309, 7000)
Original neurons: 11393, current: 7000
Data range: -0.250 to 1.500
Temporal split - Total time: 18309
Train: 0 to 12816 (70.0%)
Val: 12816 to 16478 (20.0%)
Test: 16478 to 18309 (10.0%)
Current split (val): 12768 to 16478
Using pre-selected top 7000 neurons from HDF5 file.
Full dataset shape: (3710, 7000)
Data statistics - Mean: 0.352, Std: 0.200
val 3647
Loaded preprocessed data: (18309, 7000)
Original neurons: 11393, current: 7000
Data range: -0.250 to 1.500
Temporal split - Total time: 18309
Train: 0 to 12816 (70.0%)
Val: 12816 to 16478 (20.0%)
Test: 16478 to 18309 (10.0%)
Current split (test): 16430 to 18309
Using pre-selected top 7000 neurons from HDF5 file.
Full dataset shape: (1879, 7000)
Data statistics - Mean: 0.321, Std: 0.193
test 1816
Epoch: 1 cost time: 62.99152636528015
Epoch: 1, Steps: 1594 | Train Loss: 0.0348113 Vali Loss: 0.0304480 Test Loss: 0.0285554
Validation loss decreased (inf --> 0.030448).  Saving model ...
Updating learning rate to 0.0001
Epoch: 2 cost time: 58.02000689506531
Epoch: 2, Steps: 1594 | Train Loss: 0.0282399 Vali Loss: 0.0300941 Test Loss: 0.0281772
Validation loss decreased (0.030448 --> 0.030094).  Saving model ...
Updating learning rate to 5e-05
Epoch: 3 cost time: 58.430790185928345
Epoch: 3, Steps: 1594 | Train Loss: 0.0273849 Vali Loss: 0.0299607 Test Loss: 0.0282946
Validation loss decreased (0.030094 --> 0.029961).  Saving model ...
Updating learning rate to 2.5e-05
Epoch: 4 cost time: 52.75043487548828
Epoch: 4, Steps: 1594 | Train Loss: 0.0269844 Vali Loss: 0.0297245 Test Loss: 0.0279688
Validation loss decreased (0.029961 --> 0.029725).  Saving model ...
Updating learning rate to 1.25e-05
Epoch: 5 cost time: 40.2985463142395
Epoch: 5, Steps: 1594 | Train Loss: 0.0267706 Vali Loss: 0.0298349 Test Loss: 0.0279795
EarlyStopping counter: 1 out of 3
Updating learning rate to 6.25e-06
Epoch: 6 cost time: 40.081337690353394
Epoch: 6, Steps: 1594 | Train Loss: 0.0266615 Vali Loss: 0.0295471 Test Loss: 0.0277734
Validation loss decreased (0.029725 --> 0.029547).  Saving model ...
Updating learning rate to 3.125e-06
Epoch: 7 cost time: 39.948485136032104
Epoch: 7, Steps: 1594 | Train Loss: 0.0266026 Vali Loss: 0.0295213 Test Loss: 0.0277517
Validation loss decreased (0.029547 --> 0.029521).  Saving model ...
Updating learning rate to 1.5625e-06
Epoch: 8 cost time: 40.56713795661926
Epoch: 8, Steps: 1594 | Train Loss: 0.0265711 Vali Loss: 0.0295163 Test Loss: 0.0277475
Validation loss decreased (0.029521 --> 0.029516).  Saving model ...
Updating learning rate to 7.8125e-07
Epoch: 9 cost time: 39.17413067817688
Epoch: 9, Steps: 1594 | Train Loss: 0.0265582 Vali Loss: 0.0294899 Test Loss: 0.0277312
Validation loss decreased (0.029516 --> 0.029490).  Saving model ...
Updating learning rate to 3.90625e-07
Epoch: 10 cost time: 39.28464460372925
Epoch: 10, Steps: 1594 | Train Loss: 0.0265501 Vali Loss: 0.0294928 Test Loss: 0.0277419
EarlyStopping counter: 1 out of 3
Updating learning rate to 1.953125e-07
>>>>>>>testing : Informer_48_16_Informer_Activity_ftM_sl48_ll16_pl16_dm512_nh8_el2_dl1_df2048_fc1_ebtimeF_dtTrue_Exp_0<<<<<<<<<<<<<<<<<<<<<<<<<<<<<<<<<
Loaded preprocessed data: (18309, 7000)
Original neurons: 11393, current: 7000
Data range: -0.250 to 1.500
Temporal split - Total time: 18309
Train: 0 to 12816 (70.0%)
Val: 12816 to 16478 (20.0%)
Test: 16478 to 18309 (10.0%)
Current split (test): 16430 to 18309
Using pre-selected top 7000 neurons from HDF5 file.
Full dataset shape: (1879, 7000)
Data statistics - Mean: 0.321, Std: 0.193
test 1816
mse:0.02773137390613556, mae:0.12120871245861053
