Args in experiment:
Namespace(is_training=1, train_only=False, model_id='Informer_48_16', model='Informer', data='Activity', root_path='/cs/student/projects1/aibh/2024/gcosta/mpci_data/', data_path='session_5ea6bb9b-6163-4e8a-816b-efe7002666b0_70.h5', features='M', target='OT', freq='m', checkpoints='./checkpoints/', seq_len=48, label_len=16, pred_len=16, individual=False, embed_type=0, enc_in=70, dec_in=70, c_out=70, d_model=512, n_heads=8, e_layers=2, d_layers=1, d_ff=2048, moving_avg=25, factor=1, distil=True, dropout=0.05, embed='timeF', activation='gelu', output_attention=False, do_predict=False, num_workers=10, itr=1, train_epochs=10, batch_size=8, patience=3, learning_rate=0.0001, des='Exp', experiment_name='ActivityLong70N_MSE', loss='mse', lradj='type1', use_amp=False, use_gpu=True, gpu=0, use_multi_gpu=False, devices='0,1,2,3', test_flop=False)
Use GPU: cuda:0
>>>>>>>start training : Informer_48_16_Informer_Activity_ftM_sl48_ll16_pl16_dm512_nh8_el2_dl1_df2048_fc1_ebtimeF_dtTrue_Exp_0>>>>>>>>>>>>>>>>>>>>>>>>>>
Loaded preprocessed data: (18309, 70)
Original neurons: 11393, current: 70
Data range: -0.100 to 1.500
Temporal split - Total time: 18309
Train: 0 to 12816 (70.0%)
Val: 12816 to 16478 (20.0%)
Test: 16478 to 18309 (10.0%)
Current split (train): 0 to 12816
Using pre-selected top 70 neurons from HDF5 file.
Full dataset shape: (12816, 70)
Data statistics - Mean: 0.153, Std: 0.177
train 12753
Loaded preprocessed data: (18309, 70)
Original neurons: 11393, current: 70
Data range: -0.100 to 1.500
Temporal split - Total time: 18309
Train: 0 to 12816 (70.0%)
Val: 12816 to 16478 (20.0%)
Test: 16478 to 18309 (10.0%)
Current split (val): 12768 to 16478
Using pre-selected top 70 neurons from HDF5 file.
Full dataset shape: (3710, 70)
Data statistics - Mean: 0.167, Std: 0.195
val 3647
Loaded preprocessed data: (18309, 70)
Original neurons: 11393, current: 70
Data range: -0.100 to 1.500
Temporal split - Total time: 18309
Train: 0 to 12816 (70.0%)
Val: 12816 to 16478 (20.0%)
Test: 16478 to 18309 (10.0%)
Current split (test): 16430 to 18309
Using pre-selected top 70 neurons from HDF5 file.
Full dataset shape: (1879, 70)
Data statistics - Mean: 0.159, Std: 0.204
test 1816
Epoch: 1 cost time: 74.6191291809082
Epoch: 1, Steps: 1594 | Train Loss: 0.0258798 Vali Loss: 0.0260783 Test Loss: 0.0298977
Validation loss decreased (inf --> 0.026078).  Saving model ...
Updating learning rate to 0.0001
Epoch: 2 cost time: 52.06142973899841
Epoch: 2, Steps: 1594 | Train Loss: 0.0160629 Vali Loss: 0.0259740 Test Loss: 0.0308511
Validation loss decreased (0.026078 --> 0.025974).  Saving model ...
Updating learning rate to 5e-05
Epoch: 3 cost time: 51.31230902671814
Epoch: 3, Steps: 1594 | Train Loss: 0.0128087 Vali Loss: 0.0269482 Test Loss: 0.0311260
EarlyStopping counter: 1 out of 3
Updating learning rate to 2.5e-05
Epoch: 4 cost time: 51.13456153869629
Epoch: 4, Steps: 1594 | Train Loss: 0.0112453 Vali Loss: 0.0276305 Test Loss: 0.0325736
EarlyStopping counter: 2 out of 3
Updating learning rate to 1.25e-05
Epoch: 5 cost time: 45.325692653656006
Epoch: 5, Steps: 1594 | Train Loss: 0.0104649 Vali Loss: 0.0277251 Test Loss: 0.0325396
EarlyStopping counter: 3 out of 3
Early stopping
>>>>>>>testing : Informer_48_16_Informer_Activity_ftM_sl48_ll16_pl16_dm512_nh8_el2_dl1_df2048_fc1_ebtimeF_dtTrue_Exp_0<<<<<<<<<<<<<<<<<<<<<<<<<<<<<<<<<
Loaded preprocessed data: (18309, 70)
Original neurons: 11393, current: 70
Data range: -0.100 to 1.500
Temporal split - Total time: 18309
Train: 0 to 12816 (70.0%)
Val: 12816 to 16478 (20.0%)
Test: 16478 to 18309 (10.0%)
Current split (test): 16430 to 18309
Using pre-selected top 70 neurons from HDF5 file.
Full dataset shape: (1879, 70)
Data statistics - Mean: 0.159, Std: 0.204
test 1816
mse:0.030836010351777077, mae:0.10829663276672363
