Args in experiment:
Namespace(is_training=1, train_only=False, model_id='Linear_48_16', model='Linear', data='Activity', root_path='/cs/student/projects1/aibh/2024/gcosta/mpci_data/', data_path='session_5ea6bb9b-6163-4e8a-816b-efe7002666b0_70.h5', features='M', target='OT', freq='h', checkpoints='./checkpoints/', seq_len=48, label_len=16, pred_len=16, individual=False, embed_type=0, enc_in=70, dec_in=7, c_out=70, d_model=512, n_heads=8, e_layers=2, d_layers=1, d_ff=2048, moving_avg=25, factor=1, distil=True, dropout=0.05, embed='timeF', activation='gelu', output_attention=False, do_predict=False, num_workers=5, itr=1, train_epochs=10, batch_size=8, patience=3, learning_rate=0.0001, des='Exp', experiment_name='ActivityLong70N_MSE', loss='mse', lradj='type1', use_amp=False, use_gpu=True, gpu=0, use_multi_gpu=False, devices='0,1,2,3', test_flop=False)
Use GPU: cuda:0
>>>>>>>start training : Linear_48_16_Linear_Activity_ftM_sl48_ll16_pl16_dm512_nh8_el2_dl1_df2048_fc1_ebtimeF_dtTrue_Exp_0>>>>>>>>>>>>>>>>>>>>>>>>>>
Loaded preprocessed data: (18309, 70)
Original neurons: 11393, current: 70
Data range: -0.100 to 1.500
Temporal split - Total time: 18309
Train: 0 to 12816 (70.0%)
Val: 12816 to 16478 (20.0%)
Test: 16478 to 18309 (10.0%)
Current split (train): 0 to 12816
Using pre-selected top 70 neurons from HDF5 file.
Full dataset shape: (12816, 70)
Data statistics - Mean: 0.153, Std: 0.177
train 12753
Loaded preprocessed data: (18309, 70)
Original neurons: 11393, current: 70
Data range: -0.100 to 1.500
Temporal split - Total time: 18309
Train: 0 to 12816 (70.0%)
Val: 12816 to 16478 (20.0%)
Test: 16478 to 18309 (10.0%)
Current split (val): 12768 to 16478
Using pre-selected top 70 neurons from HDF5 file.
Full dataset shape: (3710, 70)
Data statistics - Mean: 0.167, Std: 0.195
val 3647
Loaded preprocessed data: (18309, 70)
Original neurons: 11393, current: 70
Data range: -0.100 to 1.500
Temporal split - Total time: 18309
Train: 0 to 12816 (70.0%)
Val: 12816 to 16478 (20.0%)
Test: 16478 to 18309 (10.0%)
Current split (test): 16430 to 18309
Using pre-selected top 70 neurons from HDF5 file.
Full dataset shape: (1879, 70)
Data statistics - Mean: 0.159, Std: 0.204
test 1816
Epoch: 1 cost time: 3.4120140075683594
Epoch: 1, Steps: 1594 | Train Loss: 0.0255794 Vali Loss: 0.0235595 Test Loss: 0.0237026
Validation loss decreased (inf --> 0.023560).  Saving model ...
Updating learning rate to 0.0001
Epoch: 2 cost time: 3.7485978603363037
Epoch: 2, Steps: 1594 | Train Loss: 0.0181877 Vali Loss: 0.0207944 Test Loss: 0.0208604
Validation loss decreased (0.023560 --> 0.020794).  Saving model ...
Updating learning rate to 5e-05
Epoch: 3 cost time: 3.89261794090271
Epoch: 3, Steps: 1594 | Train Loss: 0.0170445 Vali Loss: 0.0201598 Test Loss: 0.0202172
Validation loss decreased (0.020794 --> 0.020160).  Saving model ...
Updating learning rate to 2.5e-05
Epoch: 4 cost time: 3.8104498386383057
Epoch: 4, Steps: 1594 | Train Loss: 0.0167055 Vali Loss: 0.0199200 Test Loss: 0.0199792
Validation loss decreased (0.020160 --> 0.019920).  Saving model ...
Updating learning rate to 1.25e-05
Epoch: 5 cost time: 4.262833595275879
Epoch: 5, Steps: 1594 | Train Loss: 0.0165583 Vali Loss: 0.0198061 Test Loss: 0.0198665
Validation loss decreased (0.019920 --> 0.019806).  Saving model ...
Updating learning rate to 6.25e-06
Epoch: 6 cost time: 3.8763489723205566
Epoch: 6, Steps: 1594 | Train Loss: 0.0164884 Vali Loss: 0.0197538 Test Loss: 0.0198055
Validation loss decreased (0.019806 --> 0.019754).  Saving model ...
Updating learning rate to 3.125e-06
Epoch: 7 cost time: 4.824418067932129
Epoch: 7, Steps: 1594 | Train Loss: 0.0164558 Vali Loss: 0.0197280 Test Loss: 0.0197772
Validation loss decreased (0.019754 --> 0.019728).  Saving model ...
Updating learning rate to 1.5625e-06
Epoch: 8 cost time: 5.144686460494995
Epoch: 8, Steps: 1594 | Train Loss: 0.0164402 Vali Loss: 0.0197150 Test Loss: 0.0197638
Validation loss decreased (0.019728 --> 0.019715).  Saving model ...
Updating learning rate to 7.8125e-07
Epoch: 9 cost time: 6.602973699569702
Epoch: 9, Steps: 1594 | Train Loss: 0.0164313 Vali Loss: 0.0197024 Test Loss: 0.0197563
Validation loss decreased (0.019715 --> 0.019702).  Saving model ...
Updating learning rate to 3.90625e-07
Epoch: 10 cost time: 5.383277416229248
Epoch: 10, Steps: 1594 | Train Loss: 0.0164281 Vali Loss: 0.0197088 Test Loss: 0.0197531
EarlyStopping counter: 1 out of 3
Updating learning rate to 1.953125e-07
>>>>>>>testing : Linear_48_16_Linear_Activity_ftM_sl48_ll16_pl16_dm512_nh8_el2_dl1_df2048_fc1_ebtimeF_dtTrue_Exp_0<<<<<<<<<<<<<<<<<<<<<<<<<<<<<<<<<
Loaded preprocessed data: (18309, 70)
Original neurons: 11393, current: 70
Data range: -0.100 to 1.500
Temporal split - Total time: 18309
Train: 0 to 12816 (70.0%)
Val: 12816 to 16478 (20.0%)
Test: 16478 to 18309 (10.0%)
Current split (test): 16430 to 18309
Using pre-selected top 70 neurons from HDF5 file.
Full dataset shape: (1879, 70)
Data statistics - Mean: 0.159, Std: 0.204
test 1816
mse:0.019756263121962547, mae:0.08195152878761292
