Args in experiment:
Namespace(is_training=1, train_only=False, model_id='Transformer_48_16', model='Transformer', data='Activity', root_path='/cs/student/projects1/aibh/2024/gcosta/mpci_data/', data_path='session_5ea6bb9b-6163-4e8a-816b-efe7002666b0_70.h5', features='M', target='OT', freq='m', checkpoints='./checkpoints/', seq_len=48, label_len=16, pred_len=16, individual=False, embed_type=0, enc_in=70, dec_in=70, c_out=70, d_model=512, n_heads=8, e_layers=2, d_layers=1, d_ff=2048, moving_avg=25, factor=1, distil=True, dropout=0.05, embed='timeF', activation='gelu', output_attention=False, do_predict=False, num_workers=10, itr=1, train_epochs=10, batch_size=8, patience=3, learning_rate=0.0001, des='Exp', experiment_name='ActivityLong70N_MSE', loss='mse', lradj='type1', use_amp=False, use_gpu=True, gpu=0, use_multi_gpu=False, devices='0,1,2,3', test_flop=False)
Use GPU: cuda:0
>>>>>>>start training : Transformer_48_16_Transformer_Activity_ftM_sl48_ll16_pl16_dm512_nh8_el2_dl1_df2048_fc1_ebtimeF_dtTrue_Exp_0>>>>>>>>>>>>>>>>>>>>>>>>>>
Loaded preprocessed data: (18309, 70)
Original neurons: 11393, current: 70
Data range: -0.100 to 1.500
Temporal split - Total time: 18309
Train: 0 to 12816 (70.0%)
Val: 12816 to 16478 (20.0%)
Test: 16478 to 18309 (10.0%)
Current split (train): 0 to 12816
Using pre-selected top 70 neurons from HDF5 file.
Full dataset shape: (12816, 70)
Data statistics - Mean: 0.153, Std: 0.177
train 12753
Loaded preprocessed data: (18309, 70)
Original neurons: 11393, current: 70
Data range: -0.100 to 1.500
Temporal split - Total time: 18309
Train: 0 to 12816 (70.0%)
Val: 12816 to 16478 (20.0%)
Test: 16478 to 18309 (10.0%)
Current split (val): 12768 to 16478
Using pre-selected top 70 neurons from HDF5 file.
Full dataset shape: (3710, 70)
Data statistics - Mean: 0.167, Std: 0.195
val 3647
Loaded preprocessed data: (18309, 70)
Original neurons: 11393, current: 70
Data range: -0.100 to 1.500
Temporal split - Total time: 18309
Train: 0 to 12816 (70.0%)
Val: 12816 to 16478 (20.0%)
Test: 16478 to 18309 (10.0%)
Current split (test): 16430 to 18309
Using pre-selected top 70 neurons from HDF5 file.
Full dataset shape: (1879, 70)
Data statistics - Mean: 0.159, Std: 0.204
test 1816
Epoch: 1 cost time: 28.326237678527832
Epoch: 1, Steps: 1594 | Train Loss: 0.0238161 Vali Loss: 0.0225662 Test Loss: 0.0255610
Validation loss decreased (inf --> 0.022566).  Saving model ...
Updating learning rate to 0.0001
Epoch: 2 cost time: 44.509602546691895
Epoch: 2, Steps: 1594 | Train Loss: 0.0150707 Vali Loss: 0.0230906 Test Loss: 0.0256785
EarlyStopping counter: 1 out of 3
Updating learning rate to 5e-05
Epoch: 3 cost time: 42.14719486236572
Epoch: 3, Steps: 1594 | Train Loss: 0.0117120 Vali Loss: 0.0243212 Test Loss: 0.0268376
EarlyStopping counter: 2 out of 3
Updating learning rate to 2.5e-05
Epoch: 4 cost time: 44.75562381744385
Epoch: 4, Steps: 1594 | Train Loss: 0.0099237 Vali Loss: 0.0259751 Test Loss: 0.0296782
EarlyStopping counter: 3 out of 3
Early stopping
>>>>>>>testing : Transformer_48_16_Transformer_Activity_ftM_sl48_ll16_pl16_dm512_nh8_el2_dl1_df2048_fc1_ebtimeF_dtTrue_Exp_0<<<<<<<<<<<<<<<<<<<<<<<<<<<<<<<<<
Loaded preprocessed data: (18309, 70)
Original neurons: 11393, current: 70
Data range: -0.100 to 1.500
Temporal split - Total time: 18309
Train: 0 to 12816 (70.0%)
Val: 12816 to 16478 (20.0%)
Test: 16478 to 18309 (10.0%)
Current split (test): 16430 to 18309
Using pre-selected top 70 neurons from HDF5 file.
Full dataset shape: (1879, 70)
Data statistics - Mean: 0.159, Std: 0.204
test 1816
mse:0.025561029091477394, mae:0.10011542588472366
