Args in experiment:
Namespace(is_training=1, train_only=False, model_id='TSMixer_48_16', model='TSMixer', data='Activity', root_path='/cs/student/projects1/aibh/2024/gcosta/mpci_data/', data_path='session_5ea6bb9b-6163-4e8a-816b-efe7002666b0_70.h5', features='M', target='OT', freq='h', checkpoints='./checkpoints/', seq_len=48, label_len=16, pred_len=16, individual=False, embed_type=0, enc_in=70, dec_in=7, c_out=70, d_model=512, n_heads=8, e_layers=2, d_layers=1, d_ff=2048, moving_avg=25, factor=1, distil=True, dropout=0.05, embed='timeF', activation='gelu', output_attention=False, do_predict=False, num_workers=5, itr=1, train_epochs=10, batch_size=8, patience=3, learning_rate=0.0001, des='Exp', experiment_name='ActivityLong70N_MSE', loss='mse', lradj='type1', use_amp=False, use_gpu=True, gpu=0, use_multi_gpu=False, devices='0,1,2,3', test_flop=False)
Use GPU: cuda:0
>>>>>>>start training : TSMixer_48_16_TSMixer_Activity_ftM_sl48_ll16_pl16_dm512_nh8_el2_dl1_df2048_fc1_ebtimeF_dtTrue_Exp_0>>>>>>>>>>>>>>>>>>>>>>>>>>
Loaded preprocessed data: (18309, 70)
Original neurons: 11393, current: 70
Data range: -0.100 to 1.500
Temporal split - Total time: 18309
Train: 0 to 12816 (70.0%)
Val: 12816 to 16478 (20.0%)
Test: 16478 to 18309 (10.0%)
Current split (train): 0 to 12816
Using pre-selected top 70 neurons from HDF5 file.
Full dataset shape: (12816, 70)
Data statistics - Mean: 0.153, Std: 0.177
train 12753
Loaded preprocessed data: (18309, 70)
Original neurons: 11393, current: 70
Data range: -0.100 to 1.500
Temporal split - Total time: 18309
Train: 0 to 12816 (70.0%)
Val: 12816 to 16478 (20.0%)
Test: 16478 to 18309 (10.0%)
Current split (val): 12768 to 16478
Using pre-selected top 70 neurons from HDF5 file.
Full dataset shape: (3710, 70)
Data statistics - Mean: 0.167, Std: 0.195
val 3647
Loaded preprocessed data: (18309, 70)
Original neurons: 11393, current: 70
Data range: -0.100 to 1.500
Temporal split - Total time: 18309
Train: 0 to 12816 (70.0%)
Val: 12816 to 16478 (20.0%)
Test: 16478 to 18309 (10.0%)
Current split (test): 16430 to 18309
Using pre-selected top 70 neurons from HDF5 file.
Full dataset shape: (1879, 70)
Data statistics - Mean: 0.159, Std: 0.204
test 1816
Epoch: 1 cost time: 29.227047204971313
Epoch: 1, Steps: 1594 | Train Loss: 0.0183449 Vali Loss: 0.0195926 Test Loss: 0.0198257
Validation loss decreased (inf --> 0.019593).  Saving model ...
Updating learning rate to 0.0001
Epoch: 2 cost time: 25.317386150360107
Epoch: 2, Steps: 1594 | Train Loss: 0.0154683 Vali Loss: 0.0192481 Test Loss: 0.0196871
Validation loss decreased (0.019593 --> 0.019248).  Saving model ...
Updating learning rate to 5e-05
Epoch: 3 cost time: 26.80029821395874
Epoch: 3, Steps: 1594 | Train Loss: 0.0149904 Vali Loss: 0.0192002 Test Loss: 0.0197172
Validation loss decreased (0.019248 --> 0.019200).  Saving model ...
Updating learning rate to 2.5e-05
Epoch: 4 cost time: 26.151369333267212
Epoch: 4, Steps: 1594 | Train Loss: 0.0147787 Vali Loss: 0.0192025 Test Loss: 0.0197658
EarlyStopping counter: 1 out of 3
Updating learning rate to 1.25e-05
Epoch: 5 cost time: 25.24446678161621
Epoch: 5, Steps: 1594 | Train Loss: 0.0146518 Vali Loss: 0.0192037 Test Loss: 0.0198004
EarlyStopping counter: 2 out of 3
Updating learning rate to 6.25e-06
Epoch: 6 cost time: 24.208943128585815
Epoch: 6, Steps: 1594 | Train Loss: 0.0145958 Vali Loss: 0.0192135 Test Loss: 0.0198160
EarlyStopping counter: 3 out of 3
Early stopping
>>>>>>>testing : TSMixer_48_16_TSMixer_Activity_ftM_sl48_ll16_pl16_dm512_nh8_el2_dl1_df2048_fc1_ebtimeF_dtTrue_Exp_0<<<<<<<<<<<<<<<<<<<<<<<<<<<<<<<<<
Loaded preprocessed data: (18309, 70)
Original neurons: 11393, current: 70
Data range: -0.100 to 1.500
Temporal split - Total time: 18309
Train: 0 to 12816 (70.0%)
Val: 12816 to 16478 (20.0%)
Test: 16478 to 18309 (10.0%)
Current split (test): 16430 to 18309
Using pre-selected top 70 neurons from HDF5 file.
Full dataset shape: (1879, 70)
Data statistics - Mean: 0.159, Std: 0.204
test 1816
mse:0.019717147573828697, mae:0.07751153409481049
