Args in experiment:
Namespace(is_training=1, train_only=False, model_id='Informer_96_32', model='Informer', data='Activity', root_path='/cs/student/projects1/aibh/2024/gcosta/mpci_data/', data_path='session_5ea6bb9b-6163-4e8a-816b-efe7002666b0_700.h5', features='M', target='OT', freq='m', checkpoints='./checkpoints/', seq_len=96, label_len=16, pred_len=32, individual=False, embed_type=0, enc_in=700, dec_in=700, c_out=700, d_model=512, n_heads=8, e_layers=2, d_layers=1, d_ff=2048, moving_avg=25, factor=1, distil=True, dropout=0.05, embed='timeF', activation='gelu', output_attention=False, do_predict=False, num_workers=10, itr=1, train_epochs=10, batch_size=8, patience=3, learning_rate=0.0001, des='Exp', experiment_name='ActivityExtraLong700N', loss='mae', lradj='type1', use_amp=False, use_gpu=True, gpu=0, use_multi_gpu=False, devices='0,1,2,3', test_flop=False, feature_idx=69)
Use GPU: cuda:0
>>>>>>>start training : Informer_96_32_Informer_Activity_ftM_sl96_ll16_pl32_dm512_nh8_el2_dl1_df2048_fc1_ebtimeF_dtTrue_Exp_0>>>>>>>>>>>>>>>>>>>>>>>>>>
Loaded preprocessed data: (18309, 700)
Original neurons: 11393, current: 700
Data range: -0.250 to 1.500
Temporal split - Total time: 18309
Train: 0 to 12816 (70.0%)
Val: 12816 to 16478 (20.0%)
Test: 16478 to 18309 (10.0%)
Current split (train): 0 to 12816
Using pre-selected top 700 neurons from HDF5 file.
Full dataset shape: (12816, 700)
Data statistics - Mean: 0.251, Std: 0.184
train 12689
Loaded preprocessed data: (18309, 700)
Original neurons: 11393, current: 700
Data range: -0.250 to 1.500
Temporal split - Total time: 18309
Train: 0 to 12816 (70.0%)
Val: 12816 to 16478 (20.0%)
Test: 16478 to 18309 (10.0%)
Current split (val): 12720 to 16478
Using pre-selected top 700 neurons from HDF5 file.
Full dataset shape: (3758, 700)
Data statistics - Mean: 0.260, Std: 0.190
val 3631
Loaded preprocessed data: (18309, 700)
Original neurons: 11393, current: 700
Data range: -0.250 to 1.500
Temporal split - Total time: 18309
Train: 0 to 12816 (70.0%)
Val: 12816 to 16478 (20.0%)
Test: 16478 to 18309 (10.0%)
Current split (test): 16382 to 18309
Using pre-selected top 700 neurons from HDF5 file.
Full dataset shape: (1927, 700)
Data statistics - Mean: 0.237, Std: 0.188
test 1800
Epoch: 1 cost time: 70.61855912208557
Epoch: 1, Steps: 1586 | Train Loss: 0.1113569 Vali Loss: 0.1072816 Test Loss: 0.1056738
Validation loss decreased (inf --> 0.107282).  Saving model ...
Updating learning rate to 0.0001
Epoch: 2 cost time: 59.825554609298706
Epoch: 2, Steps: 1586 | Train Loss: 0.0968138 Vali Loss: 0.1089520 Test Loss: 0.1078151
EarlyStopping counter: 1 out of 3
Updating learning rate to 5e-05
Epoch: 3 cost time: 62.652339220047
Epoch: 3, Steps: 1586 | Train Loss: 0.0941757 Vali Loss: 0.1091792 Test Loss: 0.1079889
EarlyStopping counter: 2 out of 3
Updating learning rate to 2.5e-05
Epoch: 4 cost time: 64.68634152412415
Epoch: 4, Steps: 1586 | Train Loss: 0.0929967 Vali Loss: 0.1094629 Test Loss: 0.1082001
EarlyStopping counter: 3 out of 3
Early stopping
>>>>>>>testing : Informer_96_32_Informer_Activity_ftM_sl96_ll16_pl32_dm512_nh8_el2_dl1_df2048_fc1_ebtimeF_dtTrue_Exp_0<<<<<<<<<<<<<<<<<<<<<<<<<<<<<<<<<
Loaded preprocessed data: (18309, 700)
Original neurons: 11393, current: 700
Data range: -0.250 to 1.500
Temporal split - Total time: 18309
Train: 0 to 12816 (70.0%)
Val: 12816 to 16478 (20.0%)
Test: 16478 to 18309 (10.0%)
Current split (test): 16382 to 18309
Using pre-selected top 700 neurons from HDF5 file.
Full dataset shape: (1927, 700)
Data statistics - Mean: 0.237, Std: 0.188
test 1800
mse:0.028714118525385857, mae:0.10567475110292435
