Args in experiment:
Namespace(is_training=1, model_id='DLinear_32_8', model='DLinear', data='ActivityOrdered', root_path='./dataset/', data_path='session_0.h5', features='M', target='OT', freq='h', checkpoints='./checkpoints/', seq_len=32, label_len=48, pred_len=8, individual=False, embed_type=0, enc_in=5000, dec_in=7, c_out=7, d_model=512, n_heads=8, e_layers=2, d_layers=1, d_ff=2048, moving_avg=25, factor=1, distil=True, dropout=0.05, embed='timeF', activation='gelu', output_attention=False, do_predict=False, num_workers=5, itr=1, train_epochs=10, batch_size=8, patience=3, learning_rate=0.01, des='Exp', loss='mae', lradj='type1', use_amp=False, use_gpu=True, gpu=0, use_multi_gpu=False, devices='0,1,2,3', test_flop=False)
Use GPU: cuda:0
>>>>>>>start training : DLinear_32_8_DLinear_ActivityOrdered_ftM_sl32_ll48_pl8_dm512_nh8_el2_dl1_df2048_fc1_ebtimeF_dtTrue_Exp_0>>>>>>>>>>>>>>>>>>>>>>>>>>
Brain data loaded: (19081, 6903)
Original neurons: 7673, Processed neurons: 6903
Data range: 0.000 to 1.000
Temporal split - Total time: 19081
Train: 0 to 16218 (85.0%)
Val: 16218 to 18126 (10.0%)
Test: 18126 to 19081 (5.0%)
Current split (train): 0 to 16218
Selected top 5000 neurons out of 6903 total
Selected neuron std range: 0.105 to 0.267
Final dataset shape: (16218, 5000)
Final data stats - Mean: 0.350, Std: 0.150
Sequences available: 16179
train 16179
Brain data loaded: (19081, 6903)
Original neurons: 7673, Processed neurons: 6903
Data range: 0.000 to 1.000
Temporal split - Total time: 19081
Train: 0 to 16218 (85.0%)
Val: 16218 to 18126 (10.0%)
Test: 18126 to 19081 (5.0%)
Current split (val): 16186 to 18126
Selected top 5000 neurons out of 6903 total
Selected neuron std range: 0.105 to 0.267
Final dataset shape: (1940, 5000)
Final data stats - Mean: 0.323, Std: 0.141
Sequences available: 1901
val 1901
Brain data loaded: (19081, 6903)
Original neurons: 7673, Processed neurons: 6903
Data range: 0.000 to 1.000
Temporal split - Total time: 19081
Train: 0 to 16218 (85.0%)
Val: 16218 to 18126 (10.0%)
Test: 18126 to 19081 (5.0%)
Current split (test): 18094 to 19081
Selected top 5000 neurons out of 6903 total
Selected neuron std range: 0.105 to 0.267
Final dataset shape: (987, 5000)
Final data stats - Mean: 0.356, Std: 0.150
Sequences available: 948
test 948
	iters: 100, epoch: 1 | loss: 0.0679043
	speed: 0.0353s/iter; left time: 709.9503s
