Args in experiment:
Namespace(is_training=1, model_id='Informer_32_8', model='Informer', data='ActivityOrdered', root_path='./dataset/', data_path='session_0.h5', features='M', target='OT', freq='m', checkpoints='./checkpoints/', seq_len=32, label_len=32, pred_len=8, individual=False, embed_type=0, enc_in=5000, dec_in=5000, c_out=5000, d_model=512, n_heads=8, e_layers=2, d_layers=1, d_ff=2048, moving_avg=25, factor=1, distil=True, dropout=0.05, embed='timeF', activation='gelu', output_attention=False, do_predict=False, num_workers=10, itr=1, train_epochs=10, batch_size=32, patience=3, learning_rate=0.01, des='Exp', loss='mae', lradj='type1', use_amp=False, use_gpu=True, gpu=0, use_multi_gpu=False, devices='0,1,2,3', test_flop=False)
Use GPU: cuda:0
>>>>>>>start training : Informer_32_8_Informer_ActivityOrdered_ftM_sl32_ll32_pl8_dm512_nh8_el2_dl1_df2048_fc1_ebtimeF_dtTrue_Exp_0>>>>>>>>>>>>>>>>>>>>>>>>>>
Brain data loaded: (19081, 6903)
Original neurons: 7673, Processed neurons: 6903
Data range: 0.000 to 1.000
Temporal split - Total time: 19081
Train: 0 to 16218 (85.0%)
Val: 16218 to 18126 (10.0%)
Test: 18126 to 19081 (5.0%)
Current split (train): 0 to 16218
Selected top 5000 neurons out of 6903 total
Selected neuron std range: 0.105 to 0.267
Final dataset shape: (16218, 5000)
Final data stats - Mean: 0.350, Std: 0.150
Sequences available: 16179
train 16179
Brain data loaded: (19081, 6903)
Original neurons: 7673, Processed neurons: 6903
Data range: 0.000 to 1.000
Temporal split - Total time: 19081
Train: 0 to 16218 (85.0%)
Val: 16218 to 18126 (10.0%)
Test: 18126 to 19081 (5.0%)
Current split (val): 16186 to 18126
Selected top 5000 neurons out of 6903 total
Selected neuron std range: 0.105 to 0.267
Final dataset shape: (1940, 5000)
Final data stats - Mean: 0.323, Std: 0.141
Sequences available: 1901
val 1901
Brain data loaded: (19081, 6903)
Original neurons: 7673, Processed neurons: 6903
Data range: 0.000 to 1.000
Temporal split - Total time: 19081
Train: 0 to 16218 (85.0%)
Val: 16218 to 18126 (10.0%)
Test: 18126 to 19081 (5.0%)
Current split (test): 18094 to 19081
Selected top 5000 neurons out of 6903 total
Selected neuron std range: 0.105 to 0.267
Final dataset shape: (987, 5000)
Final data stats - Mean: 0.356, Std: 0.150
Sequences available: 948
test 948
	iters: 100, epoch: 1 | loss: 0.1086367
	speed: 0.0653s/iter; left time: 323.2242s
	iters: 200, epoch: 1 | loss: 0.0896516
	speed: 0.0411s/iter; left time: 199.4234s
	iters: 300, epoch: 1 | loss: 0.0899535
	speed: 0.0421s/iter; left time: 199.7851s
	iters: 400, epoch: 1 | loss: 0.0852108
	speed: 0.0383s/iter; left time: 178.3433s
	iters: 500, epoch: 1 | loss: 0.0880871
	speed: 0.0403s/iter; left time: 183.4917s
Epoch: 1 cost time: 21.323358058929443
Epoch: 1, Steps: 505 | Train Loss: 0.1465656 Vali Loss: 0.0852420 Test Loss: 0.0837812
Validation loss decreased (inf --> 0.085242).  Saving model ...
Updating learning rate to 0.01
	iters: 100, epoch: 2 | loss: 0.0900670
	speed: 0.0899s/iter; left time: 399.6222s
	iters: 200, epoch: 2 | loss: 0.0865691
	speed: 0.0396s/iter; left time: 172.1267s
	iters: 300, epoch: 2 | loss: 0.0875361
	speed: 0.0384s/iter; left time: 163.0703s
	iters: 400, epoch: 2 | loss: 0.0850496
	speed: 0.0409s/iter; left time: 169.4281s
	iters: 500, epoch: 2 | loss: 0.0900695
	speed: 0.0443s/iter; left time: 179.3708s
Epoch: 2 cost time: 20.82709574699402
Epoch: 2, Steps: 505 | Train Loss: 0.0870275 Vali Loss: 0.0885007 Test Loss: 0.0845994
EarlyStopping counter: 1 out of 3
Updating learning rate to 0.005
	iters: 100, epoch: 3 | loss: 0.0858220
	speed: 0.0810s/iter; left time: 319.3854s
	iters: 200, epoch: 3 | loss: 0.0866136
	speed: 0.0430s/iter; left time: 165.1610s
	iters: 300, epoch: 3 | loss: 0.0868379
	speed: 0.0427s/iter; left time: 159.9184s
	iters: 400, epoch: 3 | loss: 0.0860405
	speed: 0.0430s/iter; left time: 156.5285s
	iters: 500, epoch: 3 | loss: 0.0891936
	speed: 0.0416s/iter; left time: 147.2359s
Epoch: 3 cost time: 21.824129343032837
Epoch: 3, Steps: 505 | Train Loss: 0.0862474 Vali Loss: 0.0861049 Test Loss: 0.0837205
EarlyStopping counter: 2 out of 3
Updating learning rate to 0.0025
	iters: 100, epoch: 4 | loss: 0.0876760
	speed: 0.0820s/iter; left time: 281.9026s
	iters: 200, epoch: 4 | loss: 0.0870044
	speed: 0.0429s/iter; left time: 143.2430s
	iters: 300, epoch: 4 | loss: 0.0879348
	speed: 0.0411s/iter; left time: 132.9222s
	iters: 400, epoch: 4 | loss: 0.0871371
	speed: 0.0419s/iter; left time: 131.4530s
	iters: 500, epoch: 4 | loss: 0.0882524
	speed: 0.0401s/iter; left time: 121.8478s
Epoch: 4 cost time: 21.53141975402832
Epoch: 4, Steps: 505 | Train Loss: 0.0860195 Vali Loss: 0.0848971 Test Loss: 0.0840559
Validation loss decreased (0.085242 --> 0.084897).  Saving model ...
Updating learning rate to 0.00125
	iters: 100, epoch: 5 | loss: 0.0868577
	speed: 0.0952s/iter; left time: 279.0167s
	iters: 200, epoch: 5 | loss: 0.0877930
	speed: 0.0440s/iter; left time: 124.5594s
	iters: 300, epoch: 5 | loss: 0.0841624
	speed: 0.0420s/iter; left time: 114.6485s
	iters: 400, epoch: 5 | loss: 0.0855357
	speed: 0.0388s/iter; left time: 102.1695s
	iters: 500, epoch: 5 | loss: 0.0840590
	speed: 0.0390s/iter; left time: 98.7207s
Epoch: 5 cost time: 21.34236788749695
Epoch: 5, Steps: 505 | Train Loss: 0.0858820 Vali Loss: 0.0825592 Test Loss: 0.0842825
Validation loss decreased (0.084897 --> 0.082559).  Saving model ...
Updating learning rate to 0.000625
	iters: 100, epoch: 6 | loss: 0.0883465
	speed: 0.0912s/iter; left time: 221.1898s
	iters: 200, epoch: 6 | loss: 0.0871296
	speed: 0.0419s/iter; left time: 97.4973s
	iters: 300, epoch: 6 | loss: 0.0852823
	speed: 0.0401s/iter; left time: 89.3450s
	iters: 400, epoch: 6 | loss: 0.0846918
	speed: 0.0423s/iter; left time: 89.8771s
	iters: 500, epoch: 6 | loss: 0.0882355
	speed: 0.0377s/iter; left time: 76.4671s
Epoch: 6 cost time: 20.726053714752197
Epoch: 6, Steps: 505 | Train Loss: 0.0857929 Vali Loss: 0.0857416 Test Loss: 0.0834498
EarlyStopping counter: 1 out of 3
Updating learning rate to 0.0003125
	iters: 100, epoch: 7 | loss: 0.0861335
	speed: 0.0802s/iter; left time: 154.0728s
	iters: 200, epoch: 7 | loss: 0.0891322
	speed: 0.0383s/iter; left time: 69.8210s
	iters: 300, epoch: 7 | loss: 0.0852327
	speed: 0.0381s/iter; left time: 65.4869s
	iters: 400, epoch: 7 | loss: 0.0830354
	speed: 0.0385s/iter; left time: 62.3778s
	iters: 500, epoch: 7 | loss: 0.0842638
	speed: 0.0379s/iter; left time: 57.6438s
Epoch: 7 cost time: 20.03826379776001
Epoch: 7, Steps: 505 | Train Loss: 0.0857414 Vali Loss: 0.0844139 Test Loss: 0.0835251
EarlyStopping counter: 2 out of 3
Updating learning rate to 0.00015625
	iters: 100, epoch: 8 | loss: 0.0833514
	speed: 0.0789s/iter; left time: 111.7666s
	iters: 200, epoch: 8 | loss: 0.0853211
	speed: 0.0399s/iter; left time: 52.4969s
	iters: 300, epoch: 8 | loss: 0.0848634
	speed: 0.0385s/iter; left time: 46.7916s
	iters: 400, epoch: 8 | loss: 0.0841260
	speed: 0.0417s/iter; left time: 46.5860s
	iters: 500, epoch: 8 | loss: 0.0846603
	speed: 0.0397s/iter; left time: 40.3422s
Epoch: 8 cost time: 20.496121406555176
Epoch: 8, Steps: 505 | Train Loss: 0.0857241 Vali Loss: 0.0840545 Test Loss: 0.0834826
EarlyStopping counter: 3 out of 3
Early stopping
>>>>>>>testing : Informer_32_8_Informer_ActivityOrdered_ftM_sl32_ll32_pl8_dm512_nh8_el2_dl1_df2048_fc1_ebtimeF_dtTrue_Exp_0<<<<<<<<<<<<<<<<<<<<<<<<<<<<<<<<<
Brain data loaded: (19081, 6903)
Original neurons: 7673, Processed neurons: 6903
Data range: 0.000 to 1.000
Temporal split - Total time: 19081
Train: 0 to 16218 (85.0%)
Val: 16218 to 18126 (10.0%)
Test: 18126 to 19081 (5.0%)
Current split (test): 18094 to 19081
Selected top 5000 neurons out of 6903 total
Selected neuron std range: 0.105 to 0.267
Final dataset shape: (987, 5000)
Final data stats - Mean: 0.356, Std: 0.150
Sequences available: 948
test 948
mse:0.014627648517489433, mae:0.08428238332271576, rse:0.8061448931694031, corr:[0.00625689 0.00621286 0.00594714 0.00655724 0.00658766 0.006609
 0.00663035 0.00680385]
